[2026-02-13T04:56:55.640+0000] {local_task_job_runner.py:120} INFO - ::group::Pre task execution logs
[2026-02-13T04:56:55.918+0000] {taskinstance.py:2076} INFO - Dependencies all met for dep_context=non-requeueable deps ti=<TaskInstance: marketing_warehouse_pipeline.ingest_crm manual__2026-02-13T04:56:51.945837+00:00 [queued]>
[2026-02-13T04:56:55.940+0000] {taskinstance.py:2076} INFO - Dependencies all met for dep_context=requeueable deps ti=<TaskInstance: marketing_warehouse_pipeline.ingest_crm manual__2026-02-13T04:56:51.945837+00:00 [queued]>
[2026-02-13T04:56:55.941+0000] {taskinstance.py:2306} INFO - Starting attempt 1 of 3
[2026-02-13T04:56:55.975+0000] {taskinstance.py:2330} INFO - Executing <Task(BashOperator): ingest_crm> on 2026-02-13 04:56:51.945837+00:00
[2026-02-13T04:56:55.989+0000] {standard_task_runner.py:90} INFO - Running: ['airflow', 'tasks', 'run', 'marketing_warehouse_pipeline', 'ingest_crm', 'manual__2026-02-13T04:56:51.945837+00:00', '--job-id', '97', '--raw', '--subdir', 'DAGS_FOLDER/marketing_warehouse_pipeline.py', '--cfg-path', '/tmp/tmpn4dshg7d']
[2026-02-13T04:56:55.996+0000] {standard_task_runner.py:91} INFO - Job 97: Subtask ingest_crm
[2026-02-13T04:56:55.998+0000] {logging_mixin.py:188} WARNING - /home/airflow/.local/lib/python3.12/site-packages/airflow/task/task_runner/standard_task_runner.py:61 DeprecationWarning: This process (pid=1890) is multi-threaded, use of fork() may lead to deadlocks in the child.
[2026-02-13T04:56:56.000+0000] {standard_task_runner.py:63} INFO - Started process 1891 to run task
[2026-02-13T04:56:56.567+0000] {task_command.py:426} INFO - Running <TaskInstance: marketing_warehouse_pipeline.ingest_crm manual__2026-02-13T04:56:51.945837+00:00 [running]> on host 7fe2c4f78d9e
[2026-02-13T04:56:57.472+0000] {taskinstance.py:2648} INFO - Exporting env vars: AIRFLOW_CTX_DAG_OWNER='data-engineering' AIRFLOW_CTX_DAG_ID='marketing_warehouse_pipeline' AIRFLOW_CTX_TASK_ID='ingest_crm' AIRFLOW_CTX_EXECUTION_DATE='2026-02-13T04:56:51.945837+00:00' AIRFLOW_CTX_TRY_NUMBER='1' AIRFLOW_CTX_DAG_RUN_ID='manual__2026-02-13T04:56:51.945837+00:00'
[2026-02-13T04:56:57.476+0000] {taskinstance.py:430} INFO - ::endgroup::
[2026-02-13T04:56:57.555+0000] {subprocess.py:63} INFO - Tmp dir root location: /tmp
[2026-02-13T04:56:57.558+0000] {subprocess.py:75} INFO - Running command: ['/usr/bin/bash', '-c', 'python /opt/airflow/ingestion/load_crm.py']
[2026-02-13T04:56:57.585+0000] {subprocess.py:86} INFO - Output:
[2026-02-13T04:57:00.577+0000] {subprocess.py:93} INFO - Structurally bad rows: 1
[2026-02-13T04:57:00.579+0000] {subprocess.py:93} INFO - Total parsed: 84
[2026-02-13T04:57:00.580+0000] {subprocess.py:93} INFO - Rejected rows: 6
[2026-02-13T04:57:00.581+0000] {subprocess.py:93} INFO - Valid rows: 78
[2026-02-13T04:57:00.583+0000] {subprocess.py:93} INFO - Upserted 78 CRM rows
[2026-02-13T04:57:00.766+0000] {subprocess.py:97} INFO - Command exited with return code 0
[2026-02-13T04:57:00.769+0000] {taskinstance.py:441} INFO - ::group::Post task execution logs
[2026-02-13T04:57:01.182+0000] {taskinstance.py:1206} INFO - Marking task as SUCCESS. dag_id=marketing_warehouse_pipeline, task_id=ingest_crm, run_id=manual__2026-02-13T04:56:51.945837+00:00, execution_date=20260213T045651, start_date=20260213T045655, end_date=20260213T045701
[2026-02-13T04:57:01.432+0000] {local_task_job_runner.py:240} INFO - Task exited with return code 0
[2026-02-13T04:57:01.615+0000] {local_task_job_runner.py:222} INFO - ::endgroup::
