[2026-02-13T04:57:02.766+0000] {local_task_job_runner.py:120} INFO - ::group::Pre task execution logs
[2026-02-13T04:57:02.959+0000] {taskinstance.py:2076} INFO - Dependencies all met for dep_context=non-requeueable deps ti=<TaskInstance: marketing_warehouse_pipeline.dbt_run manual__2026-02-13T04:56:51.945837+00:00 [queued]>
[2026-02-13T04:57:02.976+0000] {taskinstance.py:2076} INFO - Dependencies all met for dep_context=requeueable deps ti=<TaskInstance: marketing_warehouse_pipeline.dbt_run manual__2026-02-13T04:56:51.945837+00:00 [queued]>
[2026-02-13T04:57:02.977+0000] {taskinstance.py:2306} INFO - Starting attempt 1 of 3
[2026-02-13T04:57:03.004+0000] {taskinstance.py:2330} INFO - Executing <Task(BashOperator): dbt_run> on 2026-02-13 04:56:51.945837+00:00
[2026-02-13T04:57:03.015+0000] {standard_task_runner.py:90} INFO - Running: ['airflow', 'tasks', 'run', 'marketing_warehouse_pipeline', 'dbt_run', 'manual__2026-02-13T04:56:51.945837+00:00', '--job-id', '98', '--raw', '--subdir', 'DAGS_FOLDER/marketing_warehouse_pipeline.py', '--cfg-path', '/tmp/tmpb_5j6d16']
[2026-02-13T04:57:03.018+0000] {standard_task_runner.py:91} INFO - Job 98: Subtask dbt_run
[2026-02-13T04:57:03.020+0000] {logging_mixin.py:188} WARNING - /home/airflow/.local/lib/python3.12/site-packages/airflow/task/task_runner/standard_task_runner.py:61 DeprecationWarning: This process (pid=1921) is multi-threaded, use of fork() may lead to deadlocks in the child.
[2026-02-13T04:57:03.021+0000] {standard_task_runner.py:63} INFO - Started process 1922 to run task
[2026-02-13T04:57:03.478+0000] {task_command.py:426} INFO - Running <TaskInstance: marketing_warehouse_pipeline.dbt_run manual__2026-02-13T04:56:51.945837+00:00 [running]> on host 7fe2c4f78d9e
[2026-02-13T04:57:04.128+0000] {taskinstance.py:2648} INFO - Exporting env vars: AIRFLOW_CTX_DAG_OWNER='data-engineering' AIRFLOW_CTX_DAG_ID='marketing_warehouse_pipeline' AIRFLOW_CTX_TASK_ID='dbt_run' AIRFLOW_CTX_EXECUTION_DATE='2026-02-13T04:56:51.945837+00:00' AIRFLOW_CTX_TRY_NUMBER='1' AIRFLOW_CTX_DAG_RUN_ID='manual__2026-02-13T04:56:51.945837+00:00'
[2026-02-13T04:57:04.129+0000] {taskinstance.py:430} INFO - ::endgroup::
[2026-02-13T04:57:04.149+0000] {subprocess.py:63} INFO - Tmp dir root location: /tmp
[2026-02-13T04:57:04.151+0000] {subprocess.py:75} INFO - Running command: ['/usr/bin/bash', '-c', '\n    cd /opt/airflow/dbt/campaignwarehouse &&\n    dbt run --profiles-dir /opt/airflow/dbt\n    ']
[2026-02-13T04:57:04.161+0000] {subprocess.py:86} INFO - Output:
[2026-02-13T04:57:07.493+0000] {subprocess.py:93} INFO - [0m04:57:07  Running with dbt=1.11.3
[2026-02-13T04:57:08.162+0000] {subprocess.py:93} INFO - [0m04:57:08  Registered adapter: postgres=1.10.0
[2026-02-13T04:57:08.995+0000] {subprocess.py:93} INFO - [0m04:57:08  [[33mWARNING[0m]: Configuration paths exist in your dbt_project.yml file which do not apply to any resources.
[2026-02-13T04:57:08.996+0000] {subprocess.py:93} INFO - There are 1 unused configuration paths:
[2026-02-13T04:57:08.997+0000] {subprocess.py:93} INFO - - models.campaignwarehouse.example
[2026-02-13T04:57:09.435+0000] {subprocess.py:93} INFO - [0m04:57:09  Found 8 models, 15 data tests, 3 sources, 464 macros
[2026-02-13T04:57:09.442+0000] {subprocess.py:93} INFO - [0m04:57:09
[2026-02-13T04:57:09.444+0000] {subprocess.py:93} INFO - [0m04:57:09  Concurrency: 4 threads (target='dev')
[2026-02-13T04:57:09.446+0000] {subprocess.py:93} INFO - [0m04:57:09
[2026-02-13T04:57:10.092+0000] {subprocess.py:93} INFO - [0m04:57:10  1 of 8 START sql view model public.int_ads_facebook ............................ [RUN]
[2026-02-13T04:57:10.094+0000] {subprocess.py:93} INFO - [0m04:57:10  2 of 8 START sql view model public.int_ads_google .............................. [RUN]
[2026-02-13T04:57:10.096+0000] {subprocess.py:93} INFO - [0m04:57:10  3 of 8 START sql view model public.int_crm_revenue ............................. [RUN]
[2026-02-13T04:57:11.037+0000] {subprocess.py:93} INFO - [0m04:57:11  2 of 8 OK created sql view model public.int_ads_google ......................... [[32mCREATE VIEW[0m in 0.91s]
[2026-02-13T04:57:11.050+0000] {subprocess.py:93} INFO - [0m04:57:11  1 of 8 OK created sql view model public.int_ads_facebook ....................... [[32mCREATE VIEW[0m in 0.94s]
[2026-02-13T04:57:11.054+0000] {subprocess.py:93} INFO - [0m04:57:11  3 of 8 OK created sql view model public.int_crm_revenue ........................ [[32mCREATE VIEW[0m in 0.94s]
[2026-02-13T04:57:11.076+0000] {subprocess.py:93} INFO - [0m04:57:11  4 of 8 START sql table model public.dim_campaign ............................... [RUN]
[2026-02-13T04:57:11.078+0000] {subprocess.py:93} INFO - [0m04:57:11  5 of 8 START sql table model public.fct_campaign_performance ................... [RUN]
[2026-02-13T04:57:11.080+0000] {subprocess.py:93} INFO - [0m04:57:11  6 of 8 START sql table model public.dim_channel ................................ [RUN]
[2026-02-13T04:57:11.084+0000] {subprocess.py:93} INFO - [0m04:57:11  7 of 8 START sql table model public.dim_date ................................... [RUN]
[2026-02-13T04:57:12.026+0000] {subprocess.py:93} INFO - [0m04:57:12  7 of 8 OK created sql table model public.dim_date .............................. [[32mSELECT 15[0m in 0.91s]
[2026-02-13T04:57:12.042+0000] {subprocess.py:93} INFO - [0m04:57:12  6 of 8 OK created sql table model public.dim_channel ........................... [[32mSELECT 2[0m in 0.94s]
[2026-02-13T04:57:12.046+0000] {subprocess.py:93} INFO - [0m04:57:12  5 of 8 OK created sql table model public.fct_campaign_performance .............. [[32mSELECT 84[0m in 0.94s]
[2026-02-13T04:57:12.048+0000] {subprocess.py:93} INFO - [0m04:57:12  4 of 8 OK created sql table model public.dim_campaign .......................... [[32mSELECT 6[0m in 0.95s]
[2026-02-13T04:57:12.062+0000] {subprocess.py:93} INFO - [0m04:57:12  8 of 8 START sql table model public.fct_revenue_attribution .................... [RUN]
[2026-02-13T04:57:12.365+0000] {subprocess.py:93} INFO - [0m04:57:12  8 of 8 OK created sql table model public.fct_revenue_attribution ............... [[32mSELECT 70[0m in 0.29s]
[2026-02-13T04:57:12.535+0000] {subprocess.py:93} INFO - [0m04:57:12
[2026-02-13T04:57:12.537+0000] {subprocess.py:93} INFO - [0m04:57:12  Finished running 5 table models, 3 view models in 0 hours 0 minutes and 3.09 seconds (3.09s).
[2026-02-13T04:57:12.707+0000] {subprocess.py:93} INFO - [0m04:57:12
[2026-02-13T04:57:12.709+0000] {subprocess.py:93} INFO - [0m04:57:12  [32mCompleted successfully[0m
[2026-02-13T04:57:12.711+0000] {subprocess.py:93} INFO - [0m04:57:12
[2026-02-13T04:57:12.714+0000] {subprocess.py:93} INFO - [0m04:57:12  Done. PASS=8 WARN=0 ERROR=0 SKIP=0 NO-OP=0 TOTAL=8
[2026-02-13T04:57:13.491+0000] {subprocess.py:97} INFO - Command exited with return code 0
[2026-02-13T04:57:13.492+0000] {taskinstance.py:441} INFO - ::group::Post task execution logs
[2026-02-13T04:57:13.807+0000] {taskinstance.py:1206} INFO - Marking task as SUCCESS. dag_id=marketing_warehouse_pipeline, task_id=dbt_run, run_id=manual__2026-02-13T04:56:51.945837+00:00, execution_date=20260213T045651, start_date=20260213T045702, end_date=20260213T045713
[2026-02-13T04:57:13.854+0000] {local_task_job_runner.py:240} INFO - Task exited with return code 0
[2026-02-13T04:57:14.022+0000] {taskinstance.py:3498} INFO - 1 downstream tasks scheduled from follow-on schedule check
[2026-02-13T04:57:14.028+0000] {local_task_job_runner.py:222} INFO - ::endgroup::
