[2026-02-13T03:57:53.678+0000] {local_task_job_runner.py:120} INFO - ::group::Pre task execution logs
[2026-02-13T03:57:53.919+0000] {taskinstance.py:2076} INFO - Dependencies all met for dep_context=non-requeueable deps ti=<TaskInstance: marketing_warehouse_pipeline.ingest_facebook manual__2026-02-13T03:57:49.761358+00:00 [queued]>
[2026-02-13T03:57:53.935+0000] {taskinstance.py:2076} INFO - Dependencies all met for dep_context=requeueable deps ti=<TaskInstance: marketing_warehouse_pipeline.ingest_facebook manual__2026-02-13T03:57:49.761358+00:00 [queued]>
[2026-02-13T03:57:53.936+0000] {taskinstance.py:2306} INFO - Starting attempt 1 of 3
[2026-02-13T03:57:53.996+0000] {taskinstance.py:2330} INFO - Executing <Task(BashOperator): ingest_facebook> on 2026-02-13 03:57:49.761358+00:00
[2026-02-13T03:57:54.009+0000] {standard_task_runner.py:90} INFO - Running: ['airflow', 'tasks', 'run', 'marketing_warehouse_pipeline', 'ingest_facebook', 'manual__2026-02-13T03:57:49.761358+00:00', '--job-id', '86', '--raw', '--subdir', 'DAGS_FOLDER/marketing_warehouse_pipeline.py', '--cfg-path', '/tmp/tmpivfj6d8h']
[2026-02-13T03:57:54.014+0000] {standard_task_runner.py:91} INFO - Job 86: Subtask ingest_facebook
[2026-02-13T03:57:54.016+0000] {logging_mixin.py:188} WARNING - /home/airflow/.local/lib/python3.12/site-packages/airflow/task/task_runner/standard_task_runner.py:61 DeprecationWarning: This process (pid=1181) is multi-threaded, use of fork() may lead to deadlocks in the child.
[2026-02-13T03:57:54.017+0000] {standard_task_runner.py:63} INFO - Started process 1188 to run task
[2026-02-13T03:57:54.395+0000] {task_command.py:426} INFO - Running <TaskInstance: marketing_warehouse_pipeline.ingest_facebook manual__2026-02-13T03:57:49.761358+00:00 [running]> on host 7fe2c4f78d9e
[2026-02-13T03:57:55.077+0000] {taskinstance.py:2648} INFO - Exporting env vars: AIRFLOW_CTX_DAG_OWNER='data-engineering' AIRFLOW_CTX_DAG_ID='marketing_warehouse_pipeline' AIRFLOW_CTX_TASK_ID='ingest_facebook' AIRFLOW_CTX_EXECUTION_DATE='2026-02-13T03:57:49.761358+00:00' AIRFLOW_CTX_TRY_NUMBER='1' AIRFLOW_CTX_DAG_RUN_ID='manual__2026-02-13T03:57:49.761358+00:00'
[2026-02-13T03:57:55.079+0000] {taskinstance.py:430} INFO - ::endgroup::
[2026-02-13T03:57:55.162+0000] {subprocess.py:63} INFO - Tmp dir root location: /tmp
[2026-02-13T03:57:55.164+0000] {subprocess.py:75} INFO - Running command: ['/usr/bin/bash', '-c', 'python /opt/airflow/ingestion/load_facebook.py']
[2026-02-13T03:57:55.176+0000] {subprocess.py:86} INFO - Output:
[2026-02-13T03:58:01.039+0000] {subprocess.py:93} INFO - Raw rows: 45
[2026-02-13T03:58:01.040+0000] {subprocess.py:93} INFO - Total: 45
[2026-02-13T03:58:01.042+0000] {subprocess.py:93} INFO - Rejected: 6
[2026-02-13T03:58:01.043+0000] {subprocess.py:93} INFO - Valid: 39
[2026-02-13T03:58:01.044+0000] {subprocess.py:93} INFO - Inserted 39 facebook rows
[2026-02-13T03:58:01.274+0000] {subprocess.py:97} INFO - Command exited with return code 0
[2026-02-13T03:58:01.276+0000] {taskinstance.py:441} INFO - ::group::Post task execution logs
[2026-02-13T03:58:01.680+0000] {taskinstance.py:1206} INFO - Marking task as SUCCESS. dag_id=marketing_warehouse_pipeline, task_id=ingest_facebook, run_id=manual__2026-02-13T03:57:49.761358+00:00, execution_date=20260213T035749, start_date=20260213T035753, end_date=20260213T035801
[2026-02-13T03:58:01.746+0000] {local_task_job_runner.py:240} INFO - Task exited with return code 0
[2026-02-13T03:58:01.921+0000] {local_task_job_runner.py:222} INFO - ::endgroup::
