[2026-02-13T03:58:03.192+0000] {local_task_job_runner.py:120} INFO - ::group::Pre task execution logs
[2026-02-13T03:58:03.350+0000] {taskinstance.py:2076} INFO - Dependencies all met for dep_context=non-requeueable deps ti=<TaskInstance: marketing_warehouse_pipeline.dbt_run manual__2026-02-13T03:57:49.761358+00:00 [queued]>
[2026-02-13T03:58:03.365+0000] {taskinstance.py:2076} INFO - Dependencies all met for dep_context=requeueable deps ti=<TaskInstance: marketing_warehouse_pipeline.dbt_run manual__2026-02-13T03:57:49.761358+00:00 [queued]>
[2026-02-13T03:58:03.366+0000] {taskinstance.py:2306} INFO - Starting attempt 1 of 3
[2026-02-13T03:58:03.391+0000] {taskinstance.py:2330} INFO - Executing <Task(BashOperator): dbt_run> on 2026-02-13 03:57:49.761358+00:00
[2026-02-13T03:58:03.401+0000] {standard_task_runner.py:90} INFO - Running: ['airflow', 'tasks', 'run', 'marketing_warehouse_pipeline', 'dbt_run', 'manual__2026-02-13T03:57:49.761358+00:00', '--job-id', '88', '--raw', '--subdir', 'DAGS_FOLDER/marketing_warehouse_pipeline.py', '--cfg-path', '/tmp/tmpfh5webrz']
[2026-02-13T03:58:03.404+0000] {standard_task_runner.py:91} INFO - Job 88: Subtask dbt_run
[2026-02-13T03:58:03.405+0000] {logging_mixin.py:188} WARNING - /home/airflow/.local/lib/python3.12/site-packages/airflow/task/task_runner/standard_task_runner.py:61 DeprecationWarning: This process (pid=1217) is multi-threaded, use of fork() may lead to deadlocks in the child.
[2026-02-13T03:58:03.406+0000] {standard_task_runner.py:63} INFO - Started process 1218 to run task
[2026-02-13T03:58:03.823+0000] {task_command.py:426} INFO - Running <TaskInstance: marketing_warehouse_pipeline.dbt_run manual__2026-02-13T03:57:49.761358+00:00 [running]> on host 7fe2c4f78d9e
[2026-02-13T03:58:04.367+0000] {taskinstance.py:2648} INFO - Exporting env vars: AIRFLOW_CTX_DAG_OWNER='data-engineering' AIRFLOW_CTX_DAG_ID='marketing_warehouse_pipeline' AIRFLOW_CTX_TASK_ID='dbt_run' AIRFLOW_CTX_EXECUTION_DATE='2026-02-13T03:57:49.761358+00:00' AIRFLOW_CTX_TRY_NUMBER='1' AIRFLOW_CTX_DAG_RUN_ID='manual__2026-02-13T03:57:49.761358+00:00'
[2026-02-13T03:58:04.368+0000] {taskinstance.py:430} INFO - ::endgroup::
[2026-02-13T03:58:04.387+0000] {subprocess.py:63} INFO - Tmp dir root location: /tmp
[2026-02-13T03:58:04.389+0000] {subprocess.py:75} INFO - Running command: ['/usr/bin/bash', '-c', '\n    cd /opt/airflow/dbt/campaignwarehouse &&\n    dbt run --profiles-dir /opt/airflow/dbt\n    ']
[2026-02-13T03:58:04.400+0000] {subprocess.py:86} INFO - Output:
[2026-02-13T03:58:09.501+0000] {subprocess.py:93} INFO - [0m03:58:09  Running with dbt=1.11.3
[2026-02-13T03:58:10.319+0000] {subprocess.py:93} INFO - [0m03:58:10  Registered adapter: postgres=1.10.0
[2026-02-13T03:58:11.011+0000] {subprocess.py:93} INFO - [0m03:58:11  [[33mWARNING[0m]: Configuration paths exist in your dbt_project.yml file which do not apply to any resources.
[2026-02-13T03:58:11.012+0000] {subprocess.py:93} INFO - There are 1 unused configuration paths:
[2026-02-13T03:58:11.013+0000] {subprocess.py:93} INFO - - models.campaignwarehouse.example
[2026-02-13T03:58:11.428+0000] {subprocess.py:93} INFO - [0m03:58:11  Found 8 models, 15 data tests, 3 sources, 464 macros
[2026-02-13T03:58:11.434+0000] {subprocess.py:93} INFO - [0m03:58:11
[2026-02-13T03:58:11.436+0000] {subprocess.py:93} INFO - [0m03:58:11  Concurrency: 4 threads (target='dev')
[2026-02-13T03:58:11.438+0000] {subprocess.py:93} INFO - [0m03:58:11
[2026-02-13T03:58:11.964+0000] {subprocess.py:93} INFO - [0m03:58:11  1 of 8 START sql view model public.int_ads_facebook ............................ [RUN]
[2026-02-13T03:58:11.966+0000] {subprocess.py:93} INFO - [0m03:58:11  2 of 8 START sql view model public.int_ads_google .............................. [RUN]
[2026-02-13T03:58:11.968+0000] {subprocess.py:93} INFO - [0m03:58:11  3 of 8 START sql view model public.int_crm_revenue ............................. [RUN]
[2026-02-13T03:58:12.577+0000] {subprocess.py:93} INFO - [0m03:58:12  2 of 8 OK created sql view model public.int_ads_google ......................... [[32mCREATE VIEW[0m in 0.59s]
[2026-02-13T03:58:12.586+0000] {subprocess.py:93} INFO - [0m03:58:12  1 of 8 OK created sql view model public.int_ads_facebook ....................... [[32mCREATE VIEW[0m in 0.61s]
[2026-02-13T03:58:12.589+0000] {subprocess.py:93} INFO - [0m03:58:12  3 of 8 OK created sql view model public.int_crm_revenue ........................ [[32mCREATE VIEW[0m in 0.61s]
[2026-02-13T03:58:12.603+0000] {subprocess.py:93} INFO - [0m03:58:12  4 of 8 START sql table model public.dim_campaign ............................... [RUN]
[2026-02-13T03:58:12.605+0000] {subprocess.py:93} INFO - [0m03:58:12  5 of 8 START sql table model public.fct_campaign_performance ................... [RUN]
[2026-02-13T03:58:12.607+0000] {subprocess.py:93} INFO - [0m03:58:12  6 of 8 START sql table model public.dim_channel ................................ [RUN]
[2026-02-13T03:58:12.609+0000] {subprocess.py:93} INFO - [0m03:58:12  7 of 8 START sql table model public.dim_date ................................... [RUN]
[2026-02-13T03:58:13.321+0000] {subprocess.py:93} INFO - [0m03:58:13  4 of 8 OK created sql table model public.dim_campaign .......................... [[32mSELECT 6[0m in 0.70s]
[2026-02-13T03:58:13.333+0000] {subprocess.py:93} INFO - [0m03:58:13  6 of 8 OK created sql table model public.dim_channel ........................... [[32mSELECT 2[0m in 0.71s]
[2026-02-13T03:58:13.335+0000] {subprocess.py:93} INFO - [0m03:58:13  5 of 8 OK created sql table model public.fct_campaign_performance .............. [[32mSELECT 84[0m in 0.71s]
[2026-02-13T03:58:13.337+0000] {subprocess.py:93} INFO - [0m03:58:13  7 of 8 OK created sql table model public.dim_date .............................. [[32mSELECT 15[0m in 0.71s]
[2026-02-13T03:58:13.349+0000] {subprocess.py:93} INFO - [0m03:58:13  8 of 8 START sql table model public.fct_revenue_attribution .................... [RUN]
[2026-02-13T03:58:13.672+0000] {subprocess.py:93} INFO - [0m03:58:13  8 of 8 OK created sql table model public.fct_revenue_attribution ............... [[32mSELECT 69[0m in 0.31s]
[2026-02-13T03:58:13.837+0000] {subprocess.py:93} INFO - [0m03:58:13
[2026-02-13T03:58:13.840+0000] {subprocess.py:93} INFO - [0m03:58:13  Finished running 5 table models, 3 view models in 0 hours 0 minutes and 2.40 seconds (2.40s).
[2026-02-13T03:58:13.982+0000] {subprocess.py:93} INFO - [0m03:58:13
[2026-02-13T03:58:13.984+0000] {subprocess.py:93} INFO - [0m03:58:13  [32mCompleted successfully[0m
[2026-02-13T03:58:13.986+0000] {subprocess.py:93} INFO - [0m03:58:13
[2026-02-13T03:58:13.988+0000] {subprocess.py:93} INFO - [0m03:58:13  Done. PASS=8 WARN=0 ERROR=0 SKIP=0 NO-OP=0 TOTAL=8
[2026-02-13T03:58:14.723+0000] {subprocess.py:97} INFO - Command exited with return code 0
[2026-02-13T03:58:14.725+0000] {taskinstance.py:441} INFO - ::group::Post task execution logs
[2026-02-13T03:58:15.059+0000] {taskinstance.py:1206} INFO - Marking task as SUCCESS. dag_id=marketing_warehouse_pipeline, task_id=dbt_run, run_id=manual__2026-02-13T03:57:49.761358+00:00, execution_date=20260213T035749, start_date=20260213T035803, end_date=20260213T035815
[2026-02-13T03:58:15.113+0000] {local_task_job_runner.py:240} INFO - Task exited with return code 0
[2026-02-13T03:58:15.285+0000] {taskinstance.py:3498} INFO - 0 downstream tasks scheduled from follow-on schedule check
[2026-02-13T03:58:15.290+0000] {local_task_job_runner.py:222} INFO - ::endgroup::
