[2026-02-13T06:34:07.867+0000] {local_task_job_runner.py:120} INFO - ::group::Pre task execution logs
[2026-02-13T06:34:08.203+0000] {taskinstance.py:2076} INFO - Dependencies all met for dep_context=non-requeueable deps ti=<TaskInstance: marketing_warehouse_pipeline.ingest_google manual__2026-02-13T06:34:05.593141+00:00 [queued]>
[2026-02-13T06:34:08.256+0000] {taskinstance.py:2076} INFO - Dependencies all met for dep_context=requeueable deps ti=<TaskInstance: marketing_warehouse_pipeline.ingest_google manual__2026-02-13T06:34:05.593141+00:00 [queued]>
[2026-02-13T06:34:08.258+0000] {taskinstance.py:2306} INFO - Starting attempt 1 of 3
[2026-02-13T06:34:08.314+0000] {taskinstance.py:2330} INFO - Executing <Task(BashOperator): ingest_google> on 2026-02-13 06:34:05.593141+00:00
[2026-02-13T06:34:08.354+0000] {logging_mixin.py:188} WARNING - /home/airflow/.local/lib/python3.12/site-packages/airflow/task/task_runner/standard_task_runner.py:61 DeprecationWarning: This process (pid=3084) is multi-threaded, use of fork() may lead to deadlocks in the child.
[2026-02-13T06:34:08.339+0000] {standard_task_runner.py:90} INFO - Running: ['airflow', 'tasks', 'run', 'marketing_warehouse_pipeline', 'ingest_google', 'manual__2026-02-13T06:34:05.593141+00:00', '--job-id', '116', '--raw', '--subdir', 'DAGS_FOLDER/marketing_warehouse_pipeline.py', '--cfg-path', '/tmp/tmppfqxpn6h']
[2026-02-13T06:34:08.357+0000] {standard_task_runner.py:91} INFO - Job 116: Subtask ingest_google
[2026-02-13T06:34:08.357+0000] {standard_task_runner.py:63} INFO - Started process 3088 to run task
[2026-02-13T06:34:09.114+0000] {task_command.py:426} INFO - Running <TaskInstance: marketing_warehouse_pipeline.ingest_google manual__2026-02-13T06:34:05.593141+00:00 [running]> on host 7fe2c4f78d9e
[2026-02-13T06:34:10.024+0000] {taskinstance.py:2648} INFO - Exporting env vars: AIRFLOW_CTX_DAG_OWNER='data-engineering' AIRFLOW_CTX_DAG_ID='marketing_warehouse_pipeline' AIRFLOW_CTX_TASK_ID='ingest_google' AIRFLOW_CTX_EXECUTION_DATE='2026-02-13T06:34:05.593141+00:00' AIRFLOW_CTX_TRY_NUMBER='1' AIRFLOW_CTX_DAG_RUN_ID='manual__2026-02-13T06:34:05.593141+00:00'
[2026-02-13T06:34:10.025+0000] {taskinstance.py:430} INFO - ::endgroup::
[2026-02-13T06:34:10.059+0000] {subprocess.py:63} INFO - Tmp dir root location: /tmp
[2026-02-13T06:34:10.061+0000] {subprocess.py:75} INFO - Running command: ['/usr/bin/bash', '-c', 'python /opt/airflow/ingestion/load_google.py']
[2026-02-13T06:34:10.074+0000] {subprocess.py:86} INFO - Output:
[2026-02-13T06:34:12.204+0000] {subprocess.py:93} INFO - Total rows: 45
[2026-02-13T06:34:12.205+0000] {subprocess.py:93} INFO - Invalid rows: 0
[2026-02-13T06:34:12.206+0000] {subprocess.py:93} INFO - Valid rows: 45
[2026-02-13T06:34:12.207+0000] {subprocess.py:93} INFO - Inserted 45 google rows
[2026-02-13T06:34:12.359+0000] {subprocess.py:97} INFO - Command exited with return code 0
[2026-02-13T06:34:12.361+0000] {taskinstance.py:441} INFO - ::group::Post task execution logs
[2026-02-13T06:34:12.751+0000] {taskinstance.py:1206} INFO - Marking task as SUCCESS. dag_id=marketing_warehouse_pipeline, task_id=ingest_google, run_id=manual__2026-02-13T06:34:05.593141+00:00, execution_date=20260213T063405, start_date=20260213T063408, end_date=20260213T063412
[2026-02-13T06:34:12.807+0000] {local_task_job_runner.py:240} INFO - Task exited with return code 0
[2026-02-13T06:34:12.997+0000] {taskinstance.py:3498} INFO - 1 downstream tasks scheduled from follow-on schedule check
[2026-02-13T06:34:13.003+0000] {local_task_job_runner.py:222} INFO - ::endgroup::
