[2026-02-12T05:46:19.121+0000] {local_task_job_runner.py:120} INFO - ::group::Pre task execution logs
[2026-02-12T05:46:19.303+0000] {taskinstance.py:2076} INFO - Dependencies all met for dep_context=non-requeueable deps ti=<TaskInstance: marketing_warehouse_pipeline.dbt_run manual__2026-02-12T05:46:10.174535+00:00 [queued]>
[2026-02-12T05:46:19.316+0000] {taskinstance.py:2076} INFO - Dependencies all met for dep_context=requeueable deps ti=<TaskInstance: marketing_warehouse_pipeline.dbt_run manual__2026-02-12T05:46:10.174535+00:00 [queued]>
[2026-02-12T05:46:19.317+0000] {taskinstance.py:2306} INFO - Starting attempt 1 of 3
[2026-02-12T05:46:19.341+0000] {taskinstance.py:2330} INFO - Executing <Task(BashOperator): dbt_run> on 2026-02-12 05:46:10.174535+00:00
[2026-02-12T05:46:19.351+0000] {standard_task_runner.py:90} INFO - Running: ['airflow', 'tasks', 'run', 'marketing_warehouse_pipeline', 'dbt_run', 'manual__2026-02-12T05:46:10.174535+00:00', '--job-id', '58', '--raw', '--subdir', 'DAGS_FOLDER/marketing_warehouse_pipeline.py', '--cfg-path', '/tmp/tmpiwmf_8c5']
[2026-02-12T05:46:19.354+0000] {standard_task_runner.py:91} INFO - Job 58: Subtask dbt_run
[2026-02-12T05:46:19.361+0000] {logging_mixin.py:188} WARNING - /home/airflow/.local/lib/python3.12/site-packages/airflow/task/task_runner/standard_task_runner.py:61 DeprecationWarning: This process (pid=440) is multi-threaded, use of fork() may lead to deadlocks in the child.
[2026-02-12T05:46:19.362+0000] {standard_task_runner.py:63} INFO - Started process 441 to run task
[2026-02-12T05:46:19.749+0000] {task_command.py:426} INFO - Running <TaskInstance: marketing_warehouse_pipeline.dbt_run manual__2026-02-12T05:46:10.174535+00:00 [running]> on host 1fba4c36ee31
[2026-02-12T05:46:20.358+0000] {taskinstance.py:2648} INFO - Exporting env vars: AIRFLOW_CTX_DAG_OWNER='data-engineering' AIRFLOW_CTX_DAG_ID='marketing_warehouse_pipeline' AIRFLOW_CTX_TASK_ID='dbt_run' AIRFLOW_CTX_EXECUTION_DATE='2026-02-12T05:46:10.174535+00:00' AIRFLOW_CTX_TRY_NUMBER='1' AIRFLOW_CTX_DAG_RUN_ID='manual__2026-02-12T05:46:10.174535+00:00'
[2026-02-12T05:46:20.359+0000] {taskinstance.py:430} INFO - ::endgroup::
[2026-02-12T05:46:20.389+0000] {subprocess.py:63} INFO - Tmp dir root location: /tmp
[2026-02-12T05:46:20.391+0000] {subprocess.py:75} INFO - Running command: ['/usr/bin/bash', '-c', '\n    cd /opt/airflow/dbt/campaignwarehouse &&\n    dbt run --profiles-dir /opt/airflow/dbt\n    ']
[2026-02-12T05:46:20.403+0000] {subprocess.py:86} INFO - Output:
[2026-02-12T05:46:23.635+0000] {subprocess.py:93} INFO - [0m05:46:23  Running with dbt=1.11.3
[2026-02-12T05:46:24.102+0000] {subprocess.py:93} INFO - [0m05:46:24  Registered adapter: postgres=1.10.0
[2026-02-12T05:46:24.481+0000] {subprocess.py:93} INFO - [0m05:46:24  Unable to do partial parsing because profile has changed
[2026-02-12T05:46:27.490+0000] {subprocess.py:93} INFO - [0m05:46:27  [[33mWARNING[0m][MissingArgumentsPropertyInGenericTestDeprecation]: Deprecated
[2026-02-12T05:46:27.491+0000] {subprocess.py:93} INFO - functionality
[2026-02-12T05:46:27.492+0000] {subprocess.py:93} INFO - Found top-level arguments to test `accepted_values` defined on
[2026-02-12T05:46:27.493+0000] {subprocess.py:93} INFO - 'fct_campaign_performance' in package 'campaignwarehouse'
[2026-02-12T05:46:27.494+0000] {subprocess.py:93} INFO - (models/marts/facts/schema.yml). Arguments to generic tests should be nested
[2026-02-12T05:46:27.494+0000] {subprocess.py:93} INFO - under the `arguments` property.
[2026-02-12T05:46:27.872+0000] {subprocess.py:93} INFO - [0m05:46:27  [[33mWARNING[0m]: Configuration paths exist in your dbt_project.yml file which do not apply to any resources.
[2026-02-12T05:46:27.873+0000] {subprocess.py:93} INFO - There are 1 unused configuration paths:
[2026-02-12T05:46:27.873+0000] {subprocess.py:93} INFO - - models.campaignwarehouse.example
[2026-02-12T05:46:28.206+0000] {subprocess.py:93} INFO - [0m05:46:28  Found 8 models, 15 data tests, 3 sources, 464 macros
[2026-02-12T05:46:28.213+0000] {subprocess.py:93} INFO - [0m05:46:28
[2026-02-12T05:46:28.215+0000] {subprocess.py:93} INFO - [0m05:46:28  Concurrency: 4 threads (target='dev')
[2026-02-12T05:46:28.217+0000] {subprocess.py:93} INFO - [0m05:46:28
[2026-02-12T05:46:28.745+0000] {subprocess.py:93} INFO - [0m05:46:28  1 of 8 START sql view model public.int_ads_facebook ............................ [RUN]
[2026-02-12T05:46:28.748+0000] {subprocess.py:93} INFO - [0m05:46:28  2 of 8 START sql view model public.int_ads_google .............................. [RUN]
[2026-02-12T05:46:28.750+0000] {subprocess.py:93} INFO - [0m05:46:28  3 of 8 START sql view model public.int_crm_revenue ............................. [RUN]
[2026-02-12T05:46:29.362+0000] {subprocess.py:93} INFO - [0m05:46:29  3 of 8 OK created sql view model public.int_crm_revenue ........................ [[32mCREATE VIEW[0m in 0.59s]
[2026-02-12T05:46:29.368+0000] {subprocess.py:93} INFO - [0m05:46:29  2 of 8 OK created sql view model public.int_ads_google ......................... [[32mCREATE VIEW[0m in 0.60s]
[2026-02-12T05:46:29.373+0000] {subprocess.py:93} INFO - [0m05:46:29  1 of 8 OK created sql view model public.int_ads_facebook ....................... [[32mCREATE VIEW[0m in 0.61s]
[2026-02-12T05:46:29.387+0000] {subprocess.py:93} INFO - [0m05:46:29  4 of 8 START sql table model public.fct_revenue_attribution .................... [RUN]
[2026-02-12T05:46:29.399+0000] {subprocess.py:93} INFO - [0m05:46:29  5 of 8 START sql table model public.dim_campaign ............................... [RUN]
[2026-02-12T05:46:29.402+0000] {subprocess.py:93} INFO - [0m05:46:29  6 of 8 START sql table model public.dim_channel ................................ [RUN]
[2026-02-12T05:46:29.404+0000] {subprocess.py:93} INFO - [0m05:46:29  7 of 8 START sql table model public.dim_date ................................... [RUN]
[2026-02-12T05:46:29.997+0000] {subprocess.py:93} INFO - [0m05:46:29  4 of 8 OK created sql table model public.fct_revenue_attribution ............... [[32mSELECT 68[0m in 0.59s]
[2026-02-12T05:46:30.006+0000] {subprocess.py:93} INFO - [0m05:46:30  6 of 8 OK created sql table model public.dim_channel ........................... [[32mSELECT 2[0m in 0.58s]
[2026-02-12T05:46:30.014+0000] {subprocess.py:93} INFO - [0m05:46:30  7 of 8 OK created sql table model public.dim_date .............................. [[32mSELECT 15[0m in 0.59s]
[2026-02-12T05:46:30.016+0000] {subprocess.py:93} INFO - [0m05:46:30  5 of 8 OK created sql table model public.dim_campaign .......................... [[32mSELECT 6[0m in 0.59s]
[2026-02-12T05:46:30.032+0000] {subprocess.py:93} INFO - [0m05:46:30  8 of 8 START sql table model public.fct_campaign_performance ................... [RUN]
[2026-02-12T05:46:30.343+0000] {subprocess.py:93} INFO - [0m05:46:30  8 of 8 OK created sql table model public.fct_campaign_performance .............. [[32mSELECT 88[0m in 0.30s]
[2026-02-12T05:46:30.515+0000] {subprocess.py:93} INFO - [0m05:46:30
[2026-02-12T05:46:30.517+0000] {subprocess.py:93} INFO - [0m05:46:30  Finished running 5 table models, 3 view models in 0 hours 0 minutes and 2.30 seconds (2.30s).
[2026-02-12T05:46:30.692+0000] {subprocess.py:93} INFO - [0m05:46:30
[2026-02-12T05:46:30.695+0000] {subprocess.py:93} INFO - [0m05:46:30  [32mCompleted successfully[0m
[2026-02-12T05:46:30.698+0000] {subprocess.py:93} INFO - [0m05:46:30
[2026-02-12T05:46:30.700+0000] {subprocess.py:93} INFO - [0m05:46:30  Done. PASS=8 WARN=0 ERROR=0 SKIP=0 NO-OP=0 TOTAL=8
[2026-02-12T05:46:30.702+0000] {subprocess.py:93} INFO - [0m05:46:30  [[33mWARNING[0m][DeprecationsSummary]: Deprecated functionality
[2026-02-12T05:46:30.703+0000] {subprocess.py:93} INFO - Summary of encountered deprecations:
[2026-02-12T05:46:30.703+0000] {subprocess.py:93} INFO - - MissingArgumentsPropertyInGenericTestDeprecation: 1 occurrence
[2026-02-12T05:46:30.704+0000] {subprocess.py:93} INFO - To see all deprecation instances instead of just the first occurrence of each,
[2026-02-12T05:46:30.705+0000] {subprocess.py:93} INFO - run command again with the `--show-all-deprecations` flag. You may also need to
[2026-02-12T05:46:30.705+0000] {subprocess.py:93} INFO - run with `--no-partial-parse` as some deprecations are only encountered during
[2026-02-12T05:46:30.706+0000] {subprocess.py:93} INFO - parsing.
[2026-02-12T05:46:31.461+0000] {subprocess.py:97} INFO - Command exited with return code 0
[2026-02-12T05:46:31.462+0000] {taskinstance.py:441} INFO - ::group::Post task execution logs
[2026-02-12T05:46:31.745+0000] {taskinstance.py:1206} INFO - Marking task as SUCCESS. dag_id=marketing_warehouse_pipeline, task_id=dbt_run, run_id=manual__2026-02-12T05:46:10.174535+00:00, execution_date=20260212T054610, start_date=20260212T054619, end_date=20260212T054631
[2026-02-12T05:46:31.803+0000] {local_task_job_runner.py:240} INFO - Task exited with return code 0
[2026-02-12T05:46:31.943+0000] {taskinstance.py:3498} INFO - 1 downstream tasks scheduled from follow-on schedule check
[2026-02-12T05:46:31.948+0000] {local_task_job_runner.py:222} INFO - ::endgroup::
