[2026-02-12T05:29:49.351+0000] {local_task_job_runner.py:120} INFO - ::group::Pre task execution logs
[2026-02-12T05:29:49.525+0000] {taskinstance.py:2076} INFO - Dependencies all met for dep_context=non-requeueable deps ti=<TaskInstance: marketing_warehouse_pipeline.ingest_google manual__2026-02-12T05:29:46.728729+00:00 [queued]>
[2026-02-12T05:29:49.545+0000] {taskinstance.py:2076} INFO - Dependencies all met for dep_context=requeueable deps ti=<TaskInstance: marketing_warehouse_pipeline.ingest_google manual__2026-02-12T05:29:46.728729+00:00 [queued]>
[2026-02-12T05:29:49.546+0000] {taskinstance.py:2306} INFO - Starting attempt 1 of 3
[2026-02-12T05:29:49.579+0000] {taskinstance.py:2330} INFO - Executing <Task(BashOperator): ingest_google> on 2026-02-12 05:29:46.728729+00:00
[2026-02-12T05:29:49.593+0000] {standard_task_runner.py:90} INFO - Running: ['airflow', 'tasks', 'run', 'marketing_warehouse_pipeline', 'ingest_google', 'manual__2026-02-12T05:29:46.728729+00:00', '--job-id', '51', '--raw', '--subdir', 'DAGS_FOLDER/marketing_warehouse_pipeline.py', '--cfg-path', '/tmp/tmpwn_xdwph']
[2026-02-12T05:29:49.596+0000] {standard_task_runner.py:91} INFO - Job 51: Subtask ingest_google
[2026-02-12T05:29:49.612+0000] {logging_mixin.py:188} WARNING - /home/airflow/.local/lib/python3.12/site-packages/airflow/task/task_runner/standard_task_runner.py:61 DeprecationWarning: This process (pid=185) is multi-threaded, use of fork() may lead to deadlocks in the child.
[2026-02-12T05:29:49.614+0000] {standard_task_runner.py:63} INFO - Started process 189 to run task
[2026-02-12T05:29:50.036+0000] {task_command.py:426} INFO - Running <TaskInstance: marketing_warehouse_pipeline.ingest_google manual__2026-02-12T05:29:46.728729+00:00 [running]> on host 1fba4c36ee31
[2026-02-12T05:29:50.574+0000] {taskinstance.py:2648} INFO - Exporting env vars: AIRFLOW_CTX_DAG_OWNER='data-engineering' AIRFLOW_CTX_DAG_ID='marketing_warehouse_pipeline' AIRFLOW_CTX_TASK_ID='ingest_google' AIRFLOW_CTX_EXECUTION_DATE='2026-02-12T05:29:46.728729+00:00' AIRFLOW_CTX_TRY_NUMBER='1' AIRFLOW_CTX_DAG_RUN_ID='manual__2026-02-12T05:29:46.728729+00:00'
[2026-02-12T05:29:50.575+0000] {taskinstance.py:430} INFO - ::endgroup::
[2026-02-12T05:29:50.594+0000] {subprocess.py:63} INFO - Tmp dir root location: /tmp
[2026-02-12T05:29:50.595+0000] {subprocess.py:75} INFO - Running command: ['/usr/bin/bash', '-c', 'python /opt/airflow/ingestion/load_google.py']
[2026-02-12T05:29:50.604+0000] {subprocess.py:86} INFO - Output:
[2026-02-12T05:29:52.139+0000] {subprocess.py:93} INFO - Total rows: 45
[2026-02-12T05:29:52.140+0000] {subprocess.py:93} INFO - Invalid rows: 0
[2026-02-12T05:29:52.141+0000] {subprocess.py:93} INFO - Valid rows: 45
[2026-02-12T05:29:52.141+0000] {subprocess.py:93} INFO - Inserted 45 google rows
[2026-02-12T05:29:52.239+0000] {subprocess.py:97} INFO - Command exited with return code 0
[2026-02-12T05:29:52.240+0000] {taskinstance.py:441} INFO - ::group::Post task execution logs
[2026-02-12T05:29:52.514+0000] {taskinstance.py:1206} INFO - Marking task as SUCCESS. dag_id=marketing_warehouse_pipeline, task_id=ingest_google, run_id=manual__2026-02-12T05:29:46.728729+00:00, execution_date=20260212T052946, start_date=20260212T052949, end_date=20260212T052952
[2026-02-12T05:29:52.562+0000] {local_task_job_runner.py:240} INFO - Task exited with return code 0
[2026-02-12T05:29:52.726+0000] {taskinstance.py:3498} INFO - 0 downstream tasks scheduled from follow-on schedule check
[2026-02-12T05:29:52.730+0000] {local_task_job_runner.py:222} INFO - ::endgroup::
