[2026-02-12T05:59:24.470+0000] {local_task_job_runner.py:120} INFO - ::group::Pre task execution logs
[2026-02-12T05:59:24.631+0000] {taskinstance.py:2076} INFO - Dependencies all met for dep_context=non-requeueable deps ti=<TaskInstance: marketing_warehouse_pipeline.ingest_crm manual__2026-02-12T05:59:23.092476+00:00 [queued]>
[2026-02-12T05:59:24.643+0000] {taskinstance.py:2076} INFO - Dependencies all met for dep_context=requeueable deps ti=<TaskInstance: marketing_warehouse_pipeline.ingest_crm manual__2026-02-12T05:59:23.092476+00:00 [queued]>
[2026-02-12T05:59:24.643+0000] {taskinstance.py:2306} INFO - Starting attempt 1 of 3
[2026-02-12T05:59:24.675+0000] {taskinstance.py:2330} INFO - Executing <Task(BashOperator): ingest_crm> on 2026-02-12 05:59:23.092476+00:00
[2026-02-12T05:59:24.691+0000] {standard_task_runner.py:90} INFO - Running: ['airflow', 'tasks', 'run', 'marketing_warehouse_pipeline', 'ingest_crm', 'manual__2026-02-12T05:59:23.092476+00:00', '--job-id', '60', '--raw', '--subdir', 'DAGS_FOLDER/marketing_warehouse_pipeline.py', '--cfg-path', '/tmp/tmp55o4d6dk']
[2026-02-12T05:59:24.697+0000] {logging_mixin.py:188} WARNING - /home/airflow/.local/lib/python3.12/site-packages/airflow/task/task_runner/standard_task_runner.py:61 DeprecationWarning: This process (pid=603) is multi-threaded, use of fork() may lead to deadlocks in the child.
[2026-02-12T05:59:24.698+0000] {standard_task_runner.py:91} INFO - Job 60: Subtask ingest_crm
[2026-02-12T05:59:24.698+0000] {standard_task_runner.py:63} INFO - Started process 607 to run task
[2026-02-12T05:59:25.133+0000] {task_command.py:426} INFO - Running <TaskInstance: marketing_warehouse_pipeline.ingest_crm manual__2026-02-12T05:59:23.092476+00:00 [running]> on host 1fba4c36ee31
[2026-02-12T05:59:25.686+0000] {taskinstance.py:2648} INFO - Exporting env vars: AIRFLOW_CTX_DAG_OWNER='data-engineering' AIRFLOW_CTX_DAG_ID='marketing_warehouse_pipeline' AIRFLOW_CTX_TASK_ID='ingest_crm' AIRFLOW_CTX_EXECUTION_DATE='2026-02-12T05:59:23.092476+00:00' AIRFLOW_CTX_TRY_NUMBER='1' AIRFLOW_CTX_DAG_RUN_ID='manual__2026-02-12T05:59:23.092476+00:00'
[2026-02-12T05:59:25.687+0000] {taskinstance.py:430} INFO - ::endgroup::
[2026-02-12T05:59:25.705+0000] {subprocess.py:63} INFO - Tmp dir root location: /tmp
[2026-02-12T05:59:25.707+0000] {subprocess.py:75} INFO - Running command: ['/usr/bin/bash', '-c', 'python /opt/airflow/ingestion/load_crm.py']
[2026-02-12T05:59:25.717+0000] {subprocess.py:86} INFO - Output:
[2026-02-12T05:59:26.980+0000] {subprocess.py:93} INFO - Structurally bad rows: 1
[2026-02-12T05:59:26.981+0000] {subprocess.py:93} INFO - Parsed rows: 84
[2026-02-12T05:59:26.981+0000] {subprocess.py:93} INFO - Rejected rows: 26
[2026-02-12T05:59:26.982+0000] {subprocess.py:93} INFO - Valid rows: 58
[2026-02-12T05:59:26.982+0000] {subprocess.py:93} INFO - Inserted 57 CRM rows
[2026-02-12T05:59:27.087+0000] {subprocess.py:97} INFO - Command exited with return code 0
[2026-02-12T05:59:27.088+0000] {taskinstance.py:441} INFO - ::group::Post task execution logs
[2026-02-12T05:59:27.366+0000] {taskinstance.py:1206} INFO - Marking task as SUCCESS. dag_id=marketing_warehouse_pipeline, task_id=ingest_crm, run_id=manual__2026-02-12T05:59:23.092476+00:00, execution_date=20260212T055923, start_date=20260212T055924, end_date=20260212T055927
[2026-02-12T05:59:27.445+0000] {local_task_job_runner.py:240} INFO - Task exited with return code 0
[2026-02-12T05:59:27.575+0000] {local_task_job_runner.py:222} INFO - ::endgroup::
