[2026-02-13T04:11:42.377+0000] {local_task_job_runner.py:120} INFO - ::group::Pre task execution logs
[2026-02-13T04:11:42.524+0000] {taskinstance.py:2076} INFO - Dependencies all met for dep_context=non-requeueable deps ti=<TaskInstance: marketing_warehouse_pipeline.ingest_google manual__2026-02-13T04:11:39.813821+00:00 [queued]>
[2026-02-13T04:11:42.536+0000] {taskinstance.py:2076} INFO - Dependencies all met for dep_context=requeueable deps ti=<TaskInstance: marketing_warehouse_pipeline.ingest_google manual__2026-02-13T04:11:39.813821+00:00 [queued]>
[2026-02-13T04:11:42.537+0000] {taskinstance.py:2306} INFO - Starting attempt 1 of 3
[2026-02-13T04:11:42.558+0000] {taskinstance.py:2330} INFO - Executing <Task(BashOperator): ingest_google> on 2026-02-13 04:11:39.813821+00:00
[2026-02-13T04:11:42.567+0000] {standard_task_runner.py:90} INFO - Running: ['airflow', 'tasks', 'run', 'marketing_warehouse_pipeline', 'ingest_google', 'manual__2026-02-13T04:11:39.813821+00:00', '--job-id', '91', '--raw', '--subdir', 'DAGS_FOLDER/marketing_warehouse_pipeline.py', '--cfg-path', '/tmp/tmptqf9_3q0']
[2026-02-13T04:11:42.570+0000] {standard_task_runner.py:91} INFO - Job 91: Subtask ingest_google
[2026-02-13T04:11:42.573+0000] {logging_mixin.py:188} WARNING - /home/airflow/.local/lib/python3.12/site-packages/airflow/task/task_runner/standard_task_runner.py:61 DeprecationWarning: This process (pid=1383) is multi-threaded, use of fork() may lead to deadlocks in the child.
[2026-02-13T04:11:42.574+0000] {standard_task_runner.py:63} INFO - Started process 1384 to run task
[2026-02-13T04:11:42.972+0000] {task_command.py:426} INFO - Running <TaskInstance: marketing_warehouse_pipeline.ingest_google manual__2026-02-13T04:11:39.813821+00:00 [running]> on host 7fe2c4f78d9e
[2026-02-13T04:11:43.779+0000] {taskinstance.py:2648} INFO - Exporting env vars: AIRFLOW_CTX_DAG_OWNER='data-engineering' AIRFLOW_CTX_DAG_ID='marketing_warehouse_pipeline' AIRFLOW_CTX_TASK_ID='ingest_google' AIRFLOW_CTX_EXECUTION_DATE='2026-02-13T04:11:39.813821+00:00' AIRFLOW_CTX_TRY_NUMBER='1' AIRFLOW_CTX_DAG_RUN_ID='manual__2026-02-13T04:11:39.813821+00:00'
[2026-02-13T04:11:43.781+0000] {taskinstance.py:430} INFO - ::endgroup::
[2026-02-13T04:11:43.816+0000] {subprocess.py:63} INFO - Tmp dir root location: /tmp
[2026-02-13T04:11:43.818+0000] {subprocess.py:75} INFO - Running command: ['/usr/bin/bash', '-c', 'python /opt/airflow/ingestion/load_google.py']
[2026-02-13T04:11:43.833+0000] {subprocess.py:86} INFO - Output:
[2026-02-13T04:11:46.112+0000] {subprocess.py:93} INFO - Total rows: 45
[2026-02-13T04:11:46.114+0000] {subprocess.py:93} INFO - Invalid rows: 0
[2026-02-13T04:11:46.115+0000] {subprocess.py:93} INFO - Valid rows: 45
[2026-02-13T04:11:46.117+0000] {subprocess.py:93} INFO - Inserted 45 google rows
[2026-02-13T04:11:46.251+0000] {subprocess.py:97} INFO - Command exited with return code 0
[2026-02-13T04:11:46.252+0000] {taskinstance.py:441} INFO - ::group::Post task execution logs
[2026-02-13T04:11:46.642+0000] {taskinstance.py:1206} INFO - Marking task as SUCCESS. dag_id=marketing_warehouse_pipeline, task_id=ingest_google, run_id=manual__2026-02-13T04:11:39.813821+00:00, execution_date=20260213T041139, start_date=20260213T041142, end_date=20260213T041146
[2026-02-13T04:11:46.697+0000] {local_task_job_runner.py:240} INFO - Task exited with return code 0
[2026-02-13T04:11:46.920+0000] {taskinstance.py:3498} INFO - 1 downstream tasks scheduled from follow-on schedule check
[2026-02-13T04:11:46.925+0000] {local_task_job_runner.py:222} INFO - ::endgroup::
