[2026-02-11T18:51:48.591+0000] {local_task_job_runner.py:120} INFO - ::group::Pre task execution logs
[2026-02-11T18:51:48.798+0000] {taskinstance.py:2076} INFO - Dependencies all met for dep_context=non-requeueable deps ti=<TaskInstance: marketing_warehouse_pipeline.ingest_data manual__2026-02-11T04:29:49.967202+00:00 [queued]>
[2026-02-11T18:51:48.814+0000] {taskinstance.py:2076} INFO - Dependencies all met for dep_context=requeueable deps ti=<TaskInstance: marketing_warehouse_pipeline.ingest_data manual__2026-02-11T04:29:49.967202+00:00 [queued]>
[2026-02-11T18:51:48.814+0000] {taskinstance.py:2306} INFO - Starting attempt 1 of 3
[2026-02-11T18:51:48.851+0000] {taskinstance.py:2330} INFO - Executing <Task(BashOperator): ingest_data> on 2026-02-11 04:29:49.967202+00:00
[2026-02-11T18:51:48.908+0000] {standard_task_runner.py:90} INFO - Running: ['airflow', 'tasks', 'run', 'marketing_warehouse_pipeline', 'ingest_data', 'manual__2026-02-11T04:29:49.967202+00:00', '--job-id', '4', '--raw', '--subdir', 'DAGS_FOLDER/marketing_warehouse_pipeline.py', '--cfg-path', '/tmp/tmpqgbxvnmm']
[2026-02-11T18:51:48.917+0000] {standard_task_runner.py:91} INFO - Job 4: Subtask ingest_data
[2026-02-11T18:51:48.921+0000] {logging_mixin.py:188} WARNING - /home/airflow/.local/lib/python3.12/site-packages/airflow/task/task_runner/standard_task_runner.py:61 DeprecationWarning: This process (pid=919) is multi-threaded, use of fork() may lead to deadlocks in the child.
[2026-02-11T18:51:48.923+0000] {standard_task_runner.py:63} INFO - Started process 920 to run task
[2026-02-11T18:51:49.289+0000] {task_command.py:426} INFO - Running <TaskInstance: marketing_warehouse_pipeline.ingest_data manual__2026-02-11T04:29:49.967202+00:00 [running]> on host 5c7efdc1cf0a
[2026-02-11T18:51:49.825+0000] {taskinstance.py:2648} INFO - Exporting env vars: AIRFLOW_CTX_DAG_OWNER='data-engineering' AIRFLOW_CTX_DAG_ID='marketing_warehouse_pipeline' AIRFLOW_CTX_TASK_ID='ingest_data' AIRFLOW_CTX_EXECUTION_DATE='2026-02-11T04:29:49.967202+00:00' AIRFLOW_CTX_TRY_NUMBER='1' AIRFLOW_CTX_DAG_RUN_ID='manual__2026-02-11T04:29:49.967202+00:00'
[2026-02-11T18:51:49.826+0000] {taskinstance.py:430} INFO - ::endgroup::
[2026-02-11T18:51:49.903+0000] {subprocess.py:63} INFO - Tmp dir root location: /tmp
[2026-02-11T18:51:49.904+0000] {subprocess.py:75} INFO - Running command: ['/usr/bin/bash', '-c', '\n        echo "Running ingestion scripts"\n        python /opt/airflow/ingestion/load_facebook.py &&\n        python /opt/airflow/ingestion/load_google.py &&\n        python /opt/airflow/ingestion/load_crm.py\n        ']
[2026-02-11T18:51:49.918+0000] {subprocess.py:86} INFO - Output:
[2026-02-11T18:51:49.960+0000] {subprocess.py:93} INFO - Running ingestion scripts
[2026-02-11T18:51:50.122+0000] {subprocess.py:93} INFO - python: can't open file '/opt/airflow/ingestion/load_facebook.py': [Errno 2] No such file or directory
[2026-02-11T18:51:50.131+0000] {subprocess.py:97} INFO - Command exited with return code 2
[2026-02-11T18:51:50.133+0000] {taskinstance.py:441} INFO - ::group::Post task execution logs
[2026-02-11T18:51:50.237+0000] {taskinstance.py:2905} ERROR - Task failed with exception
Traceback (most recent call last):
  File "/home/airflow/.local/lib/python3.12/site-packages/airflow/models/taskinstance.py", line 465, in _execute_task
    result = _execute_callable(context=context, **execute_callable_kwargs)
             ^^^^^^^^^^^^^^^^^^^^^^^^^^^^^^^^^^^^^^^^^^^^^^^^^^^^^^^^^^^^^
  File "/home/airflow/.local/lib/python3.12/site-packages/airflow/models/taskinstance.py", line 432, in _execute_callable
    return execute_callable(context=context, **execute_callable_kwargs)
           ^^^^^^^^^^^^^^^^^^^^^^^^^^^^^^^^^^^^^^^^^^^^^^^^^^^^^^^^^^^^
  File "/home/airflow/.local/lib/python3.12/site-packages/airflow/models/baseoperator.py", line 400, in wrapper
    return func(self, *args, **kwargs)
           ^^^^^^^^^^^^^^^^^^^^^^^^^^^
  File "/home/airflow/.local/lib/python3.12/site-packages/airflow/operators/bash.py", line 243, in execute
    raise AirflowException(
airflow.exceptions.AirflowException: Bash command failed. The command returned a non-zero exit code 2.
[2026-02-11T18:51:50.245+0000] {taskinstance.py:1206} INFO - Marking task as UP_FOR_RETRY. dag_id=marketing_warehouse_pipeline, task_id=ingest_data, run_id=manual__2026-02-11T04:29:49.967202+00:00, execution_date=20260211T042949, start_date=20260211T185148, end_date=20260211T185150
[2026-02-11T18:51:50.292+0000] {standard_task_runner.py:110} ERROR - Failed to execute job 4 for task ingest_data (Bash command failed. The command returned a non-zero exit code 2.; 920)
[2026-02-11T18:51:50.307+0000] {local_task_job_runner.py:240} INFO - Task exited with return code 1
[2026-02-11T18:51:50.441+0000] {taskinstance.py:3498} INFO - 0 downstream tasks scheduled from follow-on schedule check
[2026-02-11T18:51:50.446+0000] {local_task_job_runner.py:222} INFO - ::endgroup::
