[2026-02-12T05:07:52.214+0000] {local_task_job_runner.py:120} INFO - ::group::Pre task execution logs
[2026-02-12T05:07:52.368+0000] {taskinstance.py:2076} INFO - Dependencies all met for dep_context=non-requeueable deps ti=<TaskInstance: marketing_warehouse_pipeline.ingest_google manual__2026-02-12T04:57:39.718806+00:00 [queued]>
[2026-02-12T05:07:52.380+0000] {taskinstance.py:2076} INFO - Dependencies all met for dep_context=requeueable deps ti=<TaskInstance: marketing_warehouse_pipeline.ingest_google manual__2026-02-12T04:57:39.718806+00:00 [queued]>
[2026-02-12T05:07:52.381+0000] {taskinstance.py:2306} INFO - Starting attempt 3 of 3
[2026-02-12T05:07:52.404+0000] {taskinstance.py:2330} INFO - Executing <Task(BashOperator): ingest_google> on 2026-02-12 04:57:39.718806+00:00
[2026-02-12T05:07:52.413+0000] {standard_task_runner.py:90} INFO - Running: ['airflow', 'tasks', 'run', 'marketing_warehouse_pipeline', 'ingest_google', 'manual__2026-02-12T04:57:39.718806+00:00', '--job-id', '39', '--raw', '--subdir', 'DAGS_FOLDER/marketing_warehouse_pipeline.py', '--cfg-path', '/tmp/tmpmz9ndv54']
[2026-02-12T05:07:52.416+0000] {standard_task_runner.py:91} INFO - Job 39: Subtask ingest_google
[2026-02-12T05:07:52.418+0000] {logging_mixin.py:188} WARNING - /home/airflow/.local/lib/python3.12/site-packages/airflow/task/task_runner/standard_task_runner.py:61 DeprecationWarning: This process (pid=363) is multi-threaded, use of fork() may lead to deadlocks in the child.
[2026-02-12T05:07:52.419+0000] {standard_task_runner.py:63} INFO - Started process 364 to run task
[2026-02-12T05:07:52.819+0000] {task_command.py:426} INFO - Running <TaskInstance: marketing_warehouse_pipeline.ingest_google manual__2026-02-12T04:57:39.718806+00:00 [running]> on host 1fba4c36ee31
[2026-02-12T05:07:53.405+0000] {taskinstance.py:2648} INFO - Exporting env vars: AIRFLOW_CTX_DAG_OWNER='data-engineering' AIRFLOW_CTX_DAG_ID='marketing_warehouse_pipeline' AIRFLOW_CTX_TASK_ID='ingest_google' AIRFLOW_CTX_EXECUTION_DATE='2026-02-12T04:57:39.718806+00:00' AIRFLOW_CTX_TRY_NUMBER='3' AIRFLOW_CTX_DAG_RUN_ID='manual__2026-02-12T04:57:39.718806+00:00'
[2026-02-12T05:07:53.406+0000] {taskinstance.py:430} INFO - ::endgroup::
[2026-02-12T05:07:53.424+0000] {subprocess.py:63} INFO - Tmp dir root location: /tmp
[2026-02-12T05:07:53.425+0000] {subprocess.py:75} INFO - Running command: ['/usr/bin/bash', '-c', 'python /opt/airflow/ingestion/load_google.py']
[2026-02-12T05:07:53.434+0000] {subprocess.py:86} INFO - Output:
[2026-02-12T05:07:54.583+0000] {subprocess.py:93} INFO - Total rows: 45
[2026-02-12T05:07:54.583+0000] {subprocess.py:93} INFO - Invalid rows: 0
[2026-02-12T05:07:54.584+0000] {subprocess.py:93} INFO - Valid rows: 45
[2026-02-12T05:07:54.585+0000] {subprocess.py:93} INFO - Traceback (most recent call last):
[2026-02-12T05:07:54.585+0000] {subprocess.py:93} INFO -   File "/opt/airflow/ingestion/load_google.py", line 98, in <module>
[2026-02-12T05:07:54.586+0000] {subprocess.py:93} INFO -     load_google(df)
[2026-02-12T05:07:54.587+0000] {subprocess.py:93} INFO -   File "/opt/airflow/ingestion/load_google.py", line 72, in load_google
[2026-02-12T05:07:54.589+0000] {subprocess.py:93} INFO -     conn = get_connection()
[2026-02-12T05:07:54.589+0000] {subprocess.py:93} INFO -            ^^^^^^^^^^^^^^^^
[2026-02-12T05:07:54.590+0000] {subprocess.py:93} INFO -   File "/opt/airflow/ingestion/db_utils.py", line 4, in get_connection
[2026-02-12T05:07:54.591+0000] {subprocess.py:93} INFO -     return psycopg2.connect(
[2026-02-12T05:07:54.592+0000] {subprocess.py:93} INFO -            ^^^^^^^^^^^^^^^^^
[2026-02-12T05:07:54.592+0000] {subprocess.py:93} INFO -   File "/home/airflow/.local/lib/python3.12/site-packages/psycopg2/__init__.py", line 122, in connect
[2026-02-12T05:07:54.593+0000] {subprocess.py:93} INFO -     conn = _connect(dsn, connection_factory=connection_factory, **kwasync)
[2026-02-12T05:07:54.594+0000] {subprocess.py:93} INFO -            ^^^^^^^^^^^^^^^^^^^^^^^^^^^^^^^^^^^^^^^^^^^^^^^^^^^^^^^^^^^^^^^
[2026-02-12T05:07:54.594+0000] {subprocess.py:93} INFO - psycopg2.OperationalError: connection to server at "localhost" (::1), port 5432 failed: Connection refused
[2026-02-12T05:07:54.595+0000] {subprocess.py:93} INFO - 	Is the server running on that host and accepting TCP/IP connections?
[2026-02-12T05:07:54.596+0000] {subprocess.py:93} INFO - connection to server at "localhost" (127.0.0.1), port 5432 failed: Connection refused
[2026-02-12T05:07:54.596+0000] {subprocess.py:93} INFO - 	Is the server running on that host and accepting TCP/IP connections?
[2026-02-12T05:07:54.597+0000] {subprocess.py:93} INFO - 
[2026-02-12T05:07:54.703+0000] {subprocess.py:97} INFO - Command exited with return code 1
[2026-02-12T05:07:54.704+0000] {taskinstance.py:441} INFO - ::group::Post task execution logs
[2026-02-12T05:07:54.847+0000] {taskinstance.py:2905} ERROR - Task failed with exception
Traceback (most recent call last):
  File "/home/airflow/.local/lib/python3.12/site-packages/airflow/models/taskinstance.py", line 465, in _execute_task
    result = _execute_callable(context=context, **execute_callable_kwargs)
             ^^^^^^^^^^^^^^^^^^^^^^^^^^^^^^^^^^^^^^^^^^^^^^^^^^^^^^^^^^^^^
  File "/home/airflow/.local/lib/python3.12/site-packages/airflow/models/taskinstance.py", line 432, in _execute_callable
    return execute_callable(context=context, **execute_callable_kwargs)
           ^^^^^^^^^^^^^^^^^^^^^^^^^^^^^^^^^^^^^^^^^^^^^^^^^^^^^^^^^^^^
  File "/home/airflow/.local/lib/python3.12/site-packages/airflow/models/baseoperator.py", line 400, in wrapper
    return func(self, *args, **kwargs)
           ^^^^^^^^^^^^^^^^^^^^^^^^^^^
  File "/home/airflow/.local/lib/python3.12/site-packages/airflow/operators/bash.py", line 243, in execute
    raise AirflowException(
airflow.exceptions.AirflowException: Bash command failed. The command returned a non-zero exit code 1.
[2026-02-12T05:07:54.854+0000] {taskinstance.py:1206} INFO - Marking task as FAILED. dag_id=marketing_warehouse_pipeline, task_id=ingest_google, run_id=manual__2026-02-12T04:57:39.718806+00:00, execution_date=20260212T045739, start_date=20260212T050752, end_date=20260212T050754
[2026-02-12T05:07:54.881+0000] {standard_task_runner.py:110} ERROR - Failed to execute job 39 for task ingest_google (Bash command failed. The command returned a non-zero exit code 1.; 364)
[2026-02-12T05:07:54.922+0000] {local_task_job_runner.py:240} INFO - Task exited with return code 1
[2026-02-12T05:07:55.073+0000] {local_task_job_runner.py:222} INFO - ::endgroup::
