[2026-02-13T05:39:45.980+0000] {local_task_job_runner.py:120} INFO - ::group::Pre task execution logs
[2026-02-13T05:39:46.330+0000] {taskinstance.py:2076} INFO - Dependencies all met for dep_context=non-requeueable deps ti=<TaskInstance: marketing_warehouse_pipeline.ingest_google manual__2026-02-13T05:39:42.113863+00:00 [queued]>
[2026-02-13T05:39:46.355+0000] {taskinstance.py:2076} INFO - Dependencies all met for dep_context=requeueable deps ti=<TaskInstance: marketing_warehouse_pipeline.ingest_google manual__2026-02-13T05:39:42.113863+00:00 [queued]>
[2026-02-13T05:39:46.356+0000] {taskinstance.py:2306} INFO - Starting attempt 1 of 3
[2026-02-13T05:39:46.435+0000] {taskinstance.py:2330} INFO - Executing <Task(BashOperator): ingest_google> on 2026-02-13 05:39:42.113863+00:00
[2026-02-13T05:39:46.456+0000] {standard_task_runner.py:90} INFO - Running: ['airflow', 'tasks', 'run', 'marketing_warehouse_pipeline', 'ingest_google', 'manual__2026-02-13T05:39:42.113863+00:00', '--job-id', '102', '--raw', '--subdir', 'DAGS_FOLDER/marketing_warehouse_pipeline.py', '--cfg-path', '/tmp/tmp16srj5st']
[2026-02-13T05:39:46.464+0000] {standard_task_runner.py:91} INFO - Job 102: Subtask ingest_google
[2026-02-13T05:39:46.469+0000] {logging_mixin.py:188} WARNING - /home/airflow/.local/lib/python3.12/site-packages/airflow/task/task_runner/standard_task_runner.py:61 DeprecationWarning: This process (pid=2370) is multi-threaded, use of fork() may lead to deadlocks in the child.
[2026-02-13T05:39:46.471+0000] {standard_task_runner.py:63} INFO - Started process 2375 to run task
[2026-02-13T05:39:47.169+0000] {task_command.py:426} INFO - Running <TaskInstance: marketing_warehouse_pipeline.ingest_google manual__2026-02-13T05:39:42.113863+00:00 [running]> on host 7fe2c4f78d9e
[2026-02-13T05:39:48.245+0000] {taskinstance.py:2648} INFO - Exporting env vars: AIRFLOW_CTX_DAG_OWNER='data-engineering' AIRFLOW_CTX_DAG_ID='marketing_warehouse_pipeline' AIRFLOW_CTX_TASK_ID='ingest_google' AIRFLOW_CTX_EXECUTION_DATE='2026-02-13T05:39:42.113863+00:00' AIRFLOW_CTX_TRY_NUMBER='1' AIRFLOW_CTX_DAG_RUN_ID='manual__2026-02-13T05:39:42.113863+00:00'
[2026-02-13T05:39:48.247+0000] {taskinstance.py:430} INFO - ::endgroup::
[2026-02-13T05:39:48.296+0000] {subprocess.py:63} INFO - Tmp dir root location: /tmp
[2026-02-13T05:39:48.299+0000] {subprocess.py:75} INFO - Running command: ['/usr/bin/bash', '-c', 'python /opt/airflow/ingestion/load_google.py']
[2026-02-13T05:39:48.315+0000] {subprocess.py:86} INFO - Output:
[2026-02-13T05:39:51.270+0000] {subprocess.py:93} INFO - Total rows: 45
[2026-02-13T05:39:51.272+0000] {subprocess.py:93} INFO - Invalid rows: 0
[2026-02-13T05:39:51.273+0000] {subprocess.py:93} INFO - Valid rows: 45
[2026-02-13T05:39:51.274+0000] {subprocess.py:93} INFO - Inserted 45 google rows
[2026-02-13T05:39:51.423+0000] {subprocess.py:97} INFO - Command exited with return code 0
[2026-02-13T05:39:51.425+0000] {taskinstance.py:441} INFO - ::group::Post task execution logs
[2026-02-13T05:39:52.134+0000] {taskinstance.py:1206} INFO - Marking task as SUCCESS. dag_id=marketing_warehouse_pipeline, task_id=ingest_google, run_id=manual__2026-02-13T05:39:42.113863+00:00, execution_date=20260213T053942, start_date=20260213T053946, end_date=20260213T053952
[2026-02-13T05:39:52.204+0000] {local_task_job_runner.py:240} INFO - Task exited with return code 0
[2026-02-13T05:39:52.380+0000] {local_task_job_runner.py:222} INFO - ::endgroup::
