[2026-02-12T04:57:42.333+0000] {local_task_job_runner.py:120} INFO - ::group::Pre task execution logs
[2026-02-12T04:57:42.488+0000] {taskinstance.py:2076} INFO - Dependencies all met for dep_context=non-requeueable deps ti=<TaskInstance: marketing_warehouse_pipeline.ingest_facebook manual__2026-02-12T04:57:39.718806+00:00 [queued]>
[2026-02-12T04:57:42.502+0000] {taskinstance.py:2076} INFO - Dependencies all met for dep_context=requeueable deps ti=<TaskInstance: marketing_warehouse_pipeline.ingest_facebook manual__2026-02-12T04:57:39.718806+00:00 [queued]>
[2026-02-12T04:57:42.503+0000] {taskinstance.py:2306} INFO - Starting attempt 1 of 3
[2026-02-12T04:57:42.538+0000] {taskinstance.py:2330} INFO - Executing <Task(BashOperator): ingest_facebook> on 2026-02-12 04:57:39.718806+00:00
[2026-02-12T04:57:42.568+0000] {standard_task_runner.py:90} INFO - Running: ['airflow', 'tasks', 'run', 'marketing_warehouse_pipeline', 'ingest_facebook', 'manual__2026-02-12T04:57:39.718806+00:00', '--job-id', '35', '--raw', '--subdir', 'DAGS_FOLDER/marketing_warehouse_pipeline.py', '--cfg-path', '/tmp/tmpxylixi2f']
[2026-02-12T04:57:42.578+0000] {standard_task_runner.py:91} INFO - Job 35: Subtask ingest_facebook
[2026-02-12T04:57:42.582+0000] {logging_mixin.py:188} WARNING - /home/airflow/.local/lib/python3.12/site-packages/airflow/task/task_runner/standard_task_runner.py:61 DeprecationWarning: This process (pid=193) is multi-threaded, use of fork() may lead to deadlocks in the child.
[2026-02-12T04:57:42.585+0000] {standard_task_runner.py:63} INFO - Started process 194 to run task
[2026-02-12T04:57:42.986+0000] {task_command.py:426} INFO - Running <TaskInstance: marketing_warehouse_pipeline.ingest_facebook manual__2026-02-12T04:57:39.718806+00:00 [running]> on host 1fba4c36ee31
[2026-02-12T04:57:43.551+0000] {taskinstance.py:2648} INFO - Exporting env vars: AIRFLOW_CTX_DAG_OWNER='data-engineering' AIRFLOW_CTX_DAG_ID='marketing_warehouse_pipeline' AIRFLOW_CTX_TASK_ID='ingest_facebook' AIRFLOW_CTX_EXECUTION_DATE='2026-02-12T04:57:39.718806+00:00' AIRFLOW_CTX_TRY_NUMBER='1' AIRFLOW_CTX_DAG_RUN_ID='manual__2026-02-12T04:57:39.718806+00:00'
[2026-02-12T04:57:43.553+0000] {taskinstance.py:430} INFO - ::endgroup::
[2026-02-12T04:57:43.600+0000] {subprocess.py:63} INFO - Tmp dir root location: /tmp
[2026-02-12T04:57:43.601+0000] {subprocess.py:75} INFO - Running command: ['/usr/bin/bash', '-c', 'python /opt/airflow/ingestion/load_facebook.py']
[2026-02-12T04:57:43.611+0000] {subprocess.py:86} INFO - Output:
[2026-02-12T04:57:45.866+0000] {subprocess.py:93} INFO - Raw rows: 45
[2026-02-12T04:57:45.867+0000] {subprocess.py:93} INFO - Total: 45
[2026-02-12T04:57:45.868+0000] {subprocess.py:93} INFO - Rejected: 6
[2026-02-12T04:57:45.868+0000] {subprocess.py:93} INFO - Valid: 39
[2026-02-12T04:57:45.869+0000] {subprocess.py:93} INFO - Traceback (most recent call last):
[2026-02-12T04:57:45.870+0000] {subprocess.py:93} INFO -   File "/opt/airflow/ingestion/load_facebook.py", line 79, in <module>
[2026-02-12T04:57:45.870+0000] {subprocess.py:93} INFO -     load_facebook(df)
[2026-02-12T04:57:45.871+0000] {subprocess.py:93} INFO -   File "/opt/airflow/ingestion/load_facebook.py", line 54, in load_facebook
[2026-02-12T04:57:45.873+0000] {subprocess.py:93} INFO -     conn = get_connection()
[2026-02-12T04:57:45.874+0000] {subprocess.py:93} INFO -            ^^^^^^^^^^^^^^^^
[2026-02-12T04:57:45.874+0000] {subprocess.py:93} INFO -   File "/opt/airflow/ingestion/db_utils.py", line 4, in get_connection
[2026-02-12T04:57:45.876+0000] {subprocess.py:93} INFO -     return psycopg2.connect(
[2026-02-12T04:57:45.877+0000] {subprocess.py:93} INFO -            ^^^^^^^^^^^^^^^^^
[2026-02-12T04:57:45.878+0000] {subprocess.py:93} INFO -   File "/home/airflow/.local/lib/python3.12/site-packages/psycopg2/__init__.py", line 122, in connect
[2026-02-12T04:57:45.879+0000] {subprocess.py:93} INFO -     conn = _connect(dsn, connection_factory=connection_factory, **kwasync)
[2026-02-12T04:57:45.879+0000] {subprocess.py:93} INFO -            ^^^^^^^^^^^^^^^^^^^^^^^^^^^^^^^^^^^^^^^^^^^^^^^^^^^^^^^^^^^^^^^
[2026-02-12T04:57:45.880+0000] {subprocess.py:93} INFO - psycopg2.OperationalError: connection to server at "localhost" (::1), port 5432 failed: Connection refused
[2026-02-12T04:57:45.880+0000] {subprocess.py:93} INFO - 	Is the server running on that host and accepting TCP/IP connections?
[2026-02-12T04:57:45.881+0000] {subprocess.py:93} INFO - connection to server at "localhost" (127.0.0.1), port 5432 failed: Connection refused
[2026-02-12T04:57:45.882+0000] {subprocess.py:93} INFO - 	Is the server running on that host and accepting TCP/IP connections?
[2026-02-12T04:57:45.882+0000] {subprocess.py:93} INFO - 
[2026-02-12T04:57:45.976+0000] {subprocess.py:97} INFO - Command exited with return code 1
[2026-02-12T04:57:45.977+0000] {taskinstance.py:441} INFO - ::group::Post task execution logs
[2026-02-12T04:57:46.111+0000] {taskinstance.py:2905} ERROR - Task failed with exception
Traceback (most recent call last):
  File "/home/airflow/.local/lib/python3.12/site-packages/airflow/models/taskinstance.py", line 465, in _execute_task
    result = _execute_callable(context=context, **execute_callable_kwargs)
             ^^^^^^^^^^^^^^^^^^^^^^^^^^^^^^^^^^^^^^^^^^^^^^^^^^^^^^^^^^^^^
  File "/home/airflow/.local/lib/python3.12/site-packages/airflow/models/taskinstance.py", line 432, in _execute_callable
    return execute_callable(context=context, **execute_callable_kwargs)
           ^^^^^^^^^^^^^^^^^^^^^^^^^^^^^^^^^^^^^^^^^^^^^^^^^^^^^^^^^^^^
  File "/home/airflow/.local/lib/python3.12/site-packages/airflow/models/baseoperator.py", line 400, in wrapper
    return func(self, *args, **kwargs)
           ^^^^^^^^^^^^^^^^^^^^^^^^^^^
  File "/home/airflow/.local/lib/python3.12/site-packages/airflow/operators/bash.py", line 243, in execute
    raise AirflowException(
airflow.exceptions.AirflowException: Bash command failed. The command returned a non-zero exit code 1.
[2026-02-12T04:57:46.116+0000] {taskinstance.py:1206} INFO - Marking task as UP_FOR_RETRY. dag_id=marketing_warehouse_pipeline, task_id=ingest_facebook, run_id=manual__2026-02-12T04:57:39.718806+00:00, execution_date=20260212T045739, start_date=20260212T045742, end_date=20260212T045746
[2026-02-12T04:57:46.147+0000] {standard_task_runner.py:110} ERROR - Failed to execute job 35 for task ingest_facebook (Bash command failed. The command returned a non-zero exit code 1.; 194)
[2026-02-12T04:57:46.175+0000] {local_task_job_runner.py:240} INFO - Task exited with return code 1
[2026-02-12T04:57:46.298+0000] {local_task_job_runner.py:222} INFO - ::endgroup::
