[2026-02-13T04:11:42.393+0000] {local_task_job_runner.py:120} INFO - ::group::Pre task execution logs
[2026-02-13T04:11:42.536+0000] {taskinstance.py:2076} INFO - Dependencies all met for dep_context=non-requeueable deps ti=<TaskInstance: marketing_warehouse_pipeline.ingest_facebook manual__2026-02-13T04:11:39.813821+00:00 [queued]>
[2026-02-13T04:11:42.549+0000] {taskinstance.py:2076} INFO - Dependencies all met for dep_context=requeueable deps ti=<TaskInstance: marketing_warehouse_pipeline.ingest_facebook manual__2026-02-13T04:11:39.813821+00:00 [queued]>
[2026-02-13T04:11:42.549+0000] {taskinstance.py:2306} INFO - Starting attempt 1 of 3
[2026-02-13T04:11:42.570+0000] {taskinstance.py:2330} INFO - Executing <Task(BashOperator): ingest_facebook> on 2026-02-13 04:11:39.813821+00:00
[2026-02-13T04:11:42.580+0000] {standard_task_runner.py:90} INFO - Running: ['airflow', 'tasks', 'run', 'marketing_warehouse_pipeline', 'ingest_facebook', 'manual__2026-02-13T04:11:39.813821+00:00', '--job-id', '92', '--raw', '--subdir', 'DAGS_FOLDER/marketing_warehouse_pipeline.py', '--cfg-path', '/tmp/tmp1i9nslj2']
[2026-02-13T04:11:42.582+0000] {standard_task_runner.py:91} INFO - Job 92: Subtask ingest_facebook
[2026-02-13T04:11:42.584+0000] {logging_mixin.py:188} WARNING - /home/airflow/.local/lib/python3.12/site-packages/airflow/task/task_runner/standard_task_runner.py:61 DeprecationWarning: This process (pid=1381) is multi-threaded, use of fork() may lead to deadlocks in the child.
[2026-02-13T04:11:42.585+0000] {standard_task_runner.py:63} INFO - Started process 1386 to run task
[2026-02-13T04:11:42.984+0000] {task_command.py:426} INFO - Running <TaskInstance: marketing_warehouse_pipeline.ingest_facebook manual__2026-02-13T04:11:39.813821+00:00 [running]> on host 7fe2c4f78d9e
[2026-02-13T04:11:43.806+0000] {taskinstance.py:2648} INFO - Exporting env vars: AIRFLOW_CTX_DAG_OWNER='data-engineering' AIRFLOW_CTX_DAG_ID='marketing_warehouse_pipeline' AIRFLOW_CTX_TASK_ID='ingest_facebook' AIRFLOW_CTX_EXECUTION_DATE='2026-02-13T04:11:39.813821+00:00' AIRFLOW_CTX_TRY_NUMBER='1' AIRFLOW_CTX_DAG_RUN_ID='manual__2026-02-13T04:11:39.813821+00:00'
[2026-02-13T04:11:43.807+0000] {taskinstance.py:430} INFO - ::endgroup::
[2026-02-13T04:11:43.833+0000] {subprocess.py:63} INFO - Tmp dir root location: /tmp
[2026-02-13T04:11:43.835+0000] {subprocess.py:75} INFO - Running command: ['/usr/bin/bash', '-c', 'python /opt/airflow/ingestion/load_facebook.py']
[2026-02-13T04:11:43.851+0000] {subprocess.py:86} INFO - Output:
[2026-02-13T04:11:46.211+0000] {subprocess.py:93} INFO - Raw rows: 45
[2026-02-13T04:11:46.212+0000] {subprocess.py:93} INFO - Total: 45
[2026-02-13T04:11:46.213+0000] {subprocess.py:93} INFO - Rejected: 6
[2026-02-13T04:11:46.213+0000] {subprocess.py:93} INFO -     campaign_id                campaign_name  ...   reach  frequency
[2026-02-13T04:11:46.214+0000] {subprocess.py:93} INFO - 2   fb_camp_001  Spring Collection Awareness  ...   63500       1.21
[2026-02-13T04:11:46.215+0000] {subprocess.py:93} INFO - 9   fb_camp_001  Spring Collection Awareness  ...   72500       1.21
[2026-02-13T04:11:46.216+0000] {subprocess.py:93} INFO - 12  fb_camp_001  Spring Collection Awareness  ...   42500       1.20
[2026-02-13T04:11:46.216+0000] {subprocess.py:93} INFO - 21  fb_camp_002  Conversion Campaign - Promo  ...   20600       1.21
[2026-02-13T04:11:46.217+0000] {subprocess.py:93} INFO - 35  fb_camp_003    Video Views - Brand Story  ...   65900       1.25
[2026-02-13T04:11:46.217+0000] {subprocess.py:93} INFO - 41  fb_camp_003    Video Views - Brand Story  ...  103500       1.25
[2026-02-13T04:11:46.218+0000] {subprocess.py:93} INFO - 
[2026-02-13T04:11:46.219+0000] {subprocess.py:93} INFO - [6 rows x 10 columns]
[2026-02-13T04:11:46.220+0000] {subprocess.py:93} INFO - Valid: 39
[2026-02-13T04:11:46.220+0000] {subprocess.py:93} INFO - Inserted 39 facebook rows
[2026-02-13T04:11:46.348+0000] {subprocess.py:97} INFO - Command exited with return code 0
[2026-02-13T04:11:46.350+0000] {taskinstance.py:441} INFO - ::group::Post task execution logs
[2026-02-13T04:11:46.749+0000] {taskinstance.py:1206} INFO - Marking task as SUCCESS. dag_id=marketing_warehouse_pipeline, task_id=ingest_facebook, run_id=manual__2026-02-13T04:11:39.813821+00:00, execution_date=20260213T041139, start_date=20260213T041142, end_date=20260213T041146
[2026-02-13T04:11:46.827+0000] {local_task_job_runner.py:240} INFO - Task exited with return code 0
[2026-02-13T04:11:47.061+0000] {taskinstance.py:3498} INFO - 0 downstream tasks scheduled from follow-on schedule check
[2026-02-13T04:11:47.067+0000] {local_task_job_runner.py:222} INFO - ::endgroup::
