[2026-02-13T06:11:09.912+0000] {local_task_job_runner.py:120} INFO - ::group::Pre task execution logs
[2026-02-13T06:11:10.386+0000] {taskinstance.py:2076} INFO - Dependencies all met for dep_context=non-requeueable deps ti=<TaskInstance: marketing_warehouse_pipeline.ingest_facebook manual__2026-02-13T06:11:05.855445+00:00 [queued]>
[2026-02-13T06:11:10.440+0000] {taskinstance.py:2076} INFO - Dependencies all met for dep_context=requeueable deps ti=<TaskInstance: marketing_warehouse_pipeline.ingest_facebook manual__2026-02-13T06:11:05.855445+00:00 [queued]>
[2026-02-13T06:11:10.447+0000] {taskinstance.py:2306} INFO - Starting attempt 1 of 3
[2026-02-13T06:11:10.505+0000] {taskinstance.py:2330} INFO - Executing <Task(BashOperator): ingest_facebook> on 2026-02-13 06:11:05.855445+00:00
[2026-02-13T06:11:10.521+0000] {standard_task_runner.py:90} INFO - Running: ['airflow', 'tasks', 'run', 'marketing_warehouse_pipeline', 'ingest_facebook', 'manual__2026-02-13T06:11:05.855445+00:00', '--job-id', '107', '--raw', '--subdir', 'DAGS_FOLDER/marketing_warehouse_pipeline.py', '--cfg-path', '/tmp/tmp26tqfyxw']
[2026-02-13T06:11:10.532+0000] {standard_task_runner.py:91} INFO - Job 107: Subtask ingest_facebook
[2026-02-13T06:11:10.536+0000] {logging_mixin.py:188} WARNING - /home/airflow/.local/lib/python3.12/site-packages/airflow/task/task_runner/standard_task_runner.py:61 DeprecationWarning: This process (pid=2737) is multi-threaded, use of fork() may lead to deadlocks in the child.
[2026-02-13T06:11:10.537+0000] {standard_task_runner.py:63} INFO - Started process 2740 to run task
[2026-02-13T06:11:11.321+0000] {task_command.py:426} INFO - Running <TaskInstance: marketing_warehouse_pipeline.ingest_facebook manual__2026-02-13T06:11:05.855445+00:00 [running]> on host 7fe2c4f78d9e
[2026-02-13T06:11:12.397+0000] {taskinstance.py:2648} INFO - Exporting env vars: AIRFLOW_CTX_DAG_OWNER='data-engineering' AIRFLOW_CTX_DAG_ID='marketing_warehouse_pipeline' AIRFLOW_CTX_TASK_ID='ingest_facebook' AIRFLOW_CTX_EXECUTION_DATE='2026-02-13T06:11:05.855445+00:00' AIRFLOW_CTX_TRY_NUMBER='1' AIRFLOW_CTX_DAG_RUN_ID='manual__2026-02-13T06:11:05.855445+00:00'
[2026-02-13T06:11:12.399+0000] {taskinstance.py:430} INFO - ::endgroup::
[2026-02-13T06:11:12.432+0000] {subprocess.py:63} INFO - Tmp dir root location: /tmp
[2026-02-13T06:11:12.433+0000] {subprocess.py:75} INFO - Running command: ['/usr/bin/bash', '-c', 'python /opt/airflow/ingestion/load_facebook.py']
[2026-02-13T06:11:12.448+0000] {subprocess.py:86} INFO - Output:
[2026-02-13T06:11:15.230+0000] {subprocess.py:93} INFO - Raw rows: 45
[2026-02-13T06:11:15.231+0000] {subprocess.py:93} INFO - Total: 45
[2026-02-13T06:11:15.232+0000] {subprocess.py:93} INFO - Rejected: 6
[2026-02-13T06:11:15.233+0000] {subprocess.py:93} INFO -     campaign_id                campaign_name  ...   reach  frequency
[2026-02-13T06:11:15.234+0000] {subprocess.py:93} INFO - 2   fb_camp_001  Spring Collection Awareness  ...   63500       1.21
[2026-02-13T06:11:15.235+0000] {subprocess.py:93} INFO - 9   fb_camp_001  Spring Collection Awareness  ...   72500       1.21
[2026-02-13T06:11:15.236+0000] {subprocess.py:93} INFO - 12  fb_camp_001  Spring Collection Awareness  ...   42500       1.20
[2026-02-13T06:11:15.237+0000] {subprocess.py:93} INFO - 21  fb_camp_002  Conversion Campaign - Promo  ...   20600       1.21
[2026-02-13T06:11:15.238+0000] {subprocess.py:93} INFO - 35  fb_camp_003    Video Views - Brand Story  ...   65900       1.25
[2026-02-13T06:11:15.239+0000] {subprocess.py:93} INFO - 41  fb_camp_003    Video Views - Brand Story  ...  103500       1.25
[2026-02-13T06:11:15.240+0000] {subprocess.py:93} INFO - 
[2026-02-13T06:11:15.241+0000] {subprocess.py:93} INFO - [6 rows x 10 columns]
[2026-02-13T06:11:15.242+0000] {subprocess.py:93} INFO - Valid: 39
[2026-02-13T06:11:15.243+0000] {subprocess.py:93} INFO - Inserted 39 facebook rows
[2026-02-13T06:11:15.363+0000] {subprocess.py:97} INFO - Command exited with return code 0
[2026-02-13T06:11:15.365+0000] {taskinstance.py:441} INFO - ::group::Post task execution logs
[2026-02-13T06:11:16.028+0000] {taskinstance.py:1206} INFO - Marking task as SUCCESS. dag_id=marketing_warehouse_pipeline, task_id=ingest_facebook, run_id=manual__2026-02-13T06:11:05.855445+00:00, execution_date=20260213T061105, start_date=20260213T061110, end_date=20260213T061116
[2026-02-13T06:11:16.201+0000] {local_task_job_runner.py:240} INFO - Task exited with return code 0
[2026-02-13T06:11:16.550+0000] {taskinstance.py:3498} INFO - 0 downstream tasks scheduled from follow-on schedule check
[2026-02-13T06:11:16.557+0000] {local_task_job_runner.py:222} INFO - ::endgroup::
