[2026-02-13T06:12:16.738+0000] {local_task_job_runner.py:120} INFO - ::group::Pre task execution logs
[2026-02-13T06:12:16.921+0000] {taskinstance.py:2076} INFO - Dependencies all met for dep_context=non-requeueable deps ti=<TaskInstance: marketing_warehouse_pipeline.ingest_crm manual__2026-02-13T06:12:14.236394+00:00 [queued]>
[2026-02-13T06:12:16.936+0000] {taskinstance.py:2076} INFO - Dependencies all met for dep_context=requeueable deps ti=<TaskInstance: marketing_warehouse_pipeline.ingest_crm manual__2026-02-13T06:12:14.236394+00:00 [queued]>
[2026-02-13T06:12:16.937+0000] {taskinstance.py:2306} INFO - Starting attempt 1 of 3
[2026-02-13T06:12:16.964+0000] {taskinstance.py:2330} INFO - Executing <Task(BashOperator): ingest_crm> on 2026-02-13 06:12:14.236394+00:00
[2026-02-13T06:12:16.979+0000] {standard_task_runner.py:90} INFO - Running: ['airflow', 'tasks', 'run', 'marketing_warehouse_pipeline', 'ingest_crm', 'manual__2026-02-13T06:12:14.236394+00:00', '--job-id', '112', '--raw', '--subdir', 'DAGS_FOLDER/marketing_warehouse_pipeline.py', '--cfg-path', '/tmp/tmp6ipe8lrq']
[2026-02-13T06:12:16.984+0000] {standard_task_runner.py:91} INFO - Job 112: Subtask ingest_crm
[2026-02-13T06:12:16.988+0000] {logging_mixin.py:188} WARNING - /home/airflow/.local/lib/python3.12/site-packages/airflow/task/task_runner/standard_task_runner.py:61 DeprecationWarning: This process (pid=2809) is multi-threaded, use of fork() may lead to deadlocks in the child.
[2026-02-13T06:12:16.989+0000] {standard_task_runner.py:63} INFO - Started process 2812 to run task
[2026-02-13T06:12:17.479+0000] {task_command.py:426} INFO - Running <TaskInstance: marketing_warehouse_pipeline.ingest_crm manual__2026-02-13T06:12:14.236394+00:00 [running]> on host 7fe2c4f78d9e
[2026-02-13T06:12:18.330+0000] {taskinstance.py:2648} INFO - Exporting env vars: AIRFLOW_CTX_DAG_OWNER='data-engineering' AIRFLOW_CTX_DAG_ID='marketing_warehouse_pipeline' AIRFLOW_CTX_TASK_ID='ingest_crm' AIRFLOW_CTX_EXECUTION_DATE='2026-02-13T06:12:14.236394+00:00' AIRFLOW_CTX_TRY_NUMBER='1' AIRFLOW_CTX_DAG_RUN_ID='manual__2026-02-13T06:12:14.236394+00:00'
[2026-02-13T06:12:18.331+0000] {taskinstance.py:430} INFO - ::endgroup::
[2026-02-13T06:12:18.364+0000] {subprocess.py:63} INFO - Tmp dir root location: /tmp
[2026-02-13T06:12:18.365+0000] {subprocess.py:75} INFO - Running command: ['/usr/bin/bash', '-c', 'python /opt/airflow/ingestion/load_crm.py']
[2026-02-13T06:12:18.378+0000] {subprocess.py:86} INFO - Output:
[2026-02-13T06:12:21.494+0000] {subprocess.py:93} INFO - Structurally bad rows: 1
[2026-02-13T06:12:21.496+0000] {subprocess.py:93} INFO - Revenue bounds:
[2026-02-13T06:12:21.497+0000] {subprocess.py:93} INFO - Lower: -271.0
[2026-02-13T06:12:21.498+0000] {subprocess.py:93} INFO - Upper: 689.0
[2026-02-13T06:12:21.500+0000] {subprocess.py:93} INFO - Outliers found: 1
[2026-02-13T06:12:21.501+0000] {subprocess.py:93} INFO - Valid rows after DQ: 78
[2026-02-13T06:12:21.502+0000] {subprocess.py:93} INFO - Unique order_ids after dedupe: 78
[2026-02-13T06:12:21.503+0000] {subprocess.py:93} INFO - Parsed rows: 84
[2026-02-13T06:12:21.505+0000] {subprocess.py:93} INFO - Rejected rows: 3
[2026-02-13T06:12:21.507+0000] {subprocess.py:93} INFO -      order_id customer_id  ...       date        _dq_reason
[2026-02-13T06:12:21.509+0000] {subprocess.py:93} INFO - 7   ORD-10008   CUST-6789  ... 2024-01-02  missing_required
[2026-02-13T06:12:21.513+0000] {subprocess.py:93} INFO - 76  ORD-10076   CUST-1098  ... 2024-01-15  negative_revenue
[2026-02-13T06:12:21.514+0000] {subprocess.py:93} INFO - 81  ORD-10081   CUST-2109  ... 2024-01-15   revenue_outlier
[2026-02-13T06:12:21.515+0000] {subprocess.py:93} INFO - 
[2026-02-13T06:12:21.516+0000] {subprocess.py:93} INFO - [3 rows x 10 columns]
[2026-02-13T06:12:21.518+0000] {subprocess.py:93} INFO - Valid rows: 78
[2026-02-13T06:12:21.519+0000] {subprocess.py:93} INFO - Valid unique order_ids: 78
[2026-02-13T06:12:21.520+0000] {subprocess.py:93} INFO - Rows to upsert: 78
[2026-02-13T06:12:21.521+0000] {subprocess.py:93} INFO - Unique order_ids before load: 78
[2026-02-13T06:12:21.522+0000] {subprocess.py:93} INFO - Upserted 78 CRM rows
[2026-02-13T06:12:21.682+0000] {subprocess.py:97} INFO - Command exited with return code 0
[2026-02-13T06:12:21.684+0000] {taskinstance.py:441} INFO - ::group::Post task execution logs
[2026-02-13T06:12:22.239+0000] {taskinstance.py:1206} INFO - Marking task as SUCCESS. dag_id=marketing_warehouse_pipeline, task_id=ingest_crm, run_id=manual__2026-02-13T06:12:14.236394+00:00, execution_date=20260213T061214, start_date=20260213T061216, end_date=20260213T061222
[2026-02-13T06:12:22.578+0000] {local_task_job_runner.py:240} INFO - Task exited with return code 0
[2026-02-13T06:12:22.901+0000] {taskinstance.py:3498} INFO - 1 downstream tasks scheduled from follow-on schedule check
[2026-02-13T06:12:22.907+0000] {local_task_job_runner.py:222} INFO - ::endgroup::
