[2026-02-12T02:34:02.978+0000] {local_task_job_runner.py:120} INFO - ::group::Pre task execution logs
[2026-02-12T02:34:03.130+0000] {taskinstance.py:2076} INFO - Dependencies all met for dep_context=non-requeueable deps ti=<TaskInstance: marketing_warehouse_pipeline.ingest_crm manual__2026-02-12T02:28:56.799823+00:00 [queued]>
[2026-02-12T02:34:03.141+0000] {taskinstance.py:2076} INFO - Dependencies all met for dep_context=requeueable deps ti=<TaskInstance: marketing_warehouse_pipeline.ingest_crm manual__2026-02-12T02:28:56.799823+00:00 [queued]>
[2026-02-12T02:34:03.142+0000] {taskinstance.py:2306} INFO - Starting attempt 2 of 3
[2026-02-12T02:34:03.169+0000] {taskinstance.py:2330} INFO - Executing <Task(BashOperator): ingest_crm> on 2026-02-12 02:28:56.799823+00:00
[2026-02-12T02:34:03.177+0000] {standard_task_runner.py:90} INFO - Running: ['airflow', 'tasks', 'run', 'marketing_warehouse_pipeline', 'ingest_crm', 'manual__2026-02-12T02:28:56.799823+00:00', '--job-id', '26', '--raw', '--subdir', 'DAGS_FOLDER/marketing_warehouse_pipeline.py', '--cfg-path', '/tmp/tmps28phi40']
[2026-02-12T02:34:03.181+0000] {standard_task_runner.py:91} INFO - Job 26: Subtask ingest_crm
[2026-02-12T02:34:03.185+0000] {logging_mixin.py:188} WARNING - /home/airflow/.local/lib/python3.12/site-packages/airflow/task/task_runner/standard_task_runner.py:61 DeprecationWarning: This process (pid=3946) is multi-threaded, use of fork() may lead to deadlocks in the child.
[2026-02-12T02:34:03.186+0000] {standard_task_runner.py:63} INFO - Started process 3950 to run task
[2026-02-12T02:34:03.590+0000] {task_command.py:426} INFO - Running <TaskInstance: marketing_warehouse_pipeline.ingest_crm manual__2026-02-12T02:28:56.799823+00:00 [running]> on host 5c7efdc1cf0a
[2026-02-12T02:34:04.143+0000] {taskinstance.py:2648} INFO - Exporting env vars: AIRFLOW_CTX_DAG_OWNER='data-engineering' AIRFLOW_CTX_DAG_ID='marketing_warehouse_pipeline' AIRFLOW_CTX_TASK_ID='ingest_crm' AIRFLOW_CTX_EXECUTION_DATE='2026-02-12T02:28:56.799823+00:00' AIRFLOW_CTX_TRY_NUMBER='2' AIRFLOW_CTX_DAG_RUN_ID='manual__2026-02-12T02:28:56.799823+00:00'
[2026-02-12T02:34:04.144+0000] {taskinstance.py:430} INFO - ::endgroup::
[2026-02-12T02:34:04.163+0000] {subprocess.py:63} INFO - Tmp dir root location: /tmp
[2026-02-12T02:34:04.164+0000] {subprocess.py:75} INFO - Running command: ['/usr/bin/bash', '-c', 'python /opt/airflow/ingestion/load_crm.py']
[2026-02-12T02:34:04.173+0000] {subprocess.py:86} INFO - Output:
[2026-02-12T02:34:04.247+0000] {subprocess.py:93} INFO - python: can't open file '/opt/airflow/ingestion/load_crm.py': [Errno 2] No such file or directory
[2026-02-12T02:34:04.252+0000] {subprocess.py:97} INFO - Command exited with return code 2
[2026-02-12T02:34:04.253+0000] {taskinstance.py:441} INFO - ::group::Post task execution logs
[2026-02-12T02:34:04.368+0000] {taskinstance.py:2905} ERROR - Task failed with exception
Traceback (most recent call last):
  File "/home/airflow/.local/lib/python3.12/site-packages/airflow/models/taskinstance.py", line 465, in _execute_task
    result = _execute_callable(context=context, **execute_callable_kwargs)
             ^^^^^^^^^^^^^^^^^^^^^^^^^^^^^^^^^^^^^^^^^^^^^^^^^^^^^^^^^^^^^
  File "/home/airflow/.local/lib/python3.12/site-packages/airflow/models/taskinstance.py", line 432, in _execute_callable
    return execute_callable(context=context, **execute_callable_kwargs)
           ^^^^^^^^^^^^^^^^^^^^^^^^^^^^^^^^^^^^^^^^^^^^^^^^^^^^^^^^^^^^
  File "/home/airflow/.local/lib/python3.12/site-packages/airflow/models/baseoperator.py", line 400, in wrapper
    return func(self, *args, **kwargs)
           ^^^^^^^^^^^^^^^^^^^^^^^^^^^
  File "/home/airflow/.local/lib/python3.12/site-packages/airflow/operators/bash.py", line 243, in execute
    raise AirflowException(
airflow.exceptions.AirflowException: Bash command failed. The command returned a non-zero exit code 2.
[2026-02-12T02:34:04.373+0000] {taskinstance.py:1206} INFO - Marking task as UP_FOR_RETRY. dag_id=marketing_warehouse_pipeline, task_id=ingest_crm, run_id=manual__2026-02-12T02:28:56.799823+00:00, execution_date=20260212T022856, start_date=20260212T023403, end_date=20260212T023404
[2026-02-12T02:34:04.405+0000] {standard_task_runner.py:110} ERROR - Failed to execute job 26 for task ingest_crm (Bash command failed. The command returned a non-zero exit code 2.; 3950)
[2026-02-12T02:34:04.444+0000] {local_task_job_runner.py:240} INFO - Task exited with return code 1
[2026-02-12T02:34:04.585+0000] {local_task_job_runner.py:222} INFO - ::endgroup::
