[2026-02-13T06:12:24.181+0000] {local_task_job_runner.py:120} INFO - ::group::Pre task execution logs
[2026-02-13T06:12:24.478+0000] {taskinstance.py:2076} INFO - Dependencies all met for dep_context=non-requeueable deps ti=<TaskInstance: marketing_warehouse_pipeline.dbt_run manual__2026-02-13T06:12:14.236394+00:00 [queued]>
[2026-02-13T06:12:24.517+0000] {taskinstance.py:2076} INFO - Dependencies all met for dep_context=requeueable deps ti=<TaskInstance: marketing_warehouse_pipeline.dbt_run manual__2026-02-13T06:12:14.236394+00:00 [queued]>
[2026-02-13T06:12:24.518+0000] {taskinstance.py:2306} INFO - Starting attempt 1 of 3
[2026-02-13T06:12:24.565+0000] {taskinstance.py:2330} INFO - Executing <Task(BashOperator): dbt_run> on 2026-02-13 06:12:14.236394+00:00
[2026-02-13T06:12:24.579+0000] {standard_task_runner.py:90} INFO - Running: ['airflow', 'tasks', 'run', 'marketing_warehouse_pipeline', 'dbt_run', 'manual__2026-02-13T06:12:14.236394+00:00', '--job-id', '113', '--raw', '--subdir', 'DAGS_FOLDER/marketing_warehouse_pipeline.py', '--cfg-path', '/tmp/tmpw7a6ac0m']
[2026-02-13T06:12:24.583+0000] {standard_task_runner.py:91} INFO - Job 113: Subtask dbt_run
[2026-02-13T06:12:24.587+0000] {logging_mixin.py:188} WARNING - /home/airflow/.local/lib/python3.12/site-packages/airflow/task/task_runner/standard_task_runner.py:61 DeprecationWarning: This process (pid=2840) is multi-threaded, use of fork() may lead to deadlocks in the child.
[2026-02-13T06:12:24.589+0000] {standard_task_runner.py:63} INFO - Started process 2841 to run task
[2026-02-13T06:12:25.130+0000] {task_command.py:426} INFO - Running <TaskInstance: marketing_warehouse_pipeline.dbt_run manual__2026-02-13T06:12:14.236394+00:00 [running]> on host 7fe2c4f78d9e
[2026-02-13T06:12:25.813+0000] {taskinstance.py:2648} INFO - Exporting env vars: AIRFLOW_CTX_DAG_OWNER='data-engineering' AIRFLOW_CTX_DAG_ID='marketing_warehouse_pipeline' AIRFLOW_CTX_TASK_ID='dbt_run' AIRFLOW_CTX_EXECUTION_DATE='2026-02-13T06:12:14.236394+00:00' AIRFLOW_CTX_TRY_NUMBER='1' AIRFLOW_CTX_DAG_RUN_ID='manual__2026-02-13T06:12:14.236394+00:00'
[2026-02-13T06:12:25.814+0000] {taskinstance.py:430} INFO - ::endgroup::
[2026-02-13T06:12:25.840+0000] {subprocess.py:63} INFO - Tmp dir root location: /tmp
[2026-02-13T06:12:25.842+0000] {subprocess.py:75} INFO - Running command: ['/usr/bin/bash', '-c', '\n    cd /opt/airflow/dbt/campaignwarehouse &&\n    dbt run --profiles-dir /opt/airflow/dbt\n    ']
[2026-02-13T06:12:25.855+0000] {subprocess.py:86} INFO - Output:
[2026-02-13T06:12:29.757+0000] {subprocess.py:93} INFO - [0m06:12:29  Running with dbt=1.11.3
[2026-02-13T06:12:30.277+0000] {subprocess.py:93} INFO - [0m06:12:30  Registered adapter: postgres=1.10.0
[2026-02-13T06:12:31.089+0000] {subprocess.py:93} INFO - [0m06:12:31  [[33mWARNING[0m]: Configuration paths exist in your dbt_project.yml file which do not apply to any resources.
[2026-02-13T06:12:31.090+0000] {subprocess.py:93} INFO - There are 1 unused configuration paths:
[2026-02-13T06:12:31.091+0000] {subprocess.py:93} INFO - - models.campaignwarehouse.example
[2026-02-13T06:12:31.654+0000] {subprocess.py:93} INFO - [0m06:12:31  Found 8 models, 15 data tests, 3 sources, 464 macros
[2026-02-13T06:12:31.662+0000] {subprocess.py:93} INFO - [0m06:12:31
[2026-02-13T06:12:31.664+0000] {subprocess.py:93} INFO - [0m06:12:31  Concurrency: 4 threads (target='dev')
[2026-02-13T06:12:31.666+0000] {subprocess.py:93} INFO - [0m06:12:31
[2026-02-13T06:12:32.178+0000] {subprocess.py:93} INFO - [0m06:12:32  1 of 8 START sql view model public.int_ads_facebook ............................ [RUN]
[2026-02-13T06:12:32.180+0000] {subprocess.py:93} INFO - [0m06:12:32  2 of 8 START sql view model public.int_ads_google .............................. [RUN]
[2026-02-13T06:12:32.182+0000] {subprocess.py:93} INFO - [0m06:12:32  3 of 8 START sql view model public.int_crm_revenue ............................. [RUN]
[2026-02-13T06:12:32.736+0000] {subprocess.py:93} INFO - [0m06:12:32  1 of 8 OK created sql view model public.int_ads_facebook ....................... [[32mCREATE VIEW[0m in 0.54s]
[2026-02-13T06:12:32.745+0000] {subprocess.py:93} INFO - [0m06:12:32  2 of 8 OK created sql view model public.int_ads_google ......................... [[32mCREATE VIEW[0m in 0.55s]
[2026-02-13T06:12:32.747+0000] {subprocess.py:93} INFO - [0m06:12:32  3 of 8 OK created sql view model public.int_crm_revenue ........................ [[32mCREATE VIEW[0m in 0.55s]
[2026-02-13T06:12:32.761+0000] {subprocess.py:93} INFO - [0m06:12:32  4 of 8 START sql table model public.dim_campaign ............................... [RUN]
[2026-02-13T06:12:32.762+0000] {subprocess.py:93} INFO - [0m06:12:32  5 of 8 START sql table model public.fct_campaign_performance ................... [RUN]
[2026-02-13T06:12:32.764+0000] {subprocess.py:93} INFO - [0m06:12:32  6 of 8 START sql table model public.dim_channel ................................ [RUN]
[2026-02-13T06:12:32.767+0000] {subprocess.py:93} INFO - [0m06:12:32  7 of 8 START sql table model public.dim_date ................................... [RUN]
[2026-02-13T06:12:33.514+0000] {subprocess.py:93} INFO - [0m06:12:33  5 of 8 OK created sql table model public.fct_campaign_performance .............. [[32mSELECT 84[0m in 0.74s]
[2026-02-13T06:12:33.544+0000] {subprocess.py:93} INFO - [0m06:12:33  4 of 8 OK created sql table model public.dim_campaign .......................... [[32mSELECT 6[0m in 0.76s]
[2026-02-13T06:12:33.546+0000] {subprocess.py:93} INFO - [0m06:12:33  7 of 8 OK created sql table model public.dim_date .............................. [[32mSELECT 15[0m in 0.76s]
[2026-02-13T06:12:33.549+0000] {subprocess.py:93} INFO - [0m06:12:33  8 of 8 START sql table model public.fct_revenue_attribution .................... [RUN]
[2026-02-13T06:12:33.552+0000] {subprocess.py:93} INFO - [0m06:12:33  6 of 8 OK created sql table model public.dim_channel ........................... [[32mSELECT 2[0m in 0.77s]
[2026-02-13T06:12:33.892+0000] {subprocess.py:93} INFO - [0m06:12:33  8 of 8 OK created sql table model public.fct_revenue_attribution ............... [[32mSELECT 69[0m in 0.33s]
[2026-02-13T06:12:34.059+0000] {subprocess.py:93} INFO - [0m06:12:34
[2026-02-13T06:12:34.061+0000] {subprocess.py:93} INFO - [0m06:12:34  Finished running 5 table models, 3 view models in 0 hours 0 minutes and 2.39 seconds (2.39s).
[2026-02-13T06:12:34.191+0000] {subprocess.py:93} INFO - [0m06:12:34
[2026-02-13T06:12:34.193+0000] {subprocess.py:93} INFO - [0m06:12:34  [32mCompleted successfully[0m
[2026-02-13T06:12:34.195+0000] {subprocess.py:93} INFO - [0m06:12:34
[2026-02-13T06:12:34.197+0000] {subprocess.py:93} INFO - [0m06:12:34  Done. PASS=8 WARN=0 ERROR=0 SKIP=0 NO-OP=0 TOTAL=8
[2026-02-13T06:12:34.840+0000] {subprocess.py:97} INFO - Command exited with return code 0
[2026-02-13T06:12:34.841+0000] {taskinstance.py:441} INFO - ::group::Post task execution logs
[2026-02-13T06:12:35.090+0000] {taskinstance.py:1206} INFO - Marking task as SUCCESS. dag_id=marketing_warehouse_pipeline, task_id=dbt_run, run_id=manual__2026-02-13T06:12:14.236394+00:00, execution_date=20260213T061214, start_date=20260213T061224, end_date=20260213T061235
[2026-02-13T06:12:35.172+0000] {local_task_job_runner.py:240} INFO - Task exited with return code 0
[2026-02-13T06:12:35.312+0000] {taskinstance.py:3498} INFO - 1 downstream tasks scheduled from follow-on schedule check
[2026-02-13T06:12:35.318+0000] {local_task_job_runner.py:222} INFO - ::endgroup::
