[2026-02-12T06:45:32.796+0000] {local_task_job_runner.py:120} INFO - ::group::Pre task execution logs
[2026-02-12T06:45:33.022+0000] {taskinstance.py:2076} INFO - Dependencies all met for dep_context=non-requeueable deps ti=<TaskInstance: marketing_warehouse_pipeline.ingest_crm manual__2026-02-12T06:45:30.569627+00:00 [queued]>
[2026-02-12T06:45:33.041+0000] {taskinstance.py:2076} INFO - Dependencies all met for dep_context=requeueable deps ti=<TaskInstance: marketing_warehouse_pipeline.ingest_crm manual__2026-02-12T06:45:30.569627+00:00 [queued]>
[2026-02-12T06:45:33.042+0000] {taskinstance.py:2306} INFO - Starting attempt 1 of 3
[2026-02-12T06:45:33.096+0000] {taskinstance.py:2330} INFO - Executing <Task(BashOperator): ingest_crm> on 2026-02-12 06:45:30.569627+00:00
[2026-02-12T06:45:33.117+0000] {standard_task_runner.py:90} INFO - Running: ['airflow', 'tasks', 'run', 'marketing_warehouse_pipeline', 'ingest_crm', 'manual__2026-02-12T06:45:30.569627+00:00', '--job-id', '79', '--raw', '--subdir', 'DAGS_FOLDER/marketing_warehouse_pipeline.py', '--cfg-path', '/tmp/tmp_jalyny0']
[2026-02-12T06:45:33.124+0000] {standard_task_runner.py:91} INFO - Job 79: Subtask ingest_crm
[2026-02-12T06:45:33.132+0000] {logging_mixin.py:188} WARNING - /home/airflow/.local/lib/python3.12/site-packages/airflow/task/task_runner/standard_task_runner.py:61 DeprecationWarning: This process (pid=1276) is multi-threaded, use of fork() may lead to deadlocks in the child.
[2026-02-12T06:45:33.136+0000] {standard_task_runner.py:63} INFO - Started process 1280 to run task
[2026-02-12T06:45:33.852+0000] {task_command.py:426} INFO - Running <TaskInstance: marketing_warehouse_pipeline.ingest_crm manual__2026-02-12T06:45:30.569627+00:00 [running]> on host 1fba4c36ee31
[2026-02-12T06:45:34.710+0000] {taskinstance.py:2648} INFO - Exporting env vars: AIRFLOW_CTX_DAG_OWNER='data-engineering' AIRFLOW_CTX_DAG_ID='marketing_warehouse_pipeline' AIRFLOW_CTX_TASK_ID='ingest_crm' AIRFLOW_CTX_EXECUTION_DATE='2026-02-12T06:45:30.569627+00:00' AIRFLOW_CTX_TRY_NUMBER='1' AIRFLOW_CTX_DAG_RUN_ID='manual__2026-02-12T06:45:30.569627+00:00'
[2026-02-12T06:45:34.712+0000] {taskinstance.py:430} INFO - ::endgroup::
[2026-02-12T06:45:34.825+0000] {subprocess.py:63} INFO - Tmp dir root location: /tmp
[2026-02-12T06:45:34.829+0000] {subprocess.py:75} INFO - Running command: ['/usr/bin/bash', '-c', 'python /opt/airflow/ingestion/load_crm.py']
[2026-02-12T06:45:34.847+0000] {subprocess.py:86} INFO - Output:
[2026-02-12T06:45:36.781+0000] {subprocess.py:93} INFO - Structurally bad rows: 1
[2026-02-12T06:45:36.782+0000] {subprocess.py:93} INFO - Parsed rows: 84
[2026-02-12T06:45:36.783+0000] {subprocess.py:93} INFO - Rejected rows: 26
[2026-02-12T06:45:36.784+0000] {subprocess.py:93} INFO - Valid rows: 58
[2026-02-12T06:45:36.785+0000] {subprocess.py:93} INFO - Inserted 57 CRM rows
[2026-02-12T06:45:36.912+0000] {subprocess.py:97} INFO - Command exited with return code 0
[2026-02-12T06:45:36.913+0000] {taskinstance.py:441} INFO - ::group::Post task execution logs
[2026-02-12T06:45:37.260+0000] {taskinstance.py:1206} INFO - Marking task as SUCCESS. dag_id=marketing_warehouse_pipeline, task_id=ingest_crm, run_id=manual__2026-02-12T06:45:30.569627+00:00, execution_date=20260212T064530, start_date=20260212T064533, end_date=20260212T064537
[2026-02-12T06:45:37.329+0000] {local_task_job_runner.py:240} INFO - Task exited with return code 0
[2026-02-12T06:45:37.517+0000] {taskinstance.py:3498} INFO - 0 downstream tasks scheduled from follow-on schedule check
[2026-02-12T06:45:37.522+0000] {local_task_job_runner.py:222} INFO - ::endgroup::
