[2026-02-13T06:36:12.597+0000] {local_task_job_runner.py:120} INFO - ::group::Pre task execution logs
[2026-02-13T06:36:12.797+0000] {taskinstance.py:2076} INFO - Dependencies all met for dep_context=non-requeueable deps ti=<TaskInstance: marketing_warehouse_pipeline.dbt_run manual__2026-02-13T06:36:05.513092+00:00 [queued]>
[2026-02-13T06:36:12.813+0000] {taskinstance.py:2076} INFO - Dependencies all met for dep_context=requeueable deps ti=<TaskInstance: marketing_warehouse_pipeline.dbt_run manual__2026-02-13T06:36:05.513092+00:00 [queued]>
[2026-02-13T06:36:12.814+0000] {taskinstance.py:2306} INFO - Starting attempt 1 of 3
[2026-02-13T06:36:12.846+0000] {taskinstance.py:2330} INFO - Executing <Task(BashOperator): dbt_run> on 2026-02-13 06:36:05.513092+00:00
[2026-02-13T06:36:12.859+0000] {standard_task_runner.py:90} INFO - Running: ['airflow', 'tasks', 'run', 'marketing_warehouse_pipeline', 'dbt_run', 'manual__2026-02-13T06:36:05.513092+00:00', '--job-id', '123', '--raw', '--subdir', 'DAGS_FOLDER/marketing_warehouse_pipeline.py', '--cfg-path', '/tmp/tmpw1ou8j0p']
[2026-02-13T06:36:12.863+0000] {standard_task_runner.py:91} INFO - Job 123: Subtask dbt_run
[2026-02-13T06:36:12.863+0000] {logging_mixin.py:188} WARNING - /home/airflow/.local/lib/python3.12/site-packages/airflow/task/task_runner/standard_task_runner.py:61 DeprecationWarning: This process (pid=3199) is multi-threaded, use of fork() may lead to deadlocks in the child.
[2026-02-13T06:36:12.865+0000] {standard_task_runner.py:63} INFO - Started process 3200 to run task
[2026-02-13T06:36:13.311+0000] {task_command.py:426} INFO - Running <TaskInstance: marketing_warehouse_pipeline.dbt_run manual__2026-02-13T06:36:05.513092+00:00 [running]> on host 7fe2c4f78d9e
[2026-02-13T06:36:13.952+0000] {taskinstance.py:2648} INFO - Exporting env vars: AIRFLOW_CTX_DAG_OWNER='data-engineering' AIRFLOW_CTX_DAG_ID='marketing_warehouse_pipeline' AIRFLOW_CTX_TASK_ID='dbt_run' AIRFLOW_CTX_EXECUTION_DATE='2026-02-13T06:36:05.513092+00:00' AIRFLOW_CTX_TRY_NUMBER='1' AIRFLOW_CTX_DAG_RUN_ID='manual__2026-02-13T06:36:05.513092+00:00'
[2026-02-13T06:36:13.953+0000] {taskinstance.py:430} INFO - ::endgroup::
[2026-02-13T06:36:13.974+0000] {subprocess.py:63} INFO - Tmp dir root location: /tmp
[2026-02-13T06:36:13.976+0000] {subprocess.py:75} INFO - Running command: ['/usr/bin/bash', '-c', '\n    cd /opt/airflow/dbt/campaignwarehouse &&\n    dbt run --profiles-dir /opt/airflow/dbt\n    ']
[2026-02-13T06:36:13.986+0000] {subprocess.py:86} INFO - Output:
[2026-02-13T06:36:17.105+0000] {subprocess.py:93} INFO - [0m06:36:17  Running with dbt=1.11.3
[2026-02-13T06:36:17.621+0000] {subprocess.py:93} INFO - [0m06:36:17  Registered adapter: postgres=1.10.0
[2026-02-13T06:36:18.343+0000] {subprocess.py:93} INFO - [0m06:36:18  [[33mWARNING[0m]: Configuration paths exist in your dbt_project.yml file which do not apply to any resources.
[2026-02-13T06:36:18.344+0000] {subprocess.py:93} INFO - There are 1 unused configuration paths:
[2026-02-13T06:36:18.345+0000] {subprocess.py:93} INFO - - models.campaignwarehouse.example
[2026-02-13T06:36:18.713+0000] {subprocess.py:93} INFO - [0m06:36:18  Found 8 models, 15 data tests, 3 sources, 464 macros
[2026-02-13T06:36:18.720+0000] {subprocess.py:93} INFO - [0m06:36:18
[2026-02-13T06:36:18.722+0000] {subprocess.py:93} INFO - [0m06:36:18  Concurrency: 4 threads (target='dev')
[2026-02-13T06:36:18.724+0000] {subprocess.py:93} INFO - [0m06:36:18
[2026-02-13T06:36:19.265+0000] {subprocess.py:93} INFO - [0m06:36:19  1 of 8 START sql view model public.int_ads_facebook ............................ [RUN]
[2026-02-13T06:36:19.267+0000] {subprocess.py:93} INFO - [0m06:36:19  2 of 8 START sql view model public.int_ads_google .............................. [RUN]
[2026-02-13T06:36:19.269+0000] {subprocess.py:93} INFO - [0m06:36:19  3 of 8 START sql view model public.int_crm_revenue ............................. [RUN]
[2026-02-13T06:36:19.799+0000] {subprocess.py:93} INFO - [0m06:36:19  2 of 8 OK created sql view model public.int_ads_google ......................... [[32mCREATE VIEW[0m in 0.51s]
[2026-02-13T06:36:19.808+0000] {subprocess.py:93} INFO - [0m06:36:19  1 of 8 OK created sql view model public.int_ads_facebook ....................... [[32mCREATE VIEW[0m in 0.53s]
[2026-02-13T06:36:19.810+0000] {subprocess.py:93} INFO - [0m06:36:19  3 of 8 OK created sql view model public.int_crm_revenue ........................ [[32mCREATE VIEW[0m in 0.53s]
[2026-02-13T06:36:19.822+0000] {subprocess.py:93} INFO - [0m06:36:19  4 of 8 START sql table model public.dim_campaign ............................... [RUN]
[2026-02-13T06:36:19.824+0000] {subprocess.py:93} INFO - [0m06:36:19  5 of 8 START sql table model public.fct_campaign_performance ................... [RUN]
[2026-02-13T06:36:19.826+0000] {subprocess.py:93} INFO - [0m06:36:19  6 of 8 START sql table model public.dim_channel ................................ [RUN]
[2026-02-13T06:36:19.829+0000] {subprocess.py:93} INFO - [0m06:36:19  7 of 8 START sql table model public.dim_date ................................... [RUN]
[2026-02-13T06:36:20.459+0000] {subprocess.py:93} INFO - [0m06:36:20  5 of 8 OK created sql table model public.fct_campaign_performance .............. [[32mSELECT 84[0m in 0.61s]
[2026-02-13T06:36:20.469+0000] {subprocess.py:93} INFO - [0m06:36:20  4 of 8 OK created sql table model public.dim_campaign .......................... [[32mSELECT 6[0m in 0.63s]
[2026-02-13T06:36:20.471+0000] {subprocess.py:93} INFO - [0m06:36:20  7 of 8 OK created sql table model public.dim_date .............................. [[32mSELECT 15[0m in 0.63s]
[2026-02-13T06:36:20.474+0000] {subprocess.py:93} INFO - [0m06:36:20  6 of 8 OK created sql table model public.dim_channel ........................... [[32mSELECT 2[0m in 0.63s]
[2026-02-13T06:36:20.485+0000] {subprocess.py:93} INFO - [0m06:36:20  8 of 8 START sql table model public.fct_revenue_attribution .................... [RUN]
[2026-02-13T06:36:20.754+0000] {subprocess.py:93} INFO - [0m06:36:20  8 of 8 OK created sql table model public.fct_revenue_attribution ............... [[32mSELECT 68[0m in 0.26s]
[2026-02-13T06:36:20.865+0000] {subprocess.py:93} INFO - [0m06:36:20
[2026-02-13T06:36:20.866+0000] {subprocess.py:93} INFO - [0m06:36:20  Finished running 5 table models, 3 view models in 0 hours 0 minutes and 2.14 seconds (2.14s).
[2026-02-13T06:36:20.971+0000] {subprocess.py:93} INFO - [0m06:36:20
[2026-02-13T06:36:20.973+0000] {subprocess.py:93} INFO - [0m06:36:20  [32mCompleted successfully[0m
[2026-02-13T06:36:20.975+0000] {subprocess.py:93} INFO - [0m06:36:20
[2026-02-13T06:36:20.977+0000] {subprocess.py:93} INFO - [0m06:36:20  Done. PASS=8 WARN=0 ERROR=0 SKIP=0 NO-OP=0 TOTAL=8
[2026-02-13T06:36:21.510+0000] {subprocess.py:97} INFO - Command exited with return code 0
[2026-02-13T06:36:21.511+0000] {taskinstance.py:441} INFO - ::group::Post task execution logs
[2026-02-13T06:36:21.717+0000] {taskinstance.py:1206} INFO - Marking task as SUCCESS. dag_id=marketing_warehouse_pipeline, task_id=dbt_run, run_id=manual__2026-02-13T06:36:05.513092+00:00, execution_date=20260213T063605, start_date=20260213T063612, end_date=20260213T063621
[2026-02-13T06:36:21.750+0000] {local_task_job_runner.py:240} INFO - Task exited with return code 0
[2026-02-13T06:36:21.881+0000] {taskinstance.py:3498} INFO - 1 downstream tasks scheduled from follow-on schedule check
[2026-02-13T06:36:21.887+0000] {local_task_job_runner.py:222} INFO - ::endgroup::
