[2026-02-12T05:29:49.320+0000] {local_task_job_runner.py:120} INFO - ::group::Pre task execution logs
[2026-02-12T05:29:49.496+0000] {taskinstance.py:2076} INFO - Dependencies all met for dep_context=non-requeueable deps ti=<TaskInstance: marketing_warehouse_pipeline.ingest_crm manual__2026-02-12T05:29:46.728729+00:00 [queued]>
[2026-02-12T05:29:49.511+0000] {taskinstance.py:2076} INFO - Dependencies all met for dep_context=requeueable deps ti=<TaskInstance: marketing_warehouse_pipeline.ingest_crm manual__2026-02-12T05:29:46.728729+00:00 [queued]>
[2026-02-12T05:29:49.512+0000] {taskinstance.py:2306} INFO - Starting attempt 1 of 3
[2026-02-12T05:29:49.543+0000] {taskinstance.py:2330} INFO - Executing <Task(BashOperator): ingest_crm> on 2026-02-12 05:29:46.728729+00:00
[2026-02-12T05:29:49.554+0000] {standard_task_runner.py:90} INFO - Running: ['airflow', 'tasks', 'run', 'marketing_warehouse_pipeline', 'ingest_crm', 'manual__2026-02-12T05:29:46.728729+00:00', '--job-id', '49', '--raw', '--subdir', 'DAGS_FOLDER/marketing_warehouse_pipeline.py', '--cfg-path', '/tmp/tmpekt8a4m5']
[2026-02-12T05:29:49.561+0000] {standard_task_runner.py:91} INFO - Job 49: Subtask ingest_crm
[2026-02-12T05:29:49.574+0000] {logging_mixin.py:188} WARNING - /home/airflow/.local/lib/python3.12/site-packages/airflow/task/task_runner/standard_task_runner.py:61 DeprecationWarning: This process (pid=184) is multi-threaded, use of fork() may lead to deadlocks in the child.
[2026-02-12T05:29:49.575+0000] {standard_task_runner.py:63} INFO - Started process 187 to run task
[2026-02-12T05:29:50.013+0000] {task_command.py:426} INFO - Running <TaskInstance: marketing_warehouse_pipeline.ingest_crm manual__2026-02-12T05:29:46.728729+00:00 [running]> on host 1fba4c36ee31
[2026-02-12T05:29:50.570+0000] {taskinstance.py:2648} INFO - Exporting env vars: AIRFLOW_CTX_DAG_OWNER='data-engineering' AIRFLOW_CTX_DAG_ID='marketing_warehouse_pipeline' AIRFLOW_CTX_TASK_ID='ingest_crm' AIRFLOW_CTX_EXECUTION_DATE='2026-02-12T05:29:46.728729+00:00' AIRFLOW_CTX_TRY_NUMBER='1' AIRFLOW_CTX_DAG_RUN_ID='manual__2026-02-12T05:29:46.728729+00:00'
[2026-02-12T05:29:50.572+0000] {taskinstance.py:430} INFO - ::endgroup::
[2026-02-12T05:29:50.591+0000] {subprocess.py:63} INFO - Tmp dir root location: /tmp
[2026-02-12T05:29:50.592+0000] {subprocess.py:75} INFO - Running command: ['/usr/bin/bash', '-c', 'python /opt/airflow/ingestion/load_crm.py']
[2026-02-12T05:29:50.600+0000] {subprocess.py:86} INFO - Output:
[2026-02-12T05:29:52.103+0000] {subprocess.py:93} INFO - Structurally bad rows: 1
[2026-02-12T05:29:52.104+0000] {subprocess.py:93} INFO - Parsed rows: 84
[2026-02-12T05:29:52.105+0000] {subprocess.py:93} INFO - Rejected rows: 26
[2026-02-12T05:29:52.105+0000] {subprocess.py:93} INFO - Valid rows: 58
[2026-02-12T05:29:52.106+0000] {subprocess.py:93} INFO - Inserted 57 CRM rows
[2026-02-12T05:29:52.198+0000] {subprocess.py:97} INFO - Command exited with return code 0
[2026-02-12T05:29:52.199+0000] {taskinstance.py:441} INFO - ::group::Post task execution logs
[2026-02-12T05:29:52.460+0000] {taskinstance.py:1206} INFO - Marking task as SUCCESS. dag_id=marketing_warehouse_pipeline, task_id=ingest_crm, run_id=manual__2026-02-12T05:29:46.728729+00:00, execution_date=20260212T052946, start_date=20260212T052949, end_date=20260212T052952
[2026-02-12T05:29:52.520+0000] {local_task_job_runner.py:240} INFO - Task exited with return code 0
[2026-02-12T05:29:52.657+0000] {local_task_job_runner.py:222} INFO - ::endgroup::
