[2026-02-12T05:59:24.459+0000] {local_task_job_runner.py:120} INFO - ::group::Pre task execution logs
[2026-02-12T05:59:24.622+0000] {taskinstance.py:2076} INFO - Dependencies all met for dep_context=non-requeueable deps ti=<TaskInstance: marketing_warehouse_pipeline.ingest_facebook manual__2026-02-12T05:59:23.092476+00:00 [queued]>
[2026-02-12T05:59:24.635+0000] {taskinstance.py:2076} INFO - Dependencies all met for dep_context=requeueable deps ti=<TaskInstance: marketing_warehouse_pipeline.ingest_facebook manual__2026-02-12T05:59:23.092476+00:00 [queued]>
[2026-02-12T05:59:24.636+0000] {taskinstance.py:2306} INFO - Starting attempt 1 of 3
[2026-02-12T05:59:24.662+0000] {taskinstance.py:2330} INFO - Executing <Task(BashOperator): ingest_facebook> on 2026-02-12 05:59:23.092476+00:00
[2026-02-12T05:59:24.673+0000] {standard_task_runner.py:90} INFO - Running: ['airflow', 'tasks', 'run', 'marketing_warehouse_pipeline', 'ingest_facebook', 'manual__2026-02-12T05:59:23.092476+00:00', '--job-id', '61', '--raw', '--subdir', 'DAGS_FOLDER/marketing_warehouse_pipeline.py', '--cfg-path', '/tmp/tmpm0z3pcyi']
[2026-02-12T05:59:24.678+0000] {standard_task_runner.py:91} INFO - Job 61: Subtask ingest_facebook
[2026-02-12T05:59:24.683+0000] {logging_mixin.py:188} WARNING - /home/airflow/.local/lib/python3.12/site-packages/airflow/task/task_runner/standard_task_runner.py:61 DeprecationWarning: This process (pid=604) is multi-threaded, use of fork() may lead to deadlocks in the child.
[2026-02-12T05:59:24.684+0000] {standard_task_runner.py:63} INFO - Started process 605 to run task
[2026-02-12T05:59:25.094+0000] {task_command.py:426} INFO - Running <TaskInstance: marketing_warehouse_pipeline.ingest_facebook manual__2026-02-12T05:59:23.092476+00:00 [running]> on host 1fba4c36ee31
[2026-02-12T05:59:25.675+0000] {taskinstance.py:2648} INFO - Exporting env vars: AIRFLOW_CTX_DAG_OWNER='data-engineering' AIRFLOW_CTX_DAG_ID='marketing_warehouse_pipeline' AIRFLOW_CTX_TASK_ID='ingest_facebook' AIRFLOW_CTX_EXECUTION_DATE='2026-02-12T05:59:23.092476+00:00' AIRFLOW_CTX_TRY_NUMBER='1' AIRFLOW_CTX_DAG_RUN_ID='manual__2026-02-12T05:59:23.092476+00:00'
[2026-02-12T05:59:25.676+0000] {taskinstance.py:430} INFO - ::endgroup::
[2026-02-12T05:59:25.697+0000] {subprocess.py:63} INFO - Tmp dir root location: /tmp
[2026-02-12T05:59:25.698+0000] {subprocess.py:75} INFO - Running command: ['/usr/bin/bash', '-c', 'python /opt/airflow/ingestion/load_facebook.py']
[2026-02-12T05:59:25.707+0000] {subprocess.py:86} INFO - Output:
[2026-02-12T05:59:26.972+0000] {subprocess.py:93} INFO - Raw rows: 45
[2026-02-12T05:59:26.973+0000] {subprocess.py:93} INFO - Total: 45
[2026-02-12T05:59:26.974+0000] {subprocess.py:93} INFO - Rejected: 6
[2026-02-12T05:59:26.974+0000] {subprocess.py:93} INFO - Valid: 39
[2026-02-12T05:59:26.975+0000] {subprocess.py:93} INFO - Inserted 39 facebook rows
[2026-02-12T05:59:27.086+0000] {subprocess.py:97} INFO - Command exited with return code 0
[2026-02-12T05:59:27.088+0000] {taskinstance.py:441} INFO - ::group::Post task execution logs
[2026-02-12T05:59:27.364+0000] {taskinstance.py:1206} INFO - Marking task as SUCCESS. dag_id=marketing_warehouse_pipeline, task_id=ingest_facebook, run_id=manual__2026-02-12T05:59:23.092476+00:00, execution_date=20260212T055923, start_date=20260212T055924, end_date=20260212T055927
[2026-02-12T05:59:27.428+0000] {local_task_job_runner.py:240} INFO - Task exited with return code 0
[2026-02-12T05:59:27.592+0000] {taskinstance.py:3498} INFO - 1 downstream tasks scheduled from follow-on schedule check
[2026-02-12T05:59:27.598+0000] {local_task_job_runner.py:222} INFO - ::endgroup::
