[2026-02-13T06:11:17.618+0000] {local_task_job_runner.py:120} INFO - ::group::Pre task execution logs
[2026-02-13T06:11:17.830+0000] {taskinstance.py:2076} INFO - Dependencies all met for dep_context=non-requeueable deps ti=<TaskInstance: marketing_warehouse_pipeline.dbt_run manual__2026-02-13T06:11:05.855445+00:00 [queued]>
[2026-02-13T06:11:17.849+0000] {taskinstance.py:2076} INFO - Dependencies all met for dep_context=requeueable deps ti=<TaskInstance: marketing_warehouse_pipeline.dbt_run manual__2026-02-13T06:11:05.855445+00:00 [queued]>
[2026-02-13T06:11:17.850+0000] {taskinstance.py:2306} INFO - Starting attempt 1 of 3
[2026-02-13T06:11:17.882+0000] {taskinstance.py:2330} INFO - Executing <Task(BashOperator): dbt_run> on 2026-02-13 06:11:05.855445+00:00
[2026-02-13T06:11:17.900+0000] {standard_task_runner.py:90} INFO - Running: ['airflow', 'tasks', 'run', 'marketing_warehouse_pipeline', 'dbt_run', 'manual__2026-02-13T06:11:05.855445+00:00', '--job-id', '108', '--raw', '--subdir', 'DAGS_FOLDER/marketing_warehouse_pipeline.py', '--cfg-path', '/tmp/tmpamyfnv06']
[2026-02-13T06:11:17.905+0000] {standard_task_runner.py:91} INFO - Job 108: Subtask dbt_run
[2026-02-13T06:11:17.906+0000] {logging_mixin.py:188} WARNING - /home/airflow/.local/lib/python3.12/site-packages/airflow/task/task_runner/standard_task_runner.py:61 DeprecationWarning: This process (pid=2768) is multi-threaded, use of fork() may lead to deadlocks in the child.
[2026-02-13T06:11:17.907+0000] {standard_task_runner.py:63} INFO - Started process 2769 to run task
[2026-02-13T06:11:18.373+0000] {task_command.py:426} INFO - Running <TaskInstance: marketing_warehouse_pipeline.dbt_run manual__2026-02-13T06:11:05.855445+00:00 [running]> on host 7fe2c4f78d9e
[2026-02-13T06:11:19.103+0000] {taskinstance.py:2648} INFO - Exporting env vars: AIRFLOW_CTX_DAG_OWNER='data-engineering' AIRFLOW_CTX_DAG_ID='marketing_warehouse_pipeline' AIRFLOW_CTX_TASK_ID='dbt_run' AIRFLOW_CTX_EXECUTION_DATE='2026-02-13T06:11:05.855445+00:00' AIRFLOW_CTX_TRY_NUMBER='1' AIRFLOW_CTX_DAG_RUN_ID='manual__2026-02-13T06:11:05.855445+00:00'
[2026-02-13T06:11:19.105+0000] {taskinstance.py:430} INFO - ::endgroup::
[2026-02-13T06:11:19.132+0000] {subprocess.py:63} INFO - Tmp dir root location: /tmp
[2026-02-13T06:11:19.134+0000] {subprocess.py:75} INFO - Running command: ['/usr/bin/bash', '-c', '\n    cd /opt/airflow/dbt/campaignwarehouse &&\n    dbt run --profiles-dir /opt/airflow/dbt\n    ']
[2026-02-13T06:11:19.147+0000] {subprocess.py:86} INFO - Output:
[2026-02-13T06:11:24.346+0000] {subprocess.py:93} INFO - [0m06:11:24  Running with dbt=1.11.3
[2026-02-13T06:11:25.086+0000] {subprocess.py:93} INFO - [0m06:11:25  Registered adapter: postgres=1.10.0
[2026-02-13T06:11:26.167+0000] {subprocess.py:93} INFO - [0m06:11:26  [[33mWARNING[0m]: Configuration paths exist in your dbt_project.yml file which do not apply to any resources.
[2026-02-13T06:11:26.168+0000] {subprocess.py:93} INFO - There are 1 unused configuration paths:
[2026-02-13T06:11:26.168+0000] {subprocess.py:93} INFO - - models.campaignwarehouse.example
[2026-02-13T06:11:26.762+0000] {subprocess.py:93} INFO - [0m06:11:26  Found 8 models, 15 data tests, 3 sources, 464 macros
[2026-02-13T06:11:26.771+0000] {subprocess.py:93} INFO - [0m06:11:26
[2026-02-13T06:11:26.773+0000] {subprocess.py:93} INFO - [0m06:11:26  Concurrency: 4 threads (target='dev')
[2026-02-13T06:11:26.775+0000] {subprocess.py:93} INFO - [0m06:11:26
[2026-02-13T06:11:27.379+0000] {subprocess.py:93} INFO - [0m06:11:27  1 of 8 START sql view model public.int_ads_facebook ............................ [RUN]
[2026-02-13T06:11:27.381+0000] {subprocess.py:93} INFO - [0m06:11:27  2 of 8 START sql view model public.int_ads_google .............................. [RUN]
[2026-02-13T06:11:27.383+0000] {subprocess.py:93} INFO - [0m06:11:27  3 of 8 START sql view model public.int_crm_revenue ............................. [RUN]
[2026-02-13T06:11:27.968+0000] {subprocess.py:93} INFO - [0m06:11:27  1 of 8 OK created sql view model public.int_ads_facebook ....................... [[32mCREATE VIEW[0m in 0.57s]
[2026-02-13T06:11:27.979+0000] {subprocess.py:93} INFO - [0m06:11:27  2 of 8 OK created sql view model public.int_ads_google ......................... [[32mCREATE VIEW[0m in 0.58s]
[2026-02-13T06:11:27.982+0000] {subprocess.py:93} INFO - [0m06:11:27  3 of 8 OK created sql view model public.int_crm_revenue ........................ [[32mCREATE VIEW[0m in 0.58s]
[2026-02-13T06:11:27.998+0000] {subprocess.py:93} INFO - [0m06:11:27  4 of 8 START sql table model public.dim_campaign ............................... [RUN]
[2026-02-13T06:11:28.001+0000] {subprocess.py:93} INFO - [0m06:11:28  5 of 8 START sql table model public.fct_campaign_performance ................... [RUN]
[2026-02-13T06:11:28.004+0000] {subprocess.py:93} INFO - [0m06:11:28  6 of 8 START sql table model public.dim_channel ................................ [RUN]
[2026-02-13T06:11:28.007+0000] {subprocess.py:93} INFO - [0m06:11:28  7 of 8 START sql table model public.dim_date ................................... [RUN]
[2026-02-13T06:11:28.917+0000] {subprocess.py:93} INFO - [0m06:11:28  4 of 8 OK created sql table model public.dim_campaign .......................... [[32mSELECT 6[0m in 0.89s]
[2026-02-13T06:11:28.932+0000] {subprocess.py:93} INFO - [0m06:11:28  5 of 8 OK created sql table model public.fct_campaign_performance .............. [[32mSELECT 84[0m in 0.91s]
[2026-02-13T06:11:28.935+0000] {subprocess.py:93} INFO - [0m06:11:28  7 of 8 OK created sql table model public.dim_date .............................. [[32mSELECT 15[0m in 0.91s]
[2026-02-13T06:11:28.938+0000] {subprocess.py:93} INFO - [0m06:11:28  6 of 8 OK created sql table model public.dim_channel ........................... [[32mSELECT 2[0m in 0.91s]
[2026-02-13T06:11:28.949+0000] {subprocess.py:93} INFO - [0m06:11:28  8 of 8 START sql table model public.fct_revenue_attribution .................... [RUN]
[2026-02-13T06:11:29.281+0000] {subprocess.py:93} INFO - [0m06:11:29  8 of 8 OK created sql table model public.fct_revenue_attribution ............... [[32mSELECT 70[0m in 0.32s]
[2026-02-13T06:11:29.436+0000] {subprocess.py:93} INFO - [0m06:11:29
[2026-02-13T06:11:29.438+0000] {subprocess.py:93} INFO - [0m06:11:29  Finished running 5 table models, 3 view models in 0 hours 0 minutes and 2.66 seconds (2.66s).
[2026-02-13T06:11:29.576+0000] {subprocess.py:93} INFO - [0m06:11:29
[2026-02-13T06:11:29.579+0000] {subprocess.py:93} INFO - [0m06:11:29  [32mCompleted successfully[0m
[2026-02-13T06:11:29.581+0000] {subprocess.py:93} INFO - [0m06:11:29
[2026-02-13T06:11:29.583+0000] {subprocess.py:93} INFO - [0m06:11:29  Done. PASS=8 WARN=0 ERROR=0 SKIP=0 NO-OP=0 TOTAL=8
[2026-02-13T06:11:30.315+0000] {subprocess.py:97} INFO - Command exited with return code 0
[2026-02-13T06:11:30.316+0000] {taskinstance.py:441} INFO - ::group::Post task execution logs
[2026-02-13T06:11:30.606+0000] {taskinstance.py:1206} INFO - Marking task as SUCCESS. dag_id=marketing_warehouse_pipeline, task_id=dbt_run, run_id=manual__2026-02-13T06:11:05.855445+00:00, execution_date=20260213T061105, start_date=20260213T061117, end_date=20260213T061130
[2026-02-13T06:11:30.667+0000] {local_task_job_runner.py:240} INFO - Task exited with return code 0
[2026-02-13T06:11:30.888+0000] {taskinstance.py:3498} INFO - 1 downstream tasks scheduled from follow-on schedule check
[2026-02-13T06:11:30.898+0000] {local_task_job_runner.py:222} INFO - ::endgroup::
