[2026-02-12T05:14:38.953+0000] {local_task_job_runner.py:120} INFO - ::group::Pre task execution logs
[2026-02-12T05:14:39.220+0000] {taskinstance.py:2076} INFO - Dependencies all met for dep_context=non-requeueable deps ti=<TaskInstance: marketing_warehouse_pipeline.ingest_crm manual__2026-02-12T05:14:36.943925+00:00 [queued]>
[2026-02-12T05:14:39.242+0000] {taskinstance.py:2076} INFO - Dependencies all met for dep_context=requeueable deps ti=<TaskInstance: marketing_warehouse_pipeline.ingest_crm manual__2026-02-12T05:14:36.943925+00:00 [queued]>
[2026-02-12T05:14:39.244+0000] {taskinstance.py:2306} INFO - Starting attempt 1 of 3
[2026-02-12T05:14:39.272+0000] {taskinstance.py:2330} INFO - Executing <Task(BashOperator): ingest_crm> on 2026-02-12 05:14:36.943925+00:00
[2026-02-12T05:14:39.286+0000] {standard_task_runner.py:90} INFO - Running: ['airflow', 'tasks', 'run', 'marketing_warehouse_pipeline', 'ingest_crm', 'manual__2026-02-12T05:14:36.943925+00:00', '--job-id', '44', '--raw', '--subdir', 'DAGS_FOLDER/marketing_warehouse_pipeline.py', '--cfg-path', '/tmp/tmpw8rs9qs8']
[2026-02-12T05:14:39.292+0000] {standard_task_runner.py:91} INFO - Job 44: Subtask ingest_crm
[2026-02-12T05:14:39.299+0000] {logging_mixin.py:188} WARNING - /home/airflow/.local/lib/python3.12/site-packages/airflow/task/task_runner/standard_task_runner.py:61 DeprecationWarning: This process (pid=170) is multi-threaded, use of fork() may lead to deadlocks in the child.
[2026-02-12T05:14:39.301+0000] {standard_task_runner.py:63} INFO - Started process 172 to run task
[2026-02-12T05:14:39.870+0000] {task_command.py:426} INFO - Running <TaskInstance: marketing_warehouse_pipeline.ingest_crm manual__2026-02-12T05:14:36.943925+00:00 [running]> on host 1fba4c36ee31
[2026-02-12T05:14:40.665+0000] {taskinstance.py:2648} INFO - Exporting env vars: AIRFLOW_CTX_DAG_OWNER='data-engineering' AIRFLOW_CTX_DAG_ID='marketing_warehouse_pipeline' AIRFLOW_CTX_TASK_ID='ingest_crm' AIRFLOW_CTX_EXECUTION_DATE='2026-02-12T05:14:36.943925+00:00' AIRFLOW_CTX_TRY_NUMBER='1' AIRFLOW_CTX_DAG_RUN_ID='manual__2026-02-12T05:14:36.943925+00:00'
[2026-02-12T05:14:40.666+0000] {taskinstance.py:430} INFO - ::endgroup::
[2026-02-12T05:14:40.690+0000] {subprocess.py:63} INFO - Tmp dir root location: /tmp
[2026-02-12T05:14:40.692+0000] {subprocess.py:75} INFO - Running command: ['/usr/bin/bash', '-c', 'python /opt/airflow/ingestion/load_crm.py']
[2026-02-12T05:14:40.703+0000] {subprocess.py:86} INFO - Output:
[2026-02-12T05:14:42.772+0000] {subprocess.py:93} INFO - Traceback (most recent call last):
[2026-02-12T05:14:42.773+0000] {subprocess.py:93} INFO -   File "/opt/airflow/ingestion/load_crm.py", line 163, in <module>
[2026-02-12T05:14:42.775+0000] {subprocess.py:93} INFO -     df = extract_crm()
[2026-02-12T05:14:42.776+0000] {subprocess.py:93} INFO -          ^^^^^^^^^^^^^
[2026-02-12T05:14:42.777+0000] {subprocess.py:93} INFO -   File "/opt/airflow/ingestion/load_crm.py", line 21, in extract_crm
[2026-02-12T05:14:42.779+0000] {subprocess.py:93} INFO -     with open(file_path, newline="", encoding="utf-8") as f:
[2026-02-12T05:14:42.780+0000] {subprocess.py:93} INFO -          ^^^^^^^^^^^^^^^^^^^^^^^^^^^^^^^^^^^^^^^^^^^^^
[2026-02-12T05:14:42.780+0000] {subprocess.py:93} INFO - FileNotFoundError: [Errno 2] No such file or directory: '/opt/airflow/datasets/crm_revenue.csv'
[2026-02-12T05:14:42.887+0000] {subprocess.py:97} INFO - Command exited with return code 1
[2026-02-12T05:14:42.889+0000] {taskinstance.py:441} INFO - ::group::Post task execution logs
[2026-02-12T05:14:43.057+0000] {taskinstance.py:2905} ERROR - Task failed with exception
Traceback (most recent call last):
  File "/home/airflow/.local/lib/python3.12/site-packages/airflow/models/taskinstance.py", line 465, in _execute_task
    result = _execute_callable(context=context, **execute_callable_kwargs)
             ^^^^^^^^^^^^^^^^^^^^^^^^^^^^^^^^^^^^^^^^^^^^^^^^^^^^^^^^^^^^^
  File "/home/airflow/.local/lib/python3.12/site-packages/airflow/models/taskinstance.py", line 432, in _execute_callable
    return execute_callable(context=context, **execute_callable_kwargs)
           ^^^^^^^^^^^^^^^^^^^^^^^^^^^^^^^^^^^^^^^^^^^^^^^^^^^^^^^^^^^^
  File "/home/airflow/.local/lib/python3.12/site-packages/airflow/models/baseoperator.py", line 400, in wrapper
    return func(self, *args, **kwargs)
           ^^^^^^^^^^^^^^^^^^^^^^^^^^^
  File "/home/airflow/.local/lib/python3.12/site-packages/airflow/operators/bash.py", line 243, in execute
    raise AirflowException(
airflow.exceptions.AirflowException: Bash command failed. The command returned a non-zero exit code 1.
[2026-02-12T05:14:43.064+0000] {taskinstance.py:1206} INFO - Marking task as UP_FOR_RETRY. dag_id=marketing_warehouse_pipeline, task_id=ingest_crm, run_id=manual__2026-02-12T05:14:36.943925+00:00, execution_date=20260212T051436, start_date=20260212T051439, end_date=20260212T051443
[2026-02-12T05:14:43.102+0000] {standard_task_runner.py:110} ERROR - Failed to execute job 44 for task ingest_crm (Bash command failed. The command returned a non-zero exit code 1.; 172)
[2026-02-12T05:14:43.136+0000] {local_task_job_runner.py:240} INFO - Task exited with return code 1
[2026-02-12T05:14:43.356+0000] {taskinstance.py:3498} INFO - 0 downstream tasks scheduled from follow-on schedule check
[2026-02-12T05:14:43.362+0000] {local_task_job_runner.py:222} INFO - ::endgroup::
