[2026-02-13T06:34:07.890+0000] {local_task_job_runner.py:120} INFO - ::group::Pre task execution logs
[2026-02-13T06:34:08.220+0000] {taskinstance.py:2076} INFO - Dependencies all met for dep_context=non-requeueable deps ti=<TaskInstance: marketing_warehouse_pipeline.ingest_facebook manual__2026-02-13T06:34:05.593141+00:00 [queued]>
[2026-02-13T06:34:08.267+0000] {taskinstance.py:2076} INFO - Dependencies all met for dep_context=requeueable deps ti=<TaskInstance: marketing_warehouse_pipeline.ingest_facebook manual__2026-02-13T06:34:05.593141+00:00 [queued]>
[2026-02-13T06:34:08.270+0000] {taskinstance.py:2306} INFO - Starting attempt 1 of 3
[2026-02-13T06:34:08.342+0000] {taskinstance.py:2330} INFO - Executing <Task(BashOperator): ingest_facebook> on 2026-02-13 06:34:05.593141+00:00
[2026-02-13T06:34:08.387+0000] {logging_mixin.py:188} WARNING - /home/airflow/.local/lib/python3.12/site-packages/airflow/task/task_runner/standard_task_runner.py:61 DeprecationWarning: This process (pid=3086) is multi-threaded, use of fork() may lead to deadlocks in the child.
[2026-02-13T06:34:08.379+0000] {standard_task_runner.py:90} INFO - Running: ['airflow', 'tasks', 'run', 'marketing_warehouse_pipeline', 'ingest_facebook', 'manual__2026-02-13T06:34:05.593141+00:00', '--job-id', '117', '--raw', '--subdir', 'DAGS_FOLDER/marketing_warehouse_pipeline.py', '--cfg-path', '/tmp/tmpk_0h_z99']
[2026-02-13T06:34:08.390+0000] {standard_task_runner.py:63} INFO - Started process 3089 to run task
[2026-02-13T06:34:08.390+0000] {standard_task_runner.py:91} INFO - Job 117: Subtask ingest_facebook
[2026-02-13T06:34:09.152+0000] {task_command.py:426} INFO - Running <TaskInstance: marketing_warehouse_pipeline.ingest_facebook manual__2026-02-13T06:34:05.593141+00:00 [running]> on host 7fe2c4f78d9e
[2026-02-13T06:34:10.051+0000] {taskinstance.py:2648} INFO - Exporting env vars: AIRFLOW_CTX_DAG_OWNER='data-engineering' AIRFLOW_CTX_DAG_ID='marketing_warehouse_pipeline' AIRFLOW_CTX_TASK_ID='ingest_facebook' AIRFLOW_CTX_EXECUTION_DATE='2026-02-13T06:34:05.593141+00:00' AIRFLOW_CTX_TRY_NUMBER='1' AIRFLOW_CTX_DAG_RUN_ID='manual__2026-02-13T06:34:05.593141+00:00'
[2026-02-13T06:34:10.052+0000] {taskinstance.py:430} INFO - ::endgroup::
[2026-02-13T06:34:10.082+0000] {subprocess.py:63} INFO - Tmp dir root location: /tmp
[2026-02-13T06:34:10.084+0000] {subprocess.py:75} INFO - Running command: ['/usr/bin/bash', '-c', 'python /opt/airflow/ingestion/load_facebook.py']
[2026-02-13T06:34:10.098+0000] {subprocess.py:86} INFO - Output:
[2026-02-13T06:34:12.304+0000] {subprocess.py:93} INFO - Raw rows: 45
[2026-02-13T06:34:12.306+0000] {subprocess.py:93} INFO - Total: 45
[2026-02-13T06:34:12.307+0000] {subprocess.py:93} INFO - Rejected: 6
[2026-02-13T06:34:12.308+0000] {subprocess.py:93} INFO -     campaign_id                campaign_name  ...   reach  frequency
[2026-02-13T06:34:12.309+0000] {subprocess.py:93} INFO - 2   fb_camp_001  Spring Collection Awareness  ...   63500       1.21
[2026-02-13T06:34:12.310+0000] {subprocess.py:93} INFO - 9   fb_camp_001  Spring Collection Awareness  ...   72500       1.21
[2026-02-13T06:34:12.312+0000] {subprocess.py:93} INFO - 12  fb_camp_001  Spring Collection Awareness  ...   42500       1.20
[2026-02-13T06:34:12.313+0000] {subprocess.py:93} INFO - 21  fb_camp_002  Conversion Campaign - Promo  ...   20600       1.21
[2026-02-13T06:34:12.314+0000] {subprocess.py:93} INFO - 35  fb_camp_003    Video Views - Brand Story  ...   65900       1.25
[2026-02-13T06:34:12.315+0000] {subprocess.py:93} INFO - 41  fb_camp_003    Video Views - Brand Story  ...  103500       1.25
[2026-02-13T06:34:12.316+0000] {subprocess.py:93} INFO - 
[2026-02-13T06:34:12.317+0000] {subprocess.py:93} INFO - [6 rows x 10 columns]
[2026-02-13T06:34:12.318+0000] {subprocess.py:93} INFO - Valid: 39
[2026-02-13T06:34:12.319+0000] {subprocess.py:93} INFO - Inserted 39 facebook rows
[2026-02-13T06:34:12.506+0000] {subprocess.py:97} INFO - Command exited with return code 0
[2026-02-13T06:34:12.508+0000] {taskinstance.py:441} INFO - ::group::Post task execution logs
[2026-02-13T06:34:12.883+0000] {taskinstance.py:1206} INFO - Marking task as SUCCESS. dag_id=marketing_warehouse_pipeline, task_id=ingest_facebook, run_id=manual__2026-02-13T06:34:05.593141+00:00, execution_date=20260213T063405, start_date=20260213T063408, end_date=20260213T063412
[2026-02-13T06:34:12.957+0000] {local_task_job_runner.py:240} INFO - Task exited with return code 0
[2026-02-13T06:34:13.126+0000] {local_task_job_runner.py:222} INFO - ::endgroup::
