[2026-02-12T05:46:13.141+0000] {local_task_job_runner.py:120} INFO - ::group::Pre task execution logs
[2026-02-12T05:46:13.416+0000] {taskinstance.py:2076} INFO - Dependencies all met for dep_context=non-requeueable deps ti=<TaskInstance: marketing_warehouse_pipeline.ingest_crm manual__2026-02-12T05:46:10.174535+00:00 [queued]>
[2026-02-12T05:46:13.436+0000] {taskinstance.py:2076} INFO - Dependencies all met for dep_context=requeueable deps ti=<TaskInstance: marketing_warehouse_pipeline.ingest_crm manual__2026-02-12T05:46:10.174535+00:00 [queued]>
[2026-02-12T05:46:13.437+0000] {taskinstance.py:2306} INFO - Starting attempt 1 of 3
[2026-02-12T05:46:13.509+0000] {taskinstance.py:2330} INFO - Executing <Task(BashOperator): ingest_crm> on 2026-02-12 05:46:10.174535+00:00
[2026-02-12T05:46:13.528+0000] {standard_task_runner.py:90} INFO - Running: ['airflow', 'tasks', 'run', 'marketing_warehouse_pipeline', 'ingest_crm', 'manual__2026-02-12T05:46:10.174535+00:00', '--job-id', '56', '--raw', '--subdir', 'DAGS_FOLDER/marketing_warehouse_pipeline.py', '--cfg-path', '/tmp/tmphzdcj77l']
[2026-02-12T05:46:13.538+0000] {standard_task_runner.py:91} INFO - Job 56: Subtask ingest_crm
[2026-02-12T05:46:13.552+0000] {logging_mixin.py:188} WARNING - /home/airflow/.local/lib/python3.12/site-packages/airflow/task/task_runner/standard_task_runner.py:61 DeprecationWarning: This process (pid=402) is multi-threaded, use of fork() may lead to deadlocks in the child.
[2026-02-12T05:46:13.553+0000] {standard_task_runner.py:63} INFO - Started process 407 to run task
[2026-02-12T05:46:14.089+0000] {task_command.py:426} INFO - Running <TaskInstance: marketing_warehouse_pipeline.ingest_crm manual__2026-02-12T05:46:10.174535+00:00 [running]> on host 1fba4c36ee31
[2026-02-12T05:46:15.116+0000] {taskinstance.py:2648} INFO - Exporting env vars: AIRFLOW_CTX_DAG_OWNER='data-engineering' AIRFLOW_CTX_DAG_ID='marketing_warehouse_pipeline' AIRFLOW_CTX_TASK_ID='ingest_crm' AIRFLOW_CTX_EXECUTION_DATE='2026-02-12T05:46:10.174535+00:00' AIRFLOW_CTX_TRY_NUMBER='1' AIRFLOW_CTX_DAG_RUN_ID='manual__2026-02-12T05:46:10.174535+00:00'
[2026-02-12T05:46:15.118+0000] {taskinstance.py:430} INFO - ::endgroup::
[2026-02-12T05:46:15.154+0000] {subprocess.py:63} INFO - Tmp dir root location: /tmp
[2026-02-12T05:46:15.156+0000] {subprocess.py:75} INFO - Running command: ['/usr/bin/bash', '-c', 'python /opt/airflow/ingestion/load_crm.py']
[2026-02-12T05:46:15.172+0000] {subprocess.py:86} INFO - Output:
[2026-02-12T05:46:17.502+0000] {subprocess.py:93} INFO - Structurally bad rows: 1
[2026-02-12T05:46:17.503+0000] {subprocess.py:93} INFO - Parsed rows: 84
[2026-02-12T05:46:17.504+0000] {subprocess.py:93} INFO - Rejected rows: 26
[2026-02-12T05:46:17.504+0000] {subprocess.py:93} INFO - Valid rows: 58
[2026-02-12T05:46:17.505+0000] {subprocess.py:93} INFO - Inserted 57 CRM rows
[2026-02-12T05:46:17.613+0000] {subprocess.py:97} INFO - Command exited with return code 0
[2026-02-12T05:46:17.614+0000] {taskinstance.py:441} INFO - ::group::Post task execution logs
[2026-02-12T05:46:17.952+0000] {taskinstance.py:1206} INFO - Marking task as SUCCESS. dag_id=marketing_warehouse_pipeline, task_id=ingest_crm, run_id=manual__2026-02-12T05:46:10.174535+00:00, execution_date=20260212T054610, start_date=20260212T054613, end_date=20260212T054617
[2026-02-12T05:46:18.034+0000] {local_task_job_runner.py:240} INFO - Task exited with return code 0
[2026-02-12T05:46:18.207+0000] {local_task_job_runner.py:222} INFO - ::endgroup::
