[2026-02-13T06:36:06.854+0000] {local_task_job_runner.py:120} INFO - ::group::Pre task execution logs
[2026-02-13T06:36:07.045+0000] {taskinstance.py:2076} INFO - Dependencies all met for dep_context=non-requeueable deps ti=<TaskInstance: marketing_warehouse_pipeline.ingest_crm manual__2026-02-13T06:36:05.513092+00:00 [queued]>
[2026-02-13T06:36:07.066+0000] {taskinstance.py:2076} INFO - Dependencies all met for dep_context=requeueable deps ti=<TaskInstance: marketing_warehouse_pipeline.ingest_crm manual__2026-02-13T06:36:05.513092+00:00 [queued]>
[2026-02-13T06:36:07.067+0000] {taskinstance.py:2306} INFO - Starting attempt 1 of 3
[2026-02-13T06:36:07.098+0000] {taskinstance.py:2330} INFO - Executing <Task(BashOperator): ingest_crm> on 2026-02-13 06:36:05.513092+00:00
[2026-02-13T06:36:07.113+0000] {standard_task_runner.py:90} INFO - Running: ['airflow', 'tasks', 'run', 'marketing_warehouse_pipeline', 'ingest_crm', 'manual__2026-02-13T06:36:05.513092+00:00', '--job-id', '122', '--raw', '--subdir', 'DAGS_FOLDER/marketing_warehouse_pipeline.py', '--cfg-path', '/tmp/tmpdld4s4lt']
[2026-02-13T06:36:07.117+0000] {standard_task_runner.py:91} INFO - Job 122: Subtask ingest_crm
[2026-02-13T06:36:07.120+0000] {logging_mixin.py:188} WARNING - /home/airflow/.local/lib/python3.12/site-packages/airflow/task/task_runner/standard_task_runner.py:61 DeprecationWarning: This process (pid=3168) is multi-threaded, use of fork() may lead to deadlocks in the child.
[2026-02-13T06:36:07.122+0000] {standard_task_runner.py:63} INFO - Started process 3171 to run task
[2026-02-13T06:36:07.713+0000] {task_command.py:426} INFO - Running <TaskInstance: marketing_warehouse_pipeline.ingest_crm manual__2026-02-13T06:36:05.513092+00:00 [running]> on host 7fe2c4f78d9e
[2026-02-13T06:36:08.505+0000] {taskinstance.py:2648} INFO - Exporting env vars: AIRFLOW_CTX_DAG_OWNER='data-engineering' AIRFLOW_CTX_DAG_ID='marketing_warehouse_pipeline' AIRFLOW_CTX_TASK_ID='ingest_crm' AIRFLOW_CTX_EXECUTION_DATE='2026-02-13T06:36:05.513092+00:00' AIRFLOW_CTX_TRY_NUMBER='1' AIRFLOW_CTX_DAG_RUN_ID='manual__2026-02-13T06:36:05.513092+00:00'
[2026-02-13T06:36:08.508+0000] {taskinstance.py:430} INFO - ::endgroup::
[2026-02-13T06:36:08.552+0000] {subprocess.py:63} INFO - Tmp dir root location: /tmp
[2026-02-13T06:36:08.555+0000] {subprocess.py:75} INFO - Running command: ['/usr/bin/bash', '-c', 'python /opt/airflow/ingestion/load_crm.py']
[2026-02-13T06:36:08.571+0000] {subprocess.py:86} INFO - Output:
[2026-02-13T06:36:10.814+0000] {subprocess.py:93} INFO - Structurally bad rows: 1
[2026-02-13T06:36:10.816+0000] {subprocess.py:93} INFO - Revenue bounds:
[2026-02-13T06:36:10.817+0000] {subprocess.py:93} INFO - Lower: -271.0
[2026-02-13T06:36:10.818+0000] {subprocess.py:93} INFO - Upper: 689.0
[2026-02-13T06:36:10.818+0000] {subprocess.py:93} INFO - Outliers found: 1
[2026-02-13T06:36:10.819+0000] {subprocess.py:93} INFO - Valid rows after DQ: 77
[2026-02-13T06:36:10.820+0000] {subprocess.py:93} INFO - Unique order_ids after dedupe: 77
[2026-02-13T06:36:10.822+0000] {subprocess.py:93} INFO - Parsed rows: 84
[2026-02-13T06:36:10.823+0000] {subprocess.py:93} INFO - Rejected rows: 4
[2026-02-13T06:36:10.824+0000] {subprocess.py:93} INFO - Rows with null customer_id:
[2026-02-13T06:36:10.825+0000] {subprocess.py:93} INFO -      order_id customer_id
[2026-02-13T06:36:10.826+0000] {subprocess.py:93} INFO - 29  ORD-10030        <NA>
[2026-02-13T06:36:10.827+0000] {subprocess.py:93} INFO -      order_id customer_id  ...       date        _dq_reason
[2026-02-13T06:36:10.828+0000] {subprocess.py:93} INFO - 7   ORD-10008   CUST-6789  ... 2024-01-02  missing_required
[2026-02-13T06:36:10.829+0000] {subprocess.py:93} INFO - 29  ORD-10030        <NA>  ... 2024-01-06  missing_required
[2026-02-13T06:36:10.830+0000] {subprocess.py:93} INFO - 76  ORD-10076   CUST-1098  ... 2024-01-15  negative_revenue
[2026-02-13T06:36:10.830+0000] {subprocess.py:93} INFO - 81  ORD-10081   CUST-2109  ... 2024-01-15   revenue_outlier
[2026-02-13T06:36:10.831+0000] {subprocess.py:93} INFO - 
[2026-02-13T06:36:10.832+0000] {subprocess.py:93} INFO - [4 rows x 10 columns]
[2026-02-13T06:36:10.833+0000] {subprocess.py:93} INFO - Valid rows: 77
[2026-02-13T06:36:10.834+0000] {subprocess.py:93} INFO - Valid unique order_ids: 77
[2026-02-13T06:36:10.834+0000] {subprocess.py:93} INFO - Rows to upsert: 77
[2026-02-13T06:36:10.835+0000] {subprocess.py:93} INFO - Unique order_ids before load: 77
[2026-02-13T06:36:10.836+0000] {subprocess.py:93} INFO - Upserted 77 CRM rows
[2026-02-13T06:36:10.932+0000] {subprocess.py:97} INFO - Command exited with return code 0
[2026-02-13T06:36:10.934+0000] {taskinstance.py:441} INFO - ::group::Post task execution logs
[2026-02-13T06:36:11.310+0000] {taskinstance.py:1206} INFO - Marking task as SUCCESS. dag_id=marketing_warehouse_pipeline, task_id=ingest_crm, run_id=manual__2026-02-13T06:36:05.513092+00:00, execution_date=20260213T063605, start_date=20260213T063607, end_date=20260213T063611
[2026-02-13T06:36:11.371+0000] {local_task_job_runner.py:240} INFO - Task exited with return code 0
[2026-02-13T06:36:11.561+0000] {local_task_job_runner.py:222} INFO - ::endgroup::
