[2026-02-12T06:20:23.103+0000] {local_task_job_runner.py:120} INFO - ::group::Pre task execution logs
[2026-02-12T06:20:23.304+0000] {taskinstance.py:2076} INFO - Dependencies all met for dep_context=non-requeueable deps ti=<TaskInstance: marketing_warehouse_pipeline.ingest_google manual__2026-02-12T06:14:27.629947+00:00 [queued]>
[2026-02-12T06:20:23.320+0000] {taskinstance.py:2076} INFO - Dependencies all met for dep_context=requeueable deps ti=<TaskInstance: marketing_warehouse_pipeline.ingest_google manual__2026-02-12T06:14:27.629947+00:00 [queued]>
[2026-02-12T06:20:23.321+0000] {taskinstance.py:2306} INFO - Starting attempt 1 of 3
[2026-02-12T06:20:23.351+0000] {taskinstance.py:2330} INFO - Executing <Task(BashOperator): ingest_google> on 2026-02-12 06:14:27.629947+00:00
[2026-02-12T06:20:23.362+0000] {standard_task_runner.py:90} INFO - Running: ['airflow', 'tasks', 'run', 'marketing_warehouse_pipeline', 'ingest_google', 'manual__2026-02-12T06:14:27.629947+00:00', '--job-id', '73', '--raw', '--subdir', 'DAGS_FOLDER/marketing_warehouse_pipeline.py', '--cfg-path', '/tmp/tmpgetw4rlk']
[2026-02-12T06:20:23.368+0000] {logging_mixin.py:188} WARNING - /home/airflow/.local/lib/python3.12/site-packages/airflow/task/task_runner/standard_task_runner.py:61 DeprecationWarning: This process (pid=969) is multi-threaded, use of fork() may lead to deadlocks in the child.
[2026-02-12T06:20:23.371+0000] {standard_task_runner.py:91} INFO - Job 73: Subtask ingest_google
[2026-02-12T06:20:23.372+0000] {standard_task_runner.py:63} INFO - Started process 972 to run task
[2026-02-12T06:20:23.890+0000] {task_command.py:426} INFO - Running <TaskInstance: marketing_warehouse_pipeline.ingest_google manual__2026-02-12T06:14:27.629947+00:00 [running]> on host 1fba4c36ee31
[2026-02-12T06:20:24.680+0000] {taskinstance.py:2648} INFO - Exporting env vars: AIRFLOW_CTX_DAG_OWNER='data-engineering' AIRFLOW_CTX_DAG_ID='marketing_warehouse_pipeline' AIRFLOW_CTX_TASK_ID='ingest_google' AIRFLOW_CTX_EXECUTION_DATE='2026-02-12T06:14:27.629947+00:00' AIRFLOW_CTX_TRY_NUMBER='1' AIRFLOW_CTX_DAG_RUN_ID='manual__2026-02-12T06:14:27.629947+00:00'
[2026-02-12T06:20:24.681+0000] {taskinstance.py:430} INFO - ::endgroup::
[2026-02-12T06:20:24.715+0000] {subprocess.py:63} INFO - Tmp dir root location: /tmp
[2026-02-12T06:20:24.718+0000] {subprocess.py:75} INFO - Running command: ['/usr/bin/bash', '-c', 'python /opt/airflow/ingestion/load_google.py']
[2026-02-12T06:20:24.730+0000] {subprocess.py:86} INFO - Output:
[2026-02-12T06:20:26.782+0000] {subprocess.py:93} INFO - Total rows: 45
[2026-02-12T06:20:26.783+0000] {subprocess.py:93} INFO - Invalid rows: 0
[2026-02-12T06:20:26.784+0000] {subprocess.py:93} INFO - Valid rows: 45
[2026-02-12T06:20:26.785+0000] {subprocess.py:93} INFO - Inserted 45 google rows
[2026-02-12T06:20:26.890+0000] {subprocess.py:97} INFO - Command exited with return code 0
[2026-02-12T06:20:26.892+0000] {taskinstance.py:441} INFO - ::group::Post task execution logs
[2026-02-12T06:20:27.247+0000] {taskinstance.py:1206} INFO - Marking task as SUCCESS. dag_id=marketing_warehouse_pipeline, task_id=ingest_google, run_id=manual__2026-02-12T06:14:27.629947+00:00, execution_date=20260212T061427, start_date=20260212T062023, end_date=20260212T062027
[2026-02-12T06:20:27.322+0000] {local_task_job_runner.py:240} INFO - Task exited with return code 0
[2026-02-12T06:20:27.499+0000] {taskinstance.py:3498} INFO - 1 downstream tasks scheduled from follow-on schedule check
[2026-02-12T06:20:27.504+0000] {local_task_job_runner.py:222} INFO - ::endgroup::
