[2026-02-13T04:56:55.641+0000] {local_task_job_runner.py:120} INFO - ::group::Pre task execution logs
[2026-02-13T04:56:55.918+0000] {taskinstance.py:2076} INFO - Dependencies all met for dep_context=non-requeueable deps ti=<TaskInstance: marketing_warehouse_pipeline.ingest_facebook manual__2026-02-13T04:56:51.945837+00:00 [queued]>
[2026-02-13T04:56:55.941+0000] {taskinstance.py:2076} INFO - Dependencies all met for dep_context=requeueable deps ti=<TaskInstance: marketing_warehouse_pipeline.ingest_facebook manual__2026-02-13T04:56:51.945837+00:00 [queued]>
[2026-02-13T04:56:55.942+0000] {taskinstance.py:2306} INFO - Starting attempt 1 of 3
[2026-02-13T04:56:56.004+0000] {taskinstance.py:2330} INFO - Executing <Task(BashOperator): ingest_facebook> on 2026-02-13 04:56:51.945837+00:00
[2026-02-13T04:56:56.017+0000] {standard_task_runner.py:90} INFO - Running: ['airflow', 'tasks', 'run', 'marketing_warehouse_pipeline', 'ingest_facebook', 'manual__2026-02-13T04:56:51.945837+00:00', '--job-id', '96', '--raw', '--subdir', 'DAGS_FOLDER/marketing_warehouse_pipeline.py', '--cfg-path', '/tmp/tmpenbzvp40']
[2026-02-13T04:56:56.023+0000] {standard_task_runner.py:91} INFO - Job 96: Subtask ingest_facebook
[2026-02-13T04:56:56.027+0000] {logging_mixin.py:188} WARNING - /home/airflow/.local/lib/python3.12/site-packages/airflow/task/task_runner/standard_task_runner.py:61 DeprecationWarning: This process (pid=1888) is multi-threaded, use of fork() may lead to deadlocks in the child.
[2026-02-13T04:56:56.028+0000] {standard_task_runner.py:63} INFO - Started process 1893 to run task
[2026-02-13T04:56:56.596+0000] {task_command.py:426} INFO - Running <TaskInstance: marketing_warehouse_pipeline.ingest_facebook manual__2026-02-13T04:56:51.945837+00:00 [running]> on host 7fe2c4f78d9e
[2026-02-13T04:56:57.473+0000] {taskinstance.py:2648} INFO - Exporting env vars: AIRFLOW_CTX_DAG_OWNER='data-engineering' AIRFLOW_CTX_DAG_ID='marketing_warehouse_pipeline' AIRFLOW_CTX_TASK_ID='ingest_facebook' AIRFLOW_CTX_EXECUTION_DATE='2026-02-13T04:56:51.945837+00:00' AIRFLOW_CTX_TRY_NUMBER='1' AIRFLOW_CTX_DAG_RUN_ID='manual__2026-02-13T04:56:51.945837+00:00'
[2026-02-13T04:56:57.477+0000] {taskinstance.py:430} INFO - ::endgroup::
[2026-02-13T04:56:57.554+0000] {subprocess.py:63} INFO - Tmp dir root location: /tmp
[2026-02-13T04:56:57.557+0000] {subprocess.py:75} INFO - Running command: ['/usr/bin/bash', '-c', 'python /opt/airflow/ingestion/load_facebook.py']
[2026-02-13T04:56:57.576+0000] {subprocess.py:86} INFO - Output:
[2026-02-13T04:57:00.581+0000] {subprocess.py:93} INFO - Raw rows: 45
[2026-02-13T04:57:00.583+0000] {subprocess.py:93} INFO - Total: 45
[2026-02-13T04:57:00.584+0000] {subprocess.py:93} INFO - Rejected: 6
[2026-02-13T04:57:00.585+0000] {subprocess.py:93} INFO -     campaign_id                campaign_name  ...   reach  frequency
[2026-02-13T04:57:00.586+0000] {subprocess.py:93} INFO - 2   fb_camp_001  Spring Collection Awareness  ...   63500       1.21
[2026-02-13T04:57:00.587+0000] {subprocess.py:93} INFO - 9   fb_camp_001  Spring Collection Awareness  ...   72500       1.21
[2026-02-13T04:57:00.588+0000] {subprocess.py:93} INFO - 12  fb_camp_001  Spring Collection Awareness  ...   42500       1.20
[2026-02-13T04:57:00.589+0000] {subprocess.py:93} INFO - 21  fb_camp_002  Conversion Campaign - Promo  ...   20600       1.21
[2026-02-13T04:57:00.591+0000] {subprocess.py:93} INFO - 35  fb_camp_003    Video Views - Brand Story  ...   65900       1.25
[2026-02-13T04:57:00.592+0000] {subprocess.py:93} INFO - 41  fb_camp_003    Video Views - Brand Story  ...  103500       1.25
[2026-02-13T04:57:00.593+0000] {subprocess.py:93} INFO - 
[2026-02-13T04:57:00.594+0000] {subprocess.py:93} INFO - [6 rows x 10 columns]
[2026-02-13T04:57:00.596+0000] {subprocess.py:93} INFO - Valid: 39
[2026-02-13T04:57:00.597+0000] {subprocess.py:93} INFO - Inserted 39 facebook rows
[2026-02-13T04:57:00.761+0000] {subprocess.py:97} INFO - Command exited with return code 0
[2026-02-13T04:57:00.763+0000] {taskinstance.py:441} INFO - ::group::Post task execution logs
[2026-02-13T04:57:01.178+0000] {taskinstance.py:1206} INFO - Marking task as SUCCESS. dag_id=marketing_warehouse_pipeline, task_id=ingest_facebook, run_id=manual__2026-02-13T04:56:51.945837+00:00, execution_date=20260213T045651, start_date=20260213T045655, end_date=20260213T045701
[2026-02-13T04:57:01.418+0000] {local_task_job_runner.py:240} INFO - Task exited with return code 0
[2026-02-13T04:57:01.639+0000] {taskinstance.py:3498} INFO - 1 downstream tasks scheduled from follow-on schedule check
[2026-02-13T04:57:01.645+0000] {local_task_job_runner.py:222} INFO - ::endgroup::
