[2026-02-13T04:11:48.214+0000] {local_task_job_runner.py:120} INFO - ::group::Pre task execution logs
[2026-02-13T04:11:48.407+0000] {taskinstance.py:2076} INFO - Dependencies all met for dep_context=non-requeueable deps ti=<TaskInstance: marketing_warehouse_pipeline.dbt_run manual__2026-02-13T04:11:39.813821+00:00 [queued]>
[2026-02-13T04:11:48.424+0000] {taskinstance.py:2076} INFO - Dependencies all met for dep_context=requeueable deps ti=<TaskInstance: marketing_warehouse_pipeline.dbt_run manual__2026-02-13T04:11:39.813821+00:00 [queued]>
[2026-02-13T04:11:48.425+0000] {taskinstance.py:2306} INFO - Starting attempt 1 of 3
[2026-02-13T04:11:48.480+0000] {taskinstance.py:2330} INFO - Executing <Task(BashOperator): dbt_run> on 2026-02-13 04:11:39.813821+00:00
[2026-02-13T04:11:48.497+0000] {standard_task_runner.py:90} INFO - Running: ['airflow', 'tasks', 'run', 'marketing_warehouse_pipeline', 'dbt_run', 'manual__2026-02-13T04:11:39.813821+00:00', '--job-id', '93', '--raw', '--subdir', 'DAGS_FOLDER/marketing_warehouse_pipeline.py', '--cfg-path', '/tmp/tmp84te1gl2']
[2026-02-13T04:11:48.500+0000] {standard_task_runner.py:91} INFO - Job 93: Subtask dbt_run
[2026-02-13T04:11:48.504+0000] {logging_mixin.py:188} WARNING - /home/airflow/.local/lib/python3.12/site-packages/airflow/task/task_runner/standard_task_runner.py:61 DeprecationWarning: This process (pid=1414) is multi-threaded, use of fork() may lead to deadlocks in the child.
[2026-02-13T04:11:48.510+0000] {standard_task_runner.py:63} INFO - Started process 1415 to run task
[2026-02-13T04:11:48.929+0000] {task_command.py:426} INFO - Running <TaskInstance: marketing_warehouse_pipeline.dbt_run manual__2026-02-13T04:11:39.813821+00:00 [running]> on host 7fe2c4f78d9e
[2026-02-13T04:11:49.498+0000] {taskinstance.py:2648} INFO - Exporting env vars: AIRFLOW_CTX_DAG_OWNER='data-engineering' AIRFLOW_CTX_DAG_ID='marketing_warehouse_pipeline' AIRFLOW_CTX_TASK_ID='dbt_run' AIRFLOW_CTX_EXECUTION_DATE='2026-02-13T04:11:39.813821+00:00' AIRFLOW_CTX_TRY_NUMBER='1' AIRFLOW_CTX_DAG_RUN_ID='manual__2026-02-13T04:11:39.813821+00:00'
[2026-02-13T04:11:49.499+0000] {taskinstance.py:430} INFO - ::endgroup::
[2026-02-13T04:11:49.518+0000] {subprocess.py:63} INFO - Tmp dir root location: /tmp
[2026-02-13T04:11:49.520+0000] {subprocess.py:75} INFO - Running command: ['/usr/bin/bash', '-c', '\n    cd /opt/airflow/dbt/campaignwarehouse &&\n    dbt run --profiles-dir /opt/airflow/dbt\n    ']
[2026-02-13T04:11:49.529+0000] {subprocess.py:86} INFO - Output:
[2026-02-13T04:11:52.495+0000] {subprocess.py:93} INFO - [0m04:11:52  Running with dbt=1.11.3
[2026-02-13T04:11:52.944+0000] {subprocess.py:93} INFO - [0m04:11:52  Registered adapter: postgres=1.10.0
[2026-02-13T04:11:53.694+0000] {subprocess.py:93} INFO - [0m04:11:53  [[33mWARNING[0m]: Configuration paths exist in your dbt_project.yml file which do not apply to any resources.
[2026-02-13T04:11:53.695+0000] {subprocess.py:93} INFO - There are 1 unused configuration paths:
[2026-02-13T04:11:53.695+0000] {subprocess.py:93} INFO - - models.campaignwarehouse.example
[2026-02-13T04:11:54.083+0000] {subprocess.py:93} INFO - [0m04:11:54  Found 8 models, 15 data tests, 3 sources, 464 macros
[2026-02-13T04:11:54.090+0000] {subprocess.py:93} INFO - [0m04:11:54
[2026-02-13T04:11:54.093+0000] {subprocess.py:93} INFO - [0m04:11:54  Concurrency: 4 threads (target='dev')
[2026-02-13T04:11:54.094+0000] {subprocess.py:93} INFO - [0m04:11:54
[2026-02-13T04:11:54.561+0000] {subprocess.py:93} INFO - [0m04:11:54  1 of 8 START sql view model public.int_ads_facebook ............................ [RUN]
[2026-02-13T04:11:54.563+0000] {subprocess.py:93} INFO - [0m04:11:54  2 of 8 START sql view model public.int_ads_google .............................. [RUN]
[2026-02-13T04:11:54.568+0000] {subprocess.py:93} INFO - [0m04:11:54  3 of 8 START sql view model public.int_crm_revenue ............................. [RUN]
[2026-02-13T04:11:55.081+0000] {subprocess.py:93} INFO - [0m04:11:55  1 of 8 OK created sql view model public.int_ads_facebook ....................... [[32mCREATE VIEW[0m in 0.50s]
[2026-02-13T04:11:55.092+0000] {subprocess.py:93} INFO - [0m04:11:55  3 of 8 OK created sql view model public.int_crm_revenue ........................ [[32mCREATE VIEW[0m in 0.51s]
[2026-02-13T04:11:55.094+0000] {subprocess.py:93} INFO - [0m04:11:55  2 of 8 OK created sql view model public.int_ads_google ......................... [[32mCREATE VIEW[0m in 0.51s]
[2026-02-13T04:11:55.111+0000] {subprocess.py:93} INFO - [0m04:11:55  4 of 8 START sql table model public.fct_revenue_attribution .................... [RUN]
[2026-02-13T04:11:55.113+0000] {subprocess.py:93} INFO - [0m04:11:55  5 of 8 START sql table model public.dim_campaign ............................... [RUN]
[2026-02-13T04:11:55.116+0000] {subprocess.py:93} INFO - [0m04:11:55  6 of 8 START sql table model public.dim_channel ................................ [RUN]
[2026-02-13T04:11:55.119+0000] {subprocess.py:93} INFO - [0m04:11:55  7 of 8 START sql table model public.dim_date ................................... [RUN]
[2026-02-13T04:11:55.891+0000] {subprocess.py:93} INFO - [0m04:11:55  7 of 8 OK created sql table model public.dim_date .............................. [[32mSELECT 15[0m in 0.74s]
[2026-02-13T04:11:55.904+0000] {subprocess.py:93} INFO - [0m04:11:55  6 of 8 OK created sql table model public.dim_channel ........................... [[32mSELECT 2[0m in 0.76s]
[2026-02-13T04:11:55.906+0000] {subprocess.py:93} INFO - [0m04:11:55  4 of 8 OK created sql table model public.fct_revenue_attribution ............... [[32mSELECT 69[0m in 0.77s]
[2026-02-13T04:11:55.909+0000] {subprocess.py:93} INFO - [0m04:11:55  5 of 8 OK created sql table model public.dim_campaign .......................... [[32mSELECT 6[0m in 0.77s]
[2026-02-13T04:11:55.921+0000] {subprocess.py:93} INFO - [0m04:11:55  8 of 8 START sql table model public.fct_campaign_performance ................... [RUN]
[2026-02-13T04:11:56.224+0000] {subprocess.py:93} INFO - [0m04:11:56  8 of 8 OK created sql table model public.fct_campaign_performance .............. [[32mSELECT 84[0m in 0.29s]
[2026-02-13T04:11:56.401+0000] {subprocess.py:93} INFO - [0m04:11:56
[2026-02-13T04:11:56.403+0000] {subprocess.py:93} INFO - [0m04:11:56  Finished running 5 table models, 3 view models in 0 hours 0 minutes and 2.31 seconds (2.31s).
[2026-02-13T04:11:56.527+0000] {subprocess.py:93} INFO - [0m04:11:56
[2026-02-13T04:11:56.529+0000] {subprocess.py:93} INFO - [0m04:11:56  [32mCompleted successfully[0m
[2026-02-13T04:11:56.531+0000] {subprocess.py:93} INFO - [0m04:11:56
[2026-02-13T04:11:56.533+0000] {subprocess.py:93} INFO - [0m04:11:56  Done. PASS=8 WARN=0 ERROR=0 SKIP=0 NO-OP=0 TOTAL=8
[2026-02-13T04:11:57.153+0000] {subprocess.py:97} INFO - Command exited with return code 0
[2026-02-13T04:11:57.154+0000] {taskinstance.py:441} INFO - ::group::Post task execution logs
[2026-02-13T04:11:57.373+0000] {taskinstance.py:1206} INFO - Marking task as SUCCESS. dag_id=marketing_warehouse_pipeline, task_id=dbt_run, run_id=manual__2026-02-13T04:11:39.813821+00:00, execution_date=20260213T041139, start_date=20260213T041148, end_date=20260213T041157
[2026-02-13T04:11:57.435+0000] {local_task_job_runner.py:240} INFO - Task exited with return code 0
[2026-02-13T04:11:57.564+0000] {taskinstance.py:3498} INFO - 1 downstream tasks scheduled from follow-on schedule check
[2026-02-13T04:11:57.570+0000] {local_task_job_runner.py:222} INFO - ::endgroup::
