[2026-02-11T19:42:45.876+0000] {local_task_job_runner.py:120} INFO - ::group::Pre task execution logs
[2026-02-11T19:42:46.003+0000] {taskinstance.py:2076} INFO - Dependencies all met for dep_context=non-requeueable deps ti=<TaskInstance: marketing_warehouse_pipeline.ingest_data manual__2026-02-11T18:58:03.732206+00:00 [queued]>
[2026-02-11T19:42:46.014+0000] {taskinstance.py:2076} INFO - Dependencies all met for dep_context=requeueable deps ti=<TaskInstance: marketing_warehouse_pipeline.ingest_data manual__2026-02-11T18:58:03.732206+00:00 [queued]>
[2026-02-11T19:42:46.014+0000] {taskinstance.py:2306} INFO - Starting attempt 1 of 3
[2026-02-11T19:42:46.034+0000] {taskinstance.py:2330} INFO - Executing <Task(BashOperator): ingest_data> on 2026-02-11 18:58:03.732206+00:00
[2026-02-11T19:42:46.043+0000] {standard_task_runner.py:90} INFO - Running: ['airflow', 'tasks', 'run', 'marketing_warehouse_pipeline', 'ingest_data', 'manual__2026-02-11T18:58:03.732206+00:00', '--job-id', '19', '--raw', '--subdir', 'DAGS_FOLDER/marketing_warehouse_pipeline.py', '--cfg-path', '/tmp/tmpev_n1jkh']
[2026-02-11T19:42:46.045+0000] {standard_task_runner.py:91} INFO - Job 19: Subtask ingest_data
[2026-02-11T19:42:46.047+0000] {logging_mixin.py:188} WARNING - /home/airflow/.local/lib/python3.12/site-packages/airflow/task/task_runner/standard_task_runner.py:61 DeprecationWarning: This process (pid=1484) is multi-threaded, use of fork() may lead to deadlocks in the child.
[2026-02-11T19:42:46.048+0000] {standard_task_runner.py:63} INFO - Started process 1485 to run task
[2026-02-11T19:42:46.360+0000] {task_command.py:426} INFO - Running <TaskInstance: marketing_warehouse_pipeline.ingest_data manual__2026-02-11T18:58:03.732206+00:00 [running]> on host 5c7efdc1cf0a
[2026-02-11T19:42:46.868+0000] {taskinstance.py:2648} INFO - Exporting env vars: AIRFLOW_CTX_DAG_OWNER='data-engineering' AIRFLOW_CTX_DAG_ID='marketing_warehouse_pipeline' AIRFLOW_CTX_TASK_ID='ingest_data' AIRFLOW_CTX_EXECUTION_DATE='2026-02-11T18:58:03.732206+00:00' AIRFLOW_CTX_TRY_NUMBER='1' AIRFLOW_CTX_DAG_RUN_ID='manual__2026-02-11T18:58:03.732206+00:00'
[2026-02-11T19:42:46.869+0000] {taskinstance.py:430} INFO - ::endgroup::
[2026-02-11T19:42:46.885+0000] {subprocess.py:63} INFO - Tmp dir root location: /tmp
[2026-02-11T19:42:46.887+0000] {subprocess.py:75} INFO - Running command: ['/usr/bin/bash', '-c', '\n        echo "Running ingestion scripts"\n        python /opt/airflow/ingestion/load_facebook.py &&\n        python /opt/airflow/ingestion/load_google.py &&\n        python /opt/airflow/ingestion/load_crm.py\n        ']
[2026-02-11T19:42:46.895+0000] {subprocess.py:86} INFO - Output:
[2026-02-11T19:42:46.896+0000] {subprocess.py:93} INFO - Running ingestion scripts
[2026-02-11T19:42:46.952+0000] {subprocess.py:93} INFO - python: can't open file '/opt/airflow/ingestion/load_facebook.py': [Errno 2] No such file or directory
[2026-02-11T19:42:46.956+0000] {subprocess.py:97} INFO - Command exited with return code 2
[2026-02-11T19:42:46.957+0000] {taskinstance.py:441} INFO - ::group::Post task execution logs
[2026-02-11T19:42:47.055+0000] {taskinstance.py:2905} ERROR - Task failed with exception
Traceback (most recent call last):
  File "/home/airflow/.local/lib/python3.12/site-packages/airflow/models/taskinstance.py", line 465, in _execute_task
    result = _execute_callable(context=context, **execute_callable_kwargs)
             ^^^^^^^^^^^^^^^^^^^^^^^^^^^^^^^^^^^^^^^^^^^^^^^^^^^^^^^^^^^^^
  File "/home/airflow/.local/lib/python3.12/site-packages/airflow/models/taskinstance.py", line 432, in _execute_callable
    return execute_callable(context=context, **execute_callable_kwargs)
           ^^^^^^^^^^^^^^^^^^^^^^^^^^^^^^^^^^^^^^^^^^^^^^^^^^^^^^^^^^^^
  File "/home/airflow/.local/lib/python3.12/site-packages/airflow/models/baseoperator.py", line 400, in wrapper
    return func(self, *args, **kwargs)
           ^^^^^^^^^^^^^^^^^^^^^^^^^^^
  File "/home/airflow/.local/lib/python3.12/site-packages/airflow/operators/bash.py", line 243, in execute
    raise AirflowException(
airflow.exceptions.AirflowException: Bash command failed. The command returned a non-zero exit code 2.
[2026-02-11T19:42:47.060+0000] {taskinstance.py:1206} INFO - Marking task as UP_FOR_RETRY. dag_id=marketing_warehouse_pipeline, task_id=ingest_data, run_id=manual__2026-02-11T18:58:03.732206+00:00, execution_date=20260211T185803, start_date=20260211T194246, end_date=20260211T194247
[2026-02-11T19:42:47.084+0000] {standard_task_runner.py:110} ERROR - Failed to execute job 19 for task ingest_data (Bash command failed. The command returned a non-zero exit code 2.; 1485)
[2026-02-11T19:42:47.105+0000] {local_task_job_runner.py:240} INFO - Task exited with return code 1
[2026-02-11T19:42:47.227+0000] {taskinstance.py:3498} INFO - 0 downstream tasks scheduled from follow-on schedule check
[2026-02-11T19:42:47.233+0000] {local_task_job_runner.py:222} INFO - ::endgroup::
