[2026-02-12T06:14:48.840+0000] {local_task_job_runner.py:120} INFO - ::group::Pre task execution logs
[2026-02-12T06:14:49.044+0000] {taskinstance.py:2076} INFO - Dependencies all met for dep_context=non-requeueable deps ti=<TaskInstance: marketing_warehouse_pipeline.ingest_facebook manual__2026-02-12T06:09:41.327042+00:00 [queued]>
[2026-02-12T06:14:49.062+0000] {taskinstance.py:2076} INFO - Dependencies all met for dep_context=requeueable deps ti=<TaskInstance: marketing_warehouse_pipeline.ingest_facebook manual__2026-02-12T06:09:41.327042+00:00 [queued]>
[2026-02-12T06:14:49.063+0000] {taskinstance.py:2306} INFO - Starting attempt 2 of 3
[2026-02-12T06:14:49.100+0000] {taskinstance.py:2330} INFO - Executing <Task(BashOperator): ingest_facebook> on 2026-02-12 06:09:41.327042+00:00
[2026-02-12T06:14:49.112+0000] {standard_task_runner.py:90} INFO - Running: ['airflow', 'tasks', 'run', 'marketing_warehouse_pipeline', 'ingest_facebook', 'manual__2026-02-12T06:09:41.327042+00:00', '--job-id', '68', '--raw', '--subdir', 'DAGS_FOLDER/marketing_warehouse_pipeline.py', '--cfg-path', '/tmp/tmpgrcb2zhg']
[2026-02-12T06:14:49.118+0000] {standard_task_runner.py:91} INFO - Job 68: Subtask ingest_facebook
[2026-02-12T06:14:49.125+0000] {logging_mixin.py:188} WARNING - /home/airflow/.local/lib/python3.12/site-packages/airflow/task/task_runner/standard_task_runner.py:61 DeprecationWarning: This process (pid=853) is multi-threaded, use of fork() may lead to deadlocks in the child.
[2026-02-12T06:14:49.126+0000] {standard_task_runner.py:63} INFO - Started process 855 to run task
[2026-02-12T06:14:49.605+0000] {task_command.py:426} INFO - Running <TaskInstance: marketing_warehouse_pipeline.ingest_facebook manual__2026-02-12T06:09:41.327042+00:00 [running]> on host 1fba4c36ee31
[2026-02-12T06:14:50.317+0000] {taskinstance.py:2648} INFO - Exporting env vars: AIRFLOW_CTX_DAG_OWNER='data-engineering' AIRFLOW_CTX_DAG_ID='marketing_warehouse_pipeline' AIRFLOW_CTX_TASK_ID='ingest_facebook' AIRFLOW_CTX_EXECUTION_DATE='2026-02-12T06:09:41.327042+00:00' AIRFLOW_CTX_TRY_NUMBER='2' AIRFLOW_CTX_DAG_RUN_ID='manual__2026-02-12T06:09:41.327042+00:00'
[2026-02-12T06:14:50.319+0000] {taskinstance.py:430} INFO - ::endgroup::
[2026-02-12T06:14:50.346+0000] {subprocess.py:63} INFO - Tmp dir root location: /tmp
[2026-02-12T06:14:50.348+0000] {subprocess.py:75} INFO - Running command: ['/usr/bin/bash', '-c', 'python /opt/airflow/ingestion/load_facebook.py']
[2026-02-12T06:14:50.360+0000] {subprocess.py:86} INFO - Output:
[2026-02-12T06:14:52.553+0000] {subprocess.py:93} INFO - Raw rows: 45
[2026-02-12T06:14:52.557+0000] {subprocess.py:93} INFO - Total: 45
[2026-02-12T06:14:52.559+0000] {subprocess.py:93} INFO - Rejected: 6
[2026-02-12T06:14:52.560+0000] {subprocess.py:93} INFO - Valid: 39
[2026-02-12T06:14:52.560+0000] {subprocess.py:93} INFO - Traceback (most recent call last):
[2026-02-12T06:14:52.561+0000] {subprocess.py:93} INFO -   File "/opt/airflow/ingestion/load_facebook.py", line 91, in <module>
[2026-02-12T06:14:52.562+0000] {subprocess.py:93} INFO -     load_facebook(df)
[2026-02-12T06:14:52.563+0000] {subprocess.py:93} INFO -   File "/opt/airflow/ingestion/load_facebook.py", line 80, in load_facebook
[2026-02-12T06:14:52.565+0000] {subprocess.py:93} INFO -     execute_batch(cur, insert_sql, rows)
[2026-02-12T06:14:52.566+0000] {subprocess.py:93} INFO -   File "/home/airflow/.local/lib/python3.12/site-packages/psycopg2/extras.py", line 1216, in execute_batch
[2026-02-12T06:14:52.567+0000] {subprocess.py:93} INFO -     cur.execute(b";".join(sqls))
[2026-02-12T06:14:52.568+0000] {subprocess.py:93} INFO - psycopg2.errors.InvalidColumnReference: there is no unique or exclusion constraint matching the ON CONFLICT specification
[2026-02-12T06:14:52.569+0000] {subprocess.py:93} INFO - 
[2026-02-12T06:14:52.667+0000] {subprocess.py:97} INFO - Command exited with return code 1
[2026-02-12T06:14:52.669+0000] {taskinstance.py:441} INFO - ::group::Post task execution logs
[2026-02-12T06:14:52.820+0000] {taskinstance.py:2905} ERROR - Task failed with exception
Traceback (most recent call last):
  File "/home/airflow/.local/lib/python3.12/site-packages/airflow/models/taskinstance.py", line 465, in _execute_task
    result = _execute_callable(context=context, **execute_callable_kwargs)
             ^^^^^^^^^^^^^^^^^^^^^^^^^^^^^^^^^^^^^^^^^^^^^^^^^^^^^^^^^^^^^
  File "/home/airflow/.local/lib/python3.12/site-packages/airflow/models/taskinstance.py", line 432, in _execute_callable
    return execute_callable(context=context, **execute_callable_kwargs)
           ^^^^^^^^^^^^^^^^^^^^^^^^^^^^^^^^^^^^^^^^^^^^^^^^^^^^^^^^^^^^
  File "/home/airflow/.local/lib/python3.12/site-packages/airflow/models/baseoperator.py", line 400, in wrapper
    return func(self, *args, **kwargs)
           ^^^^^^^^^^^^^^^^^^^^^^^^^^^
  File "/home/airflow/.local/lib/python3.12/site-packages/airflow/operators/bash.py", line 243, in execute
    raise AirflowException(
airflow.exceptions.AirflowException: Bash command failed. The command returned a non-zero exit code 1.
[2026-02-12T06:14:52.828+0000] {taskinstance.py:1206} INFO - Marking task as UP_FOR_RETRY. dag_id=marketing_warehouse_pipeline, task_id=ingest_facebook, run_id=manual__2026-02-12T06:09:41.327042+00:00, execution_date=20260212T060941, start_date=20260212T061449, end_date=20260212T061452
[2026-02-12T06:14:52.860+0000] {standard_task_runner.py:110} ERROR - Failed to execute job 68 for task ingest_facebook (Bash command failed. The command returned a non-zero exit code 1.; 855)
[2026-02-12T06:14:52.877+0000] {local_task_job_runner.py:240} INFO - Task exited with return code 1
[2026-02-12T06:14:53.034+0000] {local_task_job_runner.py:222} INFO - ::endgroup::
