[2026-02-12T06:19:53.737+0000] {local_task_job_runner.py:120} INFO - ::group::Pre task execution logs
[2026-02-12T06:19:53.905+0000] {taskinstance.py:2076} INFO - Dependencies all met for dep_context=non-requeueable deps ti=<TaskInstance: marketing_warehouse_pipeline.ingest_facebook manual__2026-02-12T06:09:41.327042+00:00 [queued]>
[2026-02-12T06:19:53.919+0000] {taskinstance.py:2076} INFO - Dependencies all met for dep_context=requeueable deps ti=<TaskInstance: marketing_warehouse_pipeline.ingest_facebook manual__2026-02-12T06:09:41.327042+00:00 [queued]>
[2026-02-12T06:19:53.920+0000] {taskinstance.py:2306} INFO - Starting attempt 3 of 3
[2026-02-12T06:19:53.946+0000] {taskinstance.py:2330} INFO - Executing <Task(BashOperator): ingest_facebook> on 2026-02-12 06:09:41.327042+00:00
[2026-02-12T06:19:53.956+0000] {standard_task_runner.py:90} INFO - Running: ['airflow', 'tasks', 'run', 'marketing_warehouse_pipeline', 'ingest_facebook', 'manual__2026-02-12T06:09:41.327042+00:00', '--job-id', '70', '--raw', '--subdir', 'DAGS_FOLDER/marketing_warehouse_pipeline.py', '--cfg-path', '/tmp/tmpo6oolknu']
[2026-02-12T06:19:53.960+0000] {standard_task_runner.py:91} INFO - Job 70: Subtask ingest_facebook
[2026-02-12T06:19:53.960+0000] {logging_mixin.py:188} WARNING - /home/airflow/.local/lib/python3.12/site-packages/airflow/task/task_runner/standard_task_runner.py:61 DeprecationWarning: This process (pid=924) is multi-threaded, use of fork() may lead to deadlocks in the child.
[2026-02-12T06:19:53.962+0000] {standard_task_runner.py:63} INFO - Started process 925 to run task
[2026-02-12T06:19:54.374+0000] {task_command.py:426} INFO - Running <TaskInstance: marketing_warehouse_pipeline.ingest_facebook manual__2026-02-12T06:09:41.327042+00:00 [running]> on host 1fba4c36ee31
[2026-02-12T06:19:55.046+0000] {taskinstance.py:2648} INFO - Exporting env vars: AIRFLOW_CTX_DAG_OWNER='data-engineering' AIRFLOW_CTX_DAG_ID='marketing_warehouse_pipeline' AIRFLOW_CTX_TASK_ID='ingest_facebook' AIRFLOW_CTX_EXECUTION_DATE='2026-02-12T06:09:41.327042+00:00' AIRFLOW_CTX_TRY_NUMBER='3' AIRFLOW_CTX_DAG_RUN_ID='manual__2026-02-12T06:09:41.327042+00:00'
[2026-02-12T06:19:55.048+0000] {taskinstance.py:430} INFO - ::endgroup::
[2026-02-12T06:19:55.072+0000] {subprocess.py:63} INFO - Tmp dir root location: /tmp
[2026-02-12T06:19:55.075+0000] {subprocess.py:75} INFO - Running command: ['/usr/bin/bash', '-c', 'python /opt/airflow/ingestion/load_facebook.py']
[2026-02-12T06:19:55.085+0000] {subprocess.py:86} INFO - Output:
[2026-02-12T06:19:56.494+0000] {subprocess.py:93} INFO - Raw rows: 45
[2026-02-12T06:19:56.495+0000] {subprocess.py:93} INFO - Total: 45
[2026-02-12T06:19:56.495+0000] {subprocess.py:93} INFO - Rejected: 6
[2026-02-12T06:19:56.496+0000] {subprocess.py:93} INFO - Valid: 39
[2026-02-12T06:19:56.496+0000] {subprocess.py:93} INFO - Inserted 39 facebook rows
[2026-02-12T06:19:56.572+0000] {subprocess.py:97} INFO - Command exited with return code 0
[2026-02-12T06:19:56.573+0000] {taskinstance.py:441} INFO - ::group::Post task execution logs
[2026-02-12T06:19:56.858+0000] {taskinstance.py:1206} INFO - Marking task as SUCCESS. dag_id=marketing_warehouse_pipeline, task_id=ingest_facebook, run_id=manual__2026-02-12T06:09:41.327042+00:00, execution_date=20260212T060941, start_date=20260212T061953, end_date=20260212T061956
[2026-02-12T06:19:56.911+0000] {local_task_job_runner.py:240} INFO - Task exited with return code 0
[2026-02-12T06:19:57.071+0000] {taskinstance.py:3498} INFO - 1 downstream tasks scheduled from follow-on schedule check
[2026-02-12T06:19:57.076+0000] {local_task_job_runner.py:222} INFO - ::endgroup::
