[2026-02-12T02:28:59.879+0000] {local_task_job_runner.py:120} INFO - ::group::Pre task execution logs
[2026-02-12T02:29:00.067+0000] {taskinstance.py:2076} INFO - Dependencies all met for dep_context=non-requeueable deps ti=<TaskInstance: marketing_warehouse_pipeline.ingest_facebook manual__2026-02-12T02:28:56.799823+00:00 [queued]>
[2026-02-12T02:29:00.082+0000] {taskinstance.py:2076} INFO - Dependencies all met for dep_context=requeueable deps ti=<TaskInstance: marketing_warehouse_pipeline.ingest_facebook manual__2026-02-12T02:28:56.799823+00:00 [queued]>
[2026-02-12T02:29:00.083+0000] {taskinstance.py:2306} INFO - Starting attempt 1 of 3
[2026-02-12T02:29:00.120+0000] {taskinstance.py:2330} INFO - Executing <Task(BashOperator): ingest_facebook> on 2026-02-12 02:28:56.799823+00:00
[2026-02-12T02:29:00.134+0000] {standard_task_runner.py:90} INFO - Running: ['airflow', 'tasks', 'run', 'marketing_warehouse_pipeline', 'ingest_facebook', 'manual__2026-02-12T02:28:56.799823+00:00', '--job-id', '24', '--raw', '--subdir', 'DAGS_FOLDER/marketing_warehouse_pipeline.py', '--cfg-path', '/tmp/tmp9vjz8wdf']
[2026-02-12T02:29:00.138+0000] {standard_task_runner.py:91} INFO - Job 24: Subtask ingest_facebook
[2026-02-12T02:29:00.142+0000] {logging_mixin.py:188} WARNING - /home/airflow/.local/lib/python3.12/site-packages/airflow/task/task_runner/standard_task_runner.py:61 DeprecationWarning: This process (pid=3888) is multi-threaded, use of fork() may lead to deadlocks in the child.
[2026-02-12T02:29:00.143+0000] {standard_task_runner.py:63} INFO - Started process 3890 to run task
[2026-02-12T02:29:00.579+0000] {task_command.py:426} INFO - Running <TaskInstance: marketing_warehouse_pipeline.ingest_facebook manual__2026-02-12T02:28:56.799823+00:00 [running]> on host 5c7efdc1cf0a
[2026-02-12T02:29:01.173+0000] {taskinstance.py:2648} INFO - Exporting env vars: AIRFLOW_CTX_DAG_OWNER='data-engineering' AIRFLOW_CTX_DAG_ID='marketing_warehouse_pipeline' AIRFLOW_CTX_TASK_ID='ingest_facebook' AIRFLOW_CTX_EXECUTION_DATE='2026-02-12T02:28:56.799823+00:00' AIRFLOW_CTX_TRY_NUMBER='1' AIRFLOW_CTX_DAG_RUN_ID='manual__2026-02-12T02:28:56.799823+00:00'
[2026-02-12T02:29:01.174+0000] {taskinstance.py:430} INFO - ::endgroup::
[2026-02-12T02:29:01.205+0000] {subprocess.py:63} INFO - Tmp dir root location: /tmp
[2026-02-12T02:29:01.206+0000] {subprocess.py:75} INFO - Running command: ['/usr/bin/bash', '-c', 'python /opt/airflow/ingestion/load_facebook.py']
[2026-02-12T02:29:01.218+0000] {subprocess.py:86} INFO - Output:
[2026-02-12T02:29:01.317+0000] {subprocess.py:93} INFO - python: can't open file '/opt/airflow/ingestion/load_facebook.py': [Errno 2] No such file or directory
[2026-02-12T02:29:01.323+0000] {subprocess.py:97} INFO - Command exited with return code 2
[2026-02-12T02:29:01.324+0000] {taskinstance.py:441} INFO - ::group::Post task execution logs
[2026-02-12T02:29:01.437+0000] {taskinstance.py:2905} ERROR - Task failed with exception
Traceback (most recent call last):
  File "/home/airflow/.local/lib/python3.12/site-packages/airflow/models/taskinstance.py", line 465, in _execute_task
    result = _execute_callable(context=context, **execute_callable_kwargs)
             ^^^^^^^^^^^^^^^^^^^^^^^^^^^^^^^^^^^^^^^^^^^^^^^^^^^^^^^^^^^^^
  File "/home/airflow/.local/lib/python3.12/site-packages/airflow/models/taskinstance.py", line 432, in _execute_callable
    return execute_callable(context=context, **execute_callable_kwargs)
           ^^^^^^^^^^^^^^^^^^^^^^^^^^^^^^^^^^^^^^^^^^^^^^^^^^^^^^^^^^^^
  File "/home/airflow/.local/lib/python3.12/site-packages/airflow/models/baseoperator.py", line 400, in wrapper
    return func(self, *args, **kwargs)
           ^^^^^^^^^^^^^^^^^^^^^^^^^^^
  File "/home/airflow/.local/lib/python3.12/site-packages/airflow/operators/bash.py", line 243, in execute
    raise AirflowException(
airflow.exceptions.AirflowException: Bash command failed. The command returned a non-zero exit code 2.
[2026-02-12T02:29:01.444+0000] {taskinstance.py:1206} INFO - Marking task as UP_FOR_RETRY. dag_id=marketing_warehouse_pipeline, task_id=ingest_facebook, run_id=manual__2026-02-12T02:28:56.799823+00:00, execution_date=20260212T022856, start_date=20260212T022900, end_date=20260212T022901
[2026-02-12T02:29:01.485+0000] {standard_task_runner.py:110} ERROR - Failed to execute job 24 for task ingest_facebook (Bash command failed. The command returned a non-zero exit code 2.; 3890)
[2026-02-12T02:29:01.522+0000] {local_task_job_runner.py:240} INFO - Task exited with return code 1
[2026-02-12T02:29:01.647+0000] {taskinstance.py:3498} INFO - 0 downstream tasks scheduled from follow-on schedule check
[2026-02-12T02:29:01.653+0000] {local_task_job_runner.py:222} INFO - ::endgroup::
