[2026-02-12T06:20:29.120+0000] {local_task_job_runner.py:120} INFO - ::group::Pre task execution logs
[2026-02-12T06:20:29.293+0000] {taskinstance.py:2076} INFO - Dependencies all met for dep_context=non-requeueable deps ti=<TaskInstance: marketing_warehouse_pipeline.dbt_run manual__2026-02-12T06:14:27.629947+00:00 [queued]>
[2026-02-12T06:20:29.307+0000] {taskinstance.py:2076} INFO - Dependencies all met for dep_context=requeueable deps ti=<TaskInstance: marketing_warehouse_pipeline.dbt_run manual__2026-02-12T06:14:27.629947+00:00 [queued]>
[2026-02-12T06:20:29.307+0000] {taskinstance.py:2306} INFO - Starting attempt 1 of 3
[2026-02-12T06:20:29.332+0000] {taskinstance.py:2330} INFO - Executing <Task(BashOperator): dbt_run> on 2026-02-12 06:14:27.629947+00:00
[2026-02-12T06:20:29.341+0000] {standard_task_runner.py:90} INFO - Running: ['airflow', 'tasks', 'run', 'marketing_warehouse_pipeline', 'dbt_run', 'manual__2026-02-12T06:14:27.629947+00:00', '--job-id', '76', '--raw', '--subdir', 'DAGS_FOLDER/marketing_warehouse_pipeline.py', '--cfg-path', '/tmp/tmpezfe_juk']
[2026-02-12T06:20:29.344+0000] {standard_task_runner.py:91} INFO - Job 76: Subtask dbt_run
[2026-02-12T06:20:29.346+0000] {logging_mixin.py:188} WARNING - /home/airflow/.local/lib/python3.12/site-packages/airflow/task/task_runner/standard_task_runner.py:61 DeprecationWarning: This process (pid=1002) is multi-threaded, use of fork() may lead to deadlocks in the child.
[2026-02-12T06:20:29.347+0000] {standard_task_runner.py:63} INFO - Started process 1003 to run task
[2026-02-12T06:20:29.754+0000] {task_command.py:426} INFO - Running <TaskInstance: marketing_warehouse_pipeline.dbt_run manual__2026-02-12T06:14:27.629947+00:00 [running]> on host 1fba4c36ee31
[2026-02-12T06:20:30.401+0000] {taskinstance.py:2648} INFO - Exporting env vars: AIRFLOW_CTX_DAG_OWNER='data-engineering' AIRFLOW_CTX_DAG_ID='marketing_warehouse_pipeline' AIRFLOW_CTX_TASK_ID='dbt_run' AIRFLOW_CTX_EXECUTION_DATE='2026-02-12T06:14:27.629947+00:00' AIRFLOW_CTX_TRY_NUMBER='1' AIRFLOW_CTX_DAG_RUN_ID='manual__2026-02-12T06:14:27.629947+00:00'
[2026-02-12T06:20:30.402+0000] {taskinstance.py:430} INFO - ::endgroup::
[2026-02-12T06:20:30.424+0000] {subprocess.py:63} INFO - Tmp dir root location: /tmp
[2026-02-12T06:20:30.425+0000] {subprocess.py:75} INFO - Running command: ['/usr/bin/bash', '-c', '\n    cd /opt/airflow/dbt/campaignwarehouse &&\n    dbt run --profiles-dir /opt/airflow/dbt\n    ']
[2026-02-12T06:20:30.435+0000] {subprocess.py:86} INFO - Output:
[2026-02-12T06:20:33.896+0000] {subprocess.py:93} INFO - [0m06:20:33  Running with dbt=1.11.3
[2026-02-12T06:20:34.388+0000] {subprocess.py:93} INFO - [0m06:20:34  Registered adapter: postgres=1.10.0
[2026-02-12T06:20:35.344+0000] {subprocess.py:93} INFO - [0m06:20:35  [[33mWARNING[0m]: Configuration paths exist in your dbt_project.yml file which do not apply to any resources.
[2026-02-12T06:20:35.345+0000] {subprocess.py:93} INFO - There are 1 unused configuration paths:
[2026-02-12T06:20:35.346+0000] {subprocess.py:93} INFO - - models.campaignwarehouse.example
[2026-02-12T06:20:35.737+0000] {subprocess.py:93} INFO - [0m06:20:35  Found 8 models, 15 data tests, 3 sources, 464 macros
[2026-02-12T06:20:35.744+0000] {subprocess.py:93} INFO - [0m06:20:35
[2026-02-12T06:20:35.746+0000] {subprocess.py:93} INFO - [0m06:20:35  Concurrency: 4 threads (target='dev')
[2026-02-12T06:20:35.748+0000] {subprocess.py:93} INFO - [0m06:20:35
[2026-02-12T06:20:36.310+0000] {subprocess.py:93} INFO - [0m06:20:36  1 of 8 START sql view model public.int_ads_facebook ............................ [RUN]
[2026-02-12T06:20:36.313+0000] {subprocess.py:93} INFO - [0m06:20:36  2 of 8 START sql view model public.int_ads_google .............................. [RUN]
[2026-02-12T06:20:36.316+0000] {subprocess.py:93} INFO - [0m06:20:36  3 of 8 START sql view model public.int_crm_revenue ............................. [RUN]
[2026-02-12T06:20:36.892+0000] {subprocess.py:93} INFO - [0m06:20:36  3 of 8 OK created sql view model public.int_crm_revenue ........................ [[32mCREATE VIEW[0m in 0.56s]
[2026-02-12T06:20:36.903+0000] {subprocess.py:93} INFO - [0m06:20:36  2 of 8 OK created sql view model public.int_ads_google ......................... [[32mCREATE VIEW[0m in 0.57s]
[2026-02-12T06:20:36.905+0000] {subprocess.py:93} INFO - [0m06:20:36  1 of 8 OK created sql view model public.int_ads_facebook ....................... [[32mCREATE VIEW[0m in 0.58s]
[2026-02-12T06:20:36.914+0000] {subprocess.py:93} INFO - [0m06:20:36  4 of 8 START sql table model public.fct_revenue_attribution .................... [RUN]
[2026-02-12T06:20:36.925+0000] {subprocess.py:93} INFO - [0m06:20:36  5 of 8 START sql table model public.dim_campaign ............................... [RUN]
[2026-02-12T06:20:36.928+0000] {subprocess.py:93} INFO - [0m06:20:36  6 of 8 START sql table model public.dim_channel ................................ [RUN]
[2026-02-12T06:20:36.930+0000] {subprocess.py:93} INFO - [0m06:20:36  7 of 8 START sql table model public.dim_date ................................... [RUN]
[2026-02-12T06:20:37.629+0000] {subprocess.py:93} INFO - [0m06:20:37  5 of 8 OK created sql table model public.dim_campaign .......................... [[32mSELECT 6[0m in 0.68s]
[2026-02-12T06:20:37.641+0000] {subprocess.py:93} INFO - [0m06:20:37  4 of 8 OK created sql table model public.fct_revenue_attribution ............... [[32mSELECT 53[0m in 0.71s]
[2026-02-12T06:20:37.644+0000] {subprocess.py:93} INFO - [0m06:20:37  6 of 8 OK created sql table model public.dim_channel ........................... [[32mSELECT 2[0m in 0.70s]
[2026-02-12T06:20:37.646+0000] {subprocess.py:93} INFO - [0m06:20:37  7 of 8 OK created sql table model public.dim_date .............................. [[32mSELECT 15[0m in 0.70s]
[2026-02-12T06:20:37.659+0000] {subprocess.py:93} INFO - [0m06:20:37  8 of 8 START sql table model public.fct_campaign_performance ................... [RUN]
[2026-02-12T06:20:37.983+0000] {subprocess.py:93} INFO - [0m06:20:37  8 of 8 OK created sql table model public.fct_campaign_performance .............. [[32mSELECT 84[0m in 0.31s]
[2026-02-12T06:20:38.146+0000] {subprocess.py:93} INFO - [0m06:20:38
[2026-02-12T06:20:38.149+0000] {subprocess.py:93} INFO - [0m06:20:38  Finished running 5 table models, 3 view models in 0 hours 0 minutes and 2.40 seconds (2.40s).
[2026-02-12T06:20:38.266+0000] {subprocess.py:93} INFO - [0m06:20:38
[2026-02-12T06:20:38.268+0000] {subprocess.py:93} INFO - [0m06:20:38  [32mCompleted successfully[0m
[2026-02-12T06:20:38.270+0000] {subprocess.py:93} INFO - [0m06:20:38
[2026-02-12T06:20:38.272+0000] {subprocess.py:93} INFO - [0m06:20:38  Done. PASS=8 WARN=0 ERROR=0 SKIP=0 NO-OP=0 TOTAL=8
[2026-02-12T06:20:38.756+0000] {subprocess.py:97} INFO - Command exited with return code 0
[2026-02-12T06:20:38.757+0000] {taskinstance.py:441} INFO - ::group::Post task execution logs
[2026-02-12T06:20:39.038+0000] {taskinstance.py:1206} INFO - Marking task as SUCCESS. dag_id=marketing_warehouse_pipeline, task_id=dbt_run, run_id=manual__2026-02-12T06:14:27.629947+00:00, execution_date=20260212T061427, start_date=20260212T062029, end_date=20260212T062039
[2026-02-12T06:20:39.108+0000] {local_task_job_runner.py:240} INFO - Task exited with return code 0
[2026-02-12T06:20:39.262+0000] {taskinstance.py:3498} INFO - 1 downstream tasks scheduled from follow-on schedule check
[2026-02-12T06:20:39.267+0000] {local_task_job_runner.py:222} INFO - ::endgroup::
