[2026-02-13T03:57:53.678+0000] {local_task_job_runner.py:120} INFO - ::group::Pre task execution logs
[2026-02-13T03:57:53.919+0000] {taskinstance.py:2076} INFO - Dependencies all met for dep_context=non-requeueable deps ti=<TaskInstance: marketing_warehouse_pipeline.ingest_crm manual__2026-02-13T03:57:49.761358+00:00 [queued]>
[2026-02-13T03:57:53.935+0000] {taskinstance.py:2076} INFO - Dependencies all met for dep_context=requeueable deps ti=<TaskInstance: marketing_warehouse_pipeline.ingest_crm manual__2026-02-13T03:57:49.761358+00:00 [queued]>
[2026-02-13T03:57:53.936+0000] {taskinstance.py:2306} INFO - Starting attempt 1 of 3
[2026-02-13T03:57:53.966+0000] {taskinstance.py:2330} INFO - Executing <Task(BashOperator): ingest_crm> on 2026-02-13 03:57:49.761358+00:00
[2026-02-13T03:57:53.995+0000] {standard_task_runner.py:90} INFO - Running: ['airflow', 'tasks', 'run', 'marketing_warehouse_pipeline', 'ingest_crm', 'manual__2026-02-13T03:57:49.761358+00:00', '--job-id', '87', '--raw', '--subdir', 'DAGS_FOLDER/marketing_warehouse_pipeline.py', '--cfg-path', '/tmp/tmpmsbta_8q']
[2026-02-13T03:57:54.001+0000] {standard_task_runner.py:91} INFO - Job 87: Subtask ingest_crm
[2026-02-13T03:57:54.011+0000] {logging_mixin.py:188} WARNING - /home/airflow/.local/lib/python3.12/site-packages/airflow/task/task_runner/standard_task_runner.py:61 DeprecationWarning: This process (pid=1179) is multi-threaded, use of fork() may lead to deadlocks in the child.
[2026-02-13T03:57:54.012+0000] {standard_task_runner.py:63} INFO - Started process 1187 to run task
[2026-02-13T03:57:54.395+0000] {task_command.py:426} INFO - Running <TaskInstance: marketing_warehouse_pipeline.ingest_crm manual__2026-02-13T03:57:49.761358+00:00 [running]> on host 7fe2c4f78d9e
[2026-02-13T03:57:55.077+0000] {taskinstance.py:2648} INFO - Exporting env vars: AIRFLOW_CTX_DAG_OWNER='data-engineering' AIRFLOW_CTX_DAG_ID='marketing_warehouse_pipeline' AIRFLOW_CTX_TASK_ID='ingest_crm' AIRFLOW_CTX_EXECUTION_DATE='2026-02-13T03:57:49.761358+00:00' AIRFLOW_CTX_TRY_NUMBER='1' AIRFLOW_CTX_DAG_RUN_ID='manual__2026-02-13T03:57:49.761358+00:00'
[2026-02-13T03:57:55.079+0000] {taskinstance.py:430} INFO - ::endgroup::
[2026-02-13T03:57:55.162+0000] {subprocess.py:63} INFO - Tmp dir root location: /tmp
[2026-02-13T03:57:55.164+0000] {subprocess.py:75} INFO - Running command: ['/usr/bin/bash', '-c', 'python /opt/airflow/ingestion/load_crm.py']
[2026-02-13T03:57:55.177+0000] {subprocess.py:86} INFO - Output:
[2026-02-13T03:58:01.047+0000] {subprocess.py:93} INFO - Structurally bad rows: 1
[2026-02-13T03:58:01.048+0000] {subprocess.py:93} INFO - Parsed rows: 84
[2026-02-13T03:58:01.049+0000] {subprocess.py:93} INFO - Rejected rows: 3
[2026-02-13T03:58:01.050+0000] {subprocess.py:93} INFO - Valid rows: 81
[2026-02-13T03:58:01.051+0000] {subprocess.py:93} INFO - Upserted 81 CRM rows
[2026-02-13T03:58:01.273+0000] {subprocess.py:97} INFO - Command exited with return code 0
[2026-02-13T03:58:01.276+0000] {taskinstance.py:441} INFO - ::group::Post task execution logs
[2026-02-13T03:58:01.678+0000] {taskinstance.py:1206} INFO - Marking task as SUCCESS. dag_id=marketing_warehouse_pipeline, task_id=ingest_crm, run_id=manual__2026-02-13T03:57:49.761358+00:00, execution_date=20260213T035749, start_date=20260213T035753, end_date=20260213T035801
[2026-02-13T03:58:01.744+0000] {local_task_job_runner.py:240} INFO - Task exited with return code 0
[2026-02-13T03:58:01.965+0000] {taskinstance.py:3498} INFO - 1 downstream tasks scheduled from follow-on schedule check
[2026-02-13T03:58:01.971+0000] {local_task_job_runner.py:222} INFO - ::endgroup::
