[2026-02-13T04:56:55.641+0000] {local_task_job_runner.py:120} INFO - ::group::Pre task execution logs
[2026-02-13T04:56:55.918+0000] {taskinstance.py:2076} INFO - Dependencies all met for dep_context=non-requeueable deps ti=<TaskInstance: marketing_warehouse_pipeline.ingest_google manual__2026-02-13T04:56:51.945837+00:00 [queued]>
[2026-02-13T04:56:55.939+0000] {taskinstance.py:2076} INFO - Dependencies all met for dep_context=requeueable deps ti=<TaskInstance: marketing_warehouse_pipeline.ingest_google manual__2026-02-13T04:56:51.945837+00:00 [queued]>
[2026-02-13T04:56:55.940+0000] {taskinstance.py:2306} INFO - Starting attempt 1 of 3
[2026-02-13T04:56:55.989+0000] {taskinstance.py:2330} INFO - Executing <Task(BashOperator): ingest_google> on 2026-02-13 04:56:51.945837+00:00
[2026-02-13T04:56:56.007+0000] {standard_task_runner.py:90} INFO - Running: ['airflow', 'tasks', 'run', 'marketing_warehouse_pipeline', 'ingest_google', 'manual__2026-02-13T04:56:51.945837+00:00', '--job-id', '95', '--raw', '--subdir', 'DAGS_FOLDER/marketing_warehouse_pipeline.py', '--cfg-path', '/tmp/tmp71v1vkd6']
[2026-02-13T04:56:56.016+0000] {standard_task_runner.py:91} INFO - Job 95: Subtask ingest_google
[2026-02-13T04:56:56.016+0000] {logging_mixin.py:188} WARNING - /home/airflow/.local/lib/python3.12/site-packages/airflow/task/task_runner/standard_task_runner.py:61 DeprecationWarning: This process (pid=1889) is multi-threaded, use of fork() may lead to deadlocks in the child.
[2026-02-13T04:56:56.017+0000] {standard_task_runner.py:63} INFO - Started process 1892 to run task
[2026-02-13T04:56:56.591+0000] {task_command.py:426} INFO - Running <TaskInstance: marketing_warehouse_pipeline.ingest_google manual__2026-02-13T04:56:51.945837+00:00 [running]> on host 7fe2c4f78d9e
[2026-02-13T04:56:57.503+0000] {taskinstance.py:2648} INFO - Exporting env vars: AIRFLOW_CTX_DAG_OWNER='data-engineering' AIRFLOW_CTX_DAG_ID='marketing_warehouse_pipeline' AIRFLOW_CTX_TASK_ID='ingest_google' AIRFLOW_CTX_EXECUTION_DATE='2026-02-13T04:56:51.945837+00:00' AIRFLOW_CTX_TRY_NUMBER='1' AIRFLOW_CTX_DAG_RUN_ID='manual__2026-02-13T04:56:51.945837+00:00'
[2026-02-13T04:56:57.507+0000] {taskinstance.py:430} INFO - ::endgroup::
[2026-02-13T04:56:57.559+0000] {subprocess.py:63} INFO - Tmp dir root location: /tmp
[2026-02-13T04:56:57.561+0000] {subprocess.py:75} INFO - Running command: ['/usr/bin/bash', '-c', 'python /opt/airflow/ingestion/load_google.py']
[2026-02-13T04:56:57.582+0000] {subprocess.py:86} INFO - Output:
[2026-02-13T04:57:00.551+0000] {subprocess.py:93} INFO - Total rows: 45
[2026-02-13T04:57:00.553+0000] {subprocess.py:93} INFO - Invalid rows: 0
[2026-02-13T04:57:00.554+0000] {subprocess.py:93} INFO - Valid rows: 45
[2026-02-13T04:57:00.556+0000] {subprocess.py:93} INFO - Inserted 45 google rows
[2026-02-13T04:57:00.730+0000] {subprocess.py:97} INFO - Command exited with return code 0
[2026-02-13T04:57:00.732+0000] {taskinstance.py:441} INFO - ::group::Post task execution logs
[2026-02-13T04:57:01.178+0000] {taskinstance.py:1206} INFO - Marking task as SUCCESS. dag_id=marketing_warehouse_pipeline, task_id=ingest_google, run_id=manual__2026-02-13T04:56:51.945837+00:00, execution_date=20260213T045651, start_date=20260213T045655, end_date=20260213T045701
[2026-02-13T04:57:01.418+0000] {local_task_job_runner.py:240} INFO - Task exited with return code 0
[2026-02-13T04:57:01.600+0000] {local_task_job_runner.py:222} INFO - ::endgroup::
